[0.033s] Invoking command in '/home/parth/Desktop/ros2_ws/src/build/custom_interfaces': CMAKE_PREFIX_PATH=${CMAKE_PREFIX_PATH}:/opt/ros/humble /usr/bin/cmake --build /home/parth/Desktop/ros2_ws/src/build/custom_interfaces -- -j16 -l16
[0.091s] [  3%] Built target custom_interfaces__cpp
[0.093s] [ 12%] Built target custom_interfaces__rosidl_generator_c
[0.113s] [ 12%] Built target ament_cmake_python_copy_custom_interfaces
[0.130s] [ 32%] Built target custom_interfaces__rosidl_typesupport_cpp
[0.130s] [ 32%] Built target custom_interfaces__rosidl_typesupport_fastrtps_cpp
[0.130s] [ 45%] Built target custom_interfaces__rosidl_typesupport_introspection_cpp
[0.130s] [ 51%] Built target custom_interfaces__rosidl_typesupport_introspection_c
[0.135s] [ 61%] Built target custom_interfaces__rosidl_typesupport_c
[0.140s] [ 70%] Built target custom_interfaces__rosidl_typesupport_fastrtps_c
[0.166s] [ 70%] Built target custom_interfaces
[0.201s] [ 74%] Built target custom_interfaces__py
[0.239s] [ 80%] Built target custom_interfaces__rosidl_generator_py
[0.265s] [100%] Built target custom_interfaces__rosidl_typesupport_c__pyext
[0.265s] [100%] Built target custom_interfaces__rosidl_typesupport_fastrtps_c__pyext
[0.265s] [100%] Built target custom_interfaces__rosidl_typesupport_introspection_c__pyext
[0.456s] running egg_info
[0.457s] writing custom_interfaces.egg-info/PKG-INFO
[0.457s] writing dependency_links to custom_interfaces.egg-info/dependency_links.txt
[0.457s] writing top-level names to custom_interfaces.egg-info/top_level.txt
[0.460s] reading manifest file 'custom_interfaces.egg-info/SOURCES.txt'
[0.461s] writing manifest file 'custom_interfaces.egg-info/SOURCES.txt'
[0.532s] [100%] Built target ament_cmake_python_build_custom_interfaces_egg
[0.545s] Invoked command in '/home/parth/Desktop/ros2_ws/src/build/custom_interfaces' returned '0': CMAKE_PREFIX_PATH=${CMAKE_PREFIX_PATH}:/opt/ros/humble /usr/bin/cmake --build /home/parth/Desktop/ros2_ws/src/build/custom_interfaces -- -j16 -l16
[0.610s] Invoking command in '/home/parth/Desktop/ros2_ws/src/build/custom_interfaces': CMAKE_PREFIX_PATH=${CMAKE_PREFIX_PATH}:/opt/ros/humble /usr/bin/cmake --install /home/parth/Desktop/ros2_ws/src/build/custom_interfaces
[0.618s] -- Install configuration: ""
[0.618s] -- Up-to-date: /home/parth/Desktop/ros2_ws/src/install/custom_interfaces/share/ament_index/resource_index/rosidl_interfaces/custom_interfaces
[0.618s] -- Up-to-date: /home/parth/Desktop/ros2_ws/src/install/custom_interfaces/include/custom_interfaces/custom_interfaces
[0.618s] -- Up-to-date: /home/parth/Desktop/ros2_ws/src/install/custom_interfaces/include/custom_interfaces/custom_interfaces/srv
[0.619s] -- Up-to-date: /home/parth/Desktop/ros2_ws/src/install/custom_interfaces/include/custom_interfaces/custom_interfaces/srv/find_joint_states.h
[0.619s] -- Up-to-date: /home/parth/Desktop/ros2_ws/src/install/custom_interfaces/include/custom_interfaces/custom_interfaces/srv/detail
[0.619s] -- Up-to-date: /home/parth/Desktop/ros2_ws/src/install/custom_interfaces/include/custom_interfaces/custom_interfaces/srv/detail/find_joint_states__functions.c
[0.619s] -- Up-to-date: /home/parth/Desktop/ros2_ws/src/install/custom_interfaces/include/custom_interfaces/custom_interfaces/srv/detail/find_joint_states__functions.h
[0.619s] -- Up-to-date: /home/parth/Desktop/ros2_ws/src/install/custom_interfaces/include/custom_interfaces/custom_interfaces/srv/detail/find_joint_states__struct.h
[0.619s] -- Up-to-date: /home/parth/Desktop/ros2_ws/src/install/custom_interfaces/include/custom_interfaces/custom_interfaces/srv/detail/find_joint_states__type_support.h
[0.619s] -- Up-to-date: /home/parth/Desktop/ros2_ws/src/install/custom_interfaces/include/custom_interfaces/custom_interfaces/msg
[0.619s] -- Up-to-date: /home/parth/Desktop/ros2_ws/src/install/custom_interfaces/include/custom_interfaces/custom_interfaces/msg/rosidl_generator_c__visibility_control.h
[0.619s] -- Up-to-date: /home/parth/Desktop/ros2_ws/src/install/custom_interfaces/share/custom_interfaces/environment/library_path.sh
[0.620s] -- Up-to-date: /home/parth/Desktop/ros2_ws/src/install/custom_interfaces/share/custom_interfaces/environment/library_path.dsv
[0.620s] -- Up-to-date: /home/parth/Desktop/ros2_ws/src/install/custom_interfaces/lib/libcustom_interfaces__rosidl_generator_c.so
[0.620s] -- Up-to-date: /home/parth/Desktop/ros2_ws/src/install/custom_interfaces/include/custom_interfaces/custom_interfaces
[0.620s] -- Up-to-date: /home/parth/Desktop/ros2_ws/src/install/custom_interfaces/include/custom_interfaces/custom_interfaces/srv
[0.620s] -- Up-to-date: /home/parth/Desktop/ros2_ws/src/install/custom_interfaces/include/custom_interfaces/custom_interfaces/srv/detail
[0.620s] -- Up-to-date: /home/parth/Desktop/ros2_ws/src/install/custom_interfaces/include/custom_interfaces/custom_interfaces/srv/detail/find_joint_states__rosidl_typesupport_fastrtps_c.h
[0.620s] -- Up-to-date: /home/parth/Desktop/ros2_ws/src/install/custom_interfaces/include/custom_interfaces/custom_interfaces/msg
[0.620s] -- Up-to-date: /home/parth/Desktop/ros2_ws/src/install/custom_interfaces/include/custom_interfaces/custom_interfaces/msg/rosidl_typesupport_fastrtps_c__visibility_control.h
[0.620s] -- Up-to-date: /home/parth/Desktop/ros2_ws/src/install/custom_interfaces/lib/libcustom_interfaces__rosidl_typesupport_fastrtps_c.so
[0.620s] -- Up-to-date: /home/parth/Desktop/ros2_ws/src/install/custom_interfaces/include/custom_interfaces/custom_interfaces
[0.620s] -- Up-to-date: /home/parth/Desktop/ros2_ws/src/install/custom_interfaces/include/custom_interfaces/custom_interfaces/srv
[0.620s] -- Up-to-date: /home/parth/Desktop/ros2_ws/src/install/custom_interfaces/include/custom_interfaces/custom_interfaces/srv/detail
[0.621s] -- Up-to-date: /home/parth/Desktop/ros2_ws/src/install/custom_interfaces/include/custom_interfaces/custom_interfaces/srv/detail/find_joint_states__type_support.c
[0.621s] -- Up-to-date: /home/parth/Desktop/ros2_ws/src/install/custom_interfaces/include/custom_interfaces/custom_interfaces/srv/detail/find_joint_states__rosidl_typesupport_introspection_c.h
[0.621s] -- Up-to-date: /home/parth/Desktop/ros2_ws/src/install/custom_interfaces/include/custom_interfaces/custom_interfaces/msg
[0.621s] -- Up-to-date: /home/parth/Desktop/ros2_ws/src/install/custom_interfaces/include/custom_interfaces/custom_interfaces/msg/rosidl_typesupport_introspection_c__visibility_control.h
[0.621s] -- Up-to-date: /home/parth/Desktop/ros2_ws/src/install/custom_interfaces/lib/libcustom_interfaces__rosidl_typesupport_introspection_c.so
[0.621s] -- Up-to-date: /home/parth/Desktop/ros2_ws/src/install/custom_interfaces/lib/libcustom_interfaces__rosidl_typesupport_c.so
[0.621s] -- Up-to-date: /home/parth/Desktop/ros2_ws/src/install/custom_interfaces/include/custom_interfaces/custom_interfaces
[0.621s] -- Up-to-date: /home/parth/Desktop/ros2_ws/src/install/custom_interfaces/include/custom_interfaces/custom_interfaces/srv
[0.621s] -- Up-to-date: /home/parth/Desktop/ros2_ws/src/install/custom_interfaces/include/custom_interfaces/custom_interfaces/srv/find_joint_states.hpp
[0.621s] -- Up-to-date: /home/parth/Desktop/ros2_ws/src/install/custom_interfaces/include/custom_interfaces/custom_interfaces/srv/detail
[0.621s] -- Up-to-date: /home/parth/Desktop/ros2_ws/src/install/custom_interfaces/include/custom_interfaces/custom_interfaces/srv/detail/find_joint_states__traits.hpp
[0.621s] -- Up-to-date: /home/parth/Desktop/ros2_ws/src/install/custom_interfaces/include/custom_interfaces/custom_interfaces/srv/detail/find_joint_states__builder.hpp
[0.622s] -- Up-to-date: /home/parth/Desktop/ros2_ws/src/install/custom_interfaces/include/custom_interfaces/custom_interfaces/srv/detail/find_joint_states__struct.hpp
[0.622s] -- Up-to-date: /home/parth/Desktop/ros2_ws/src/install/custom_interfaces/include/custom_interfaces/custom_interfaces
[0.622s] -- Up-to-date: /home/parth/Desktop/ros2_ws/src/install/custom_interfaces/include/custom_interfaces/custom_interfaces/srv
[0.622s] -- Up-to-date: /home/parth/Desktop/ros2_ws/src/install/custom_interfaces/include/custom_interfaces/custom_interfaces/srv/detail
[0.622s] -- Up-to-date: /home/parth/Desktop/ros2_ws/src/install/custom_interfaces/include/custom_interfaces/custom_interfaces/srv/detail/find_joint_states__rosidl_typesupport_fastrtps_cpp.hpp
[0.622s] -- Up-to-date: /home/parth/Desktop/ros2_ws/src/install/custom_interfaces/include/custom_interfaces/custom_interfaces/srv/detail/dds_fastrtps
[0.622s] -- Up-to-date: /home/parth/Desktop/ros2_ws/src/install/custom_interfaces/include/custom_interfaces/custom_interfaces/msg
[0.622s] -- Up-to-date: /home/parth/Desktop/ros2_ws/src/install/custom_interfaces/include/custom_interfaces/custom_interfaces/msg/rosidl_typesupport_fastrtps_cpp__visibility_control.h
[0.622s] -- Up-to-date: /home/parth/Desktop/ros2_ws/src/install/custom_interfaces/lib/libcustom_interfaces__rosidl_typesupport_fastrtps_cpp.so
[0.622s] -- Up-to-date: /home/parth/Desktop/ros2_ws/src/install/custom_interfaces/include/custom_interfaces/custom_interfaces
[0.622s] -- Up-to-date: /home/parth/Desktop/ros2_ws/src/install/custom_interfaces/include/custom_interfaces/custom_interfaces/srv
[0.622s] -- Up-to-date: /home/parth/Desktop/ros2_ws/src/install/custom_interfaces/include/custom_interfaces/custom_interfaces/srv/detail
[0.622s] -- Up-to-date: /home/parth/Desktop/ros2_ws/src/install/custom_interfaces/include/custom_interfaces/custom_interfaces/srv/detail/find_joint_states__type_support.cpp
[0.622s] -- Up-to-date: /home/parth/Desktop/ros2_ws/src/install/custom_interfaces/include/custom_interfaces/custom_interfaces/srv/detail/find_joint_states__rosidl_typesupport_introspection_cpp.hpp
[0.623s] -- Up-to-date: /home/parth/Desktop/ros2_ws/src/install/custom_interfaces/lib/libcustom_interfaces__rosidl_typesupport_introspection_cpp.so
[0.623s] -- Up-to-date: /home/parth/Desktop/ros2_ws/src/install/custom_interfaces/lib/libcustom_interfaces__rosidl_typesupport_cpp.so
[0.623s] -- Up-to-date: /home/parth/Desktop/ros2_ws/src/install/custom_interfaces/share/custom_interfaces/environment/pythonpath.sh
[0.623s] -- Up-to-date: /home/parth/Desktop/ros2_ws/src/install/custom_interfaces/share/custom_interfaces/environment/pythonpath.dsv
[0.623s] -- Up-to-date: /home/parth/Desktop/ros2_ws/src/install/custom_interfaces/local/lib/python3.10/dist-packages/custom_interfaces-0.0.0-py3.10.egg-info
[0.623s] -- Installing: /home/parth/Desktop/ros2_ws/src/install/custom_interfaces/local/lib/python3.10/dist-packages/custom_interfaces-0.0.0-py3.10.egg-info/SOURCES.txt
[0.623s] -- Installing: /home/parth/Desktop/ros2_ws/src/install/custom_interfaces/local/lib/python3.10/dist-packages/custom_interfaces-0.0.0-py3.10.egg-info/PKG-INFO
[0.623s] -- Installing: /home/parth/Desktop/ros2_ws/src/install/custom_interfaces/local/lib/python3.10/dist-packages/custom_interfaces-0.0.0-py3.10.egg-info/top_level.txt
[0.623s] -- Installing: /home/parth/Desktop/ros2_ws/src/install/custom_interfaces/local/lib/python3.10/dist-packages/custom_interfaces-0.0.0-py3.10.egg-info/dependency_links.txt
[0.623s] -- Up-to-date: /home/parth/Desktop/ros2_ws/src/install/custom_interfaces/local/lib/python3.10/dist-packages/custom_interfaces
[0.623s] -- Up-to-date: /home/parth/Desktop/ros2_ws/src/install/custom_interfaces/local/lib/python3.10/dist-packages/custom_interfaces/custom_interfaces_s__rosidl_typesupport_fastrtps_c.cpython-310-x86_64-linux-gnu.so
[0.623s] -- Up-to-date: /home/parth/Desktop/ros2_ws/src/install/custom_interfaces/local/lib/python3.10/dist-packages/custom_interfaces/custom_interfaces_s__rosidl_typesupport_c.cpython-310-x86_64-linux-gnu.so
[0.623s] -- Up-to-date: /home/parth/Desktop/ros2_ws/src/install/custom_interfaces/local/lib/python3.10/dist-packages/custom_interfaces/libcustom_interfaces__rosidl_generator_py.so
[0.624s] -- Up-to-date: /home/parth/Desktop/ros2_ws/src/install/custom_interfaces/local/lib/python3.10/dist-packages/custom_interfaces/custom_interfaces_s__rosidl_typesupport_introspection_c.cpython-310-x86_64-linux-gnu.so
[0.624s] -- Up-to-date: /home/parth/Desktop/ros2_ws/src/install/custom_interfaces/local/lib/python3.10/dist-packages/custom_interfaces/_custom_interfaces_s.ep.rosidl_typesupport_introspection_c.c
[0.624s] -- Up-to-date: /home/parth/Desktop/ros2_ws/src/install/custom_interfaces/local/lib/python3.10/dist-packages/custom_interfaces/_custom_interfaces_s.ep.rosidl_typesupport_fastrtps_c.c
[0.624s] -- Up-to-date: /home/parth/Desktop/ros2_ws/src/install/custom_interfaces/local/lib/python3.10/dist-packages/custom_interfaces/srv
[0.624s] -- Up-to-date: /home/parth/Desktop/ros2_ws/src/install/custom_interfaces/local/lib/python3.10/dist-packages/custom_interfaces/srv/_find_joint_states_s.c
[0.624s] -- Up-to-date: /home/parth/Desktop/ros2_ws/src/install/custom_interfaces/local/lib/python3.10/dist-packages/custom_interfaces/srv/__init__.py
[0.624s] -- Up-to-date: /home/parth/Desktop/ros2_ws/src/install/custom_interfaces/local/lib/python3.10/dist-packages/custom_interfaces/srv/_find_joint_states.py
[0.624s] -- Up-to-date: /home/parth/Desktop/ros2_ws/src/install/custom_interfaces/local/lib/python3.10/dist-packages/custom_interfaces/__init__.py
[0.624s] -- Up-to-date: /home/parth/Desktop/ros2_ws/src/install/custom_interfaces/local/lib/python3.10/dist-packages/custom_interfaces/_custom_interfaces_s.ep.rosidl_typesupport_c.c
[0.662s] Listing '/home/parth/Desktop/ros2_ws/src/install/custom_interfaces/local/lib/python3.10/dist-packages/custom_interfaces'...
[0.662s] Listing '/home/parth/Desktop/ros2_ws/src/install/custom_interfaces/local/lib/python3.10/dist-packages/custom_interfaces/srv'...
[0.679s] -- Up-to-date: /home/parth/Desktop/ros2_ws/src/install/custom_interfaces/local/lib/python3.10/dist-packages/custom_interfaces/custom_interfaces_s__rosidl_typesupport_fastrtps_c.cpython-310-x86_64-linux-gnu.so
[0.679s] -- Up-to-date: /home/parth/Desktop/ros2_ws/src/install/custom_interfaces/local/lib/python3.10/dist-packages/custom_interfaces/custom_interfaces_s__rosidl_typesupport_introspection_c.cpython-310-x86_64-linux-gnu.so
[0.679s] -- Up-to-date: /home/parth/Desktop/ros2_ws/src/install/custom_interfaces/local/lib/python3.10/dist-packages/custom_interfaces/custom_interfaces_s__rosidl_typesupport_c.cpython-310-x86_64-linux-gnu.so
[0.679s] -- Up-to-date: /home/parth/Desktop/ros2_ws/src/install/custom_interfaces/lib/libcustom_interfaces__rosidl_generator_py.so
[0.680s] -- Up-to-date: /home/parth/Desktop/ros2_ws/src/install/custom_interfaces/share/custom_interfaces/srv/FindJointStates.idl
[0.680s] -- Up-to-date: /home/parth/Desktop/ros2_ws/src/install/custom_interfaces/share/custom_interfaces/srv/FindJointStates.srv
[0.680s] -- Up-to-date: /home/parth/Desktop/ros2_ws/src/install/custom_interfaces/share/custom_interfaces/srv/FindJointStates_Request.msg
[0.680s] -- Up-to-date: /home/parth/Desktop/ros2_ws/src/install/custom_interfaces/share/custom_interfaces/srv/FindJointStates_Response.msg
[0.680s] -- Up-to-date: /home/parth/Desktop/ros2_ws/src/install/custom_interfaces/share/ament_index/resource_index/package_run_dependencies/custom_interfaces
[0.680s] -- Up-to-date: /home/parth/Desktop/ros2_ws/src/install/custom_interfaces/share/ament_index/resource_index/parent_prefix_path/custom_interfaces
[0.680s] -- Up-to-date: /home/parth/Desktop/ros2_ws/src/install/custom_interfaces/share/custom_interfaces/environment/ament_prefix_path.sh
[0.680s] -- Up-to-date: /home/parth/Desktop/ros2_ws/src/install/custom_interfaces/share/custom_interfaces/environment/ament_prefix_path.dsv
[0.681s] -- Up-to-date: /home/parth/Desktop/ros2_ws/src/install/custom_interfaces/share/custom_interfaces/environment/path.sh
[0.681s] -- Up-to-date: /home/parth/Desktop/ros2_ws/src/install/custom_interfaces/share/custom_interfaces/environment/path.dsv
[0.681s] -- Up-to-date: /home/parth/Desktop/ros2_ws/src/install/custom_interfaces/share/custom_interfaces/local_setup.bash
[0.681s] -- Up-to-date: /home/parth/Desktop/ros2_ws/src/install/custom_interfaces/share/custom_interfaces/local_setup.sh
[0.681s] -- Up-to-date: /home/parth/Desktop/ros2_ws/src/install/custom_interfaces/share/custom_interfaces/local_setup.zsh
[0.681s] -- Up-to-date: /home/parth/Desktop/ros2_ws/src/install/custom_interfaces/share/custom_interfaces/local_setup.dsv
[0.681s] -- Installing: /home/parth/Desktop/ros2_ws/src/install/custom_interfaces/share/custom_interfaces/package.dsv
[0.681s] -- Up-to-date: /home/parth/Desktop/ros2_ws/src/install/custom_interfaces/share/ament_index/resource_index/packages/custom_interfaces
[0.681s] -- Up-to-date: /home/parth/Desktop/ros2_ws/src/install/custom_interfaces/share/custom_interfaces/cmake/export_custom_interfaces__rosidl_generator_cExport.cmake
[0.681s] -- Up-to-date: /home/parth/Desktop/ros2_ws/src/install/custom_interfaces/share/custom_interfaces/cmake/export_custom_interfaces__rosidl_generator_cExport-noconfig.cmake
[0.681s] -- Up-to-date: /home/parth/Desktop/ros2_ws/src/install/custom_interfaces/share/custom_interfaces/cmake/export_custom_interfaces__rosidl_typesupport_fastrtps_cExport.cmake
[0.682s] -- Up-to-date: /home/parth/Desktop/ros2_ws/src/install/custom_interfaces/share/custom_interfaces/cmake/export_custom_interfaces__rosidl_typesupport_fastrtps_cExport-noconfig.cmake
[0.682s] -- Up-to-date: /home/parth/Desktop/ros2_ws/src/install/custom_interfaces/share/custom_interfaces/cmake/custom_interfaces__rosidl_typesupport_introspection_cExport.cmake
[0.682s] -- Up-to-date: /home/parth/Desktop/ros2_ws/src/install/custom_interfaces/share/custom_interfaces/cmake/custom_interfaces__rosidl_typesupport_introspection_cExport-noconfig.cmake
[0.682s] -- Up-to-date: /home/parth/Desktop/ros2_ws/src/install/custom_interfaces/share/custom_interfaces/cmake/custom_interfaces__rosidl_typesupport_cExport.cmake
[0.682s] -- Up-to-date: /home/parth/Desktop/ros2_ws/src/install/custom_interfaces/share/custom_interfaces/cmake/custom_interfaces__rosidl_typesupport_cExport-noconfig.cmake
[0.682s] -- Up-to-date: /home/parth/Desktop/ros2_ws/src/install/custom_interfaces/share/custom_interfaces/cmake/export_custom_interfaces__rosidl_generator_cppExport.cmake
[0.682s] -- Up-to-date: /home/parth/Desktop/ros2_ws/src/install/custom_interfaces/share/custom_interfaces/cmake/export_custom_interfaces__rosidl_typesupport_fastrtps_cppExport.cmake
[0.682s] -- Up-to-date: /home/parth/Desktop/ros2_ws/src/install/custom_interfaces/share/custom_interfaces/cmake/export_custom_interfaces__rosidl_typesupport_fastrtps_cppExport-noconfig.cmake
[0.682s] -- Up-to-date: /home/parth/Desktop/ros2_ws/src/install/custom_interfaces/share/custom_interfaces/cmake/custom_interfaces__rosidl_typesupport_introspection_cppExport.cmake
[0.682s] -- Up-to-date: /home/parth/Desktop/ros2_ws/src/install/custom_interfaces/share/custom_interfaces/cmake/custom_interfaces__rosidl_typesupport_introspection_cppExport-noconfig.cmake
[0.682s] -- Up-to-date: /home/parth/Desktop/ros2_ws/src/install/custom_interfaces/share/custom_interfaces/cmake/custom_interfaces__rosidl_typesupport_cppExport.cmake
[0.682s] -- Up-to-date: /home/parth/Desktop/ros2_ws/src/install/custom_interfaces/share/custom_interfaces/cmake/custom_interfaces__rosidl_typesupport_cppExport-noconfig.cmake
[0.682s] -- Up-to-date: /home/parth/Desktop/ros2_ws/src/install/custom_interfaces/share/custom_interfaces/cmake/export_custom_interfaces__rosidl_generator_pyExport.cmake
[0.682s] -- Up-to-date: /home/parth/Desktop/ros2_ws/src/install/custom_interfaces/share/custom_interfaces/cmake/export_custom_interfaces__rosidl_generator_pyExport-noconfig.cmake
[0.682s] -- Up-to-date: /home/parth/Desktop/ros2_ws/src/install/custom_interfaces/share/custom_interfaces/cmake/rosidl_cmake-extras.cmake
[0.682s] -- Up-to-date: /home/parth/Desktop/ros2_ws/src/install/custom_interfaces/share/custom_interfaces/cmake/ament_cmake_export_include_directories-extras.cmake
[0.683s] -- Up-to-date: /home/parth/Desktop/ros2_ws/src/install/custom_interfaces/share/custom_interfaces/cmake/ament_cmake_export_libraries-extras.cmake
[0.683s] -- Up-to-date: /home/parth/Desktop/ros2_ws/src/install/custom_interfaces/share/custom_interfaces/cmake/ament_cmake_export_targets-extras.cmake
[0.683s] -- Up-to-date: /home/parth/Desktop/ros2_ws/src/install/custom_interfaces/share/custom_interfaces/cmake/rosidl_cmake_export_typesupport_targets-extras.cmake
[0.683s] -- Up-to-date: /home/parth/Desktop/ros2_ws/src/install/custom_interfaces/share/custom_interfaces/cmake/ament_cmake_export_dependencies-extras.cmake
[0.683s] -- Up-to-date: /home/parth/Desktop/ros2_ws/src/install/custom_interfaces/share/custom_interfaces/cmake/rosidl_cmake_export_typesupport_libraries-extras.cmake
[0.683s] -- Up-to-date: /home/parth/Desktop/ros2_ws/src/install/custom_interfaces/share/custom_interfaces/cmake/custom_interfacesConfig.cmake
[0.683s] -- Up-to-date: /home/parth/Desktop/ros2_ws/src/install/custom_interfaces/share/custom_interfaces/cmake/custom_interfacesConfig-version.cmake
[0.683s] -- Up-to-date: /home/parth/Desktop/ros2_ws/src/install/custom_interfaces/share/custom_interfaces/package.xml
[0.687s] Invoked command in '/home/parth/Desktop/ros2_ws/src/build/custom_interfaces' returned '0': CMAKE_PREFIX_PATH=${CMAKE_PREFIX_PATH}:/opt/ros/humble /usr/bin/cmake --install /home/parth/Desktop/ros2_ws/src/build/custom_interfaces
