[0.034s] Invoking command in '/home/parth/Desktop/ros2_ws/src/build/rrbot_description': CMAKE_PREFIX_PATH=${CMAKE_PREFIX_PATH}:/opt/ros/humble /usr/bin/cmake --build /home/parth/Desktop/ros2_ws/src/build/rrbot_description -- -j16 -l16
[0.083s] Invoked command in '/home/parth/Desktop/ros2_ws/src/build/rrbot_description' returned '0': CMAKE_PREFIX_PATH=${CMAKE_PREFIX_PATH}:/opt/ros/humble /usr/bin/cmake --build /home/parth/Desktop/ros2_ws/src/build/rrbot_description -- -j16 -l16
[0.143s] Invoking command in '/home/parth/Desktop/ros2_ws/src/build/rrbot_description': CMAKE_PREFIX_PATH=${CMAKE_PREFIX_PATH}:/opt/ros/humble /usr/bin/cmake --install /home/parth/Desktop/ros2_ws/src/build/rrbot_description
[0.151s] -- Install configuration: ""
[0.151s] -- Up-to-date: /home/parth/Desktop/ros2_ws/src/install/rrbot_description/share/rrbot_description/config
[0.151s] -- Up-to-date: /home/parth/Desktop/ros2_ws/src/install/rrbot_description/share/rrbot_description/config/rrbot.rviz
[0.152s] -- Up-to-date: /home/parth/Desktop/ros2_ws/src/install/rrbot_description/share/rrbot_description/gazebo
[0.152s] -- Up-to-date: /home/parth/Desktop/ros2_ws/src/install/rrbot_description/share/rrbot_description/gazebo/rrbot.materials.xacro
[0.152s] -- Up-to-date: /home/parth/Desktop/ros2_ws/src/install/rrbot_description/share/rrbot_description/gazebo/rrbot.gazebo.xacro
[0.152s] -- Up-to-date: /home/parth/Desktop/ros2_ws/src/install/rrbot_description/share/rrbot_description/meshes
[0.152s] -- Up-to-date: /home/parth/Desktop/ros2_ws/src/install/rrbot_description/share/rrbot_description/meshes/hokuyo.dae
[0.152s] -- Up-to-date: /home/parth/Desktop/ros2_ws/src/install/rrbot_description/share/rrbot_description/launch
[0.152s] -- Up-to-date: /home/parth/Desktop/ros2_ws/src/install/rrbot_description/share/rrbot_description/launch/view_robot.launch.py
[0.152s] -- Up-to-date: /home/parth/Desktop/ros2_ws/src/install/rrbot_description/share/rrbot_description/ros2_control
[0.152s] -- Up-to-date: /home/parth/Desktop/ros2_ws/src/install/rrbot_description/share/rrbot_description/ros2_control/rrbot.ros2_control.xacro
[0.152s] -- Up-to-date: /home/parth/Desktop/ros2_ws/src/install/rrbot_description/share/rrbot_description/urdf
[0.152s] -- Up-to-date: /home/parth/Desktop/ros2_ws/src/install/rrbot_description/share/rrbot_description/urdf/rrbot.urdf.xacro
[0.152s] -- Up-to-date: /home/parth/Desktop/ros2_ws/src/install/rrbot_description/share/rrbot_description/urdf/rrbot_description.urdf.xacro
[0.152s] -- Up-to-date: /home/parth/Desktop/ros2_ws/src/install/rrbot_description/share/rrbot_description/environment/rrbot_description.dsv
[0.152s] -- Up-to-date: /home/parth/Desktop/ros2_ws/src/install/rrbot_description/share/ament_index/resource_index/package_run_dependencies/rrbot_description
[0.153s] -- Up-to-date: /home/parth/Desktop/ros2_ws/src/install/rrbot_description/share/ament_index/resource_index/parent_prefix_path/rrbot_description
[0.153s] -- Up-to-date: /home/parth/Desktop/ros2_ws/src/install/rrbot_description/share/rrbot_description/environment/ament_prefix_path.sh
[0.153s] -- Up-to-date: /home/parth/Desktop/ros2_ws/src/install/rrbot_description/share/rrbot_description/environment/ament_prefix_path.dsv
[0.153s] -- Up-to-date: /home/parth/Desktop/ros2_ws/src/install/rrbot_description/share/rrbot_description/environment/path.sh
[0.153s] -- Up-to-date: /home/parth/Desktop/ros2_ws/src/install/rrbot_description/share/rrbot_description/environment/path.dsv
[0.153s] -- Up-to-date: /home/parth/Desktop/ros2_ws/src/install/rrbot_description/share/rrbot_description/local_setup.bash
[0.153s] -- Up-to-date: /home/parth/Desktop/ros2_ws/src/install/rrbot_description/share/rrbot_description/local_setup.sh
[0.153s] -- Up-to-date: /home/parth/Desktop/ros2_ws/src/install/rrbot_description/share/rrbot_description/local_setup.zsh
[0.153s] -- Up-to-date: /home/parth/Desktop/ros2_ws/src/install/rrbot_description/share/rrbot_description/local_setup.dsv
[0.153s] -- Up-to-date: /home/parth/Desktop/ros2_ws/src/install/rrbot_description/share/rrbot_description/package.dsv
[0.153s] -- Up-to-date: /home/parth/Desktop/ros2_ws/src/install/rrbot_description/share/ament_index/resource_index/packages/rrbot_description
[0.153s] -- Up-to-date: /home/parth/Desktop/ros2_ws/src/install/rrbot_description/share/rrbot_description/cmake/rrbot_descriptionConfig.cmake
[0.153s] -- Up-to-date: /home/parth/Desktop/ros2_ws/src/install/rrbot_description/share/rrbot_description/cmake/rrbot_descriptionConfig-version.cmake
[0.154s] -- Up-to-date: /home/parth/Desktop/ros2_ws/src/install/rrbot_description/share/rrbot_description/package.xml
[0.156s] Invoked command in '/home/parth/Desktop/ros2_ws/src/build/rrbot_description' returned '0': CMAKE_PREFIX_PATH=${CMAKE_PREFIX_PATH}:/opt/ros/humble /usr/bin/cmake --install /home/parth/Desktop/ros2_ws/src/build/rrbot_description
