[0.021s] Invoking command in '/home/parth/Desktop/ros2_ws/src/build/custom_interfaces': CMAKE_PREFIX_PATH=${CMAKE_PREFIX_PATH}:/opt/ros/humble /usr/bin/cmake /home/parth/Desktop/ros2_ws/src/custom_interfaces -DCMAKE_INSTALL_PREFIX=/home/parth/Desktop/ros2_ws/src/install/custom_interfaces
[0.099s] -- The C compiler identification is GNU 11.3.0
[0.172s] -- The CXX compiler identification is GNU 11.3.0
[0.179s] -- Detecting C compiler ABI info
[0.265s] -- Detecting C compiler ABI info - done
[0.272s] -- Check for working C compiler: /usr/bin/cc - skipped
[0.272s] -- Detecting C compile features
[0.272s] -- Detecting C compile features - done
[0.275s] -- Detecting CXX compiler ABI info
[0.359s] -- Detecting CXX compiler ABI info - done
[0.367s] -- Check for working CXX compiler: /usr/bin/c++ - skipped
[0.367s] -- Detecting CXX compile features
[0.367s] -- Detecting CXX compile features - done
[0.370s] -- Found ament_cmake: 1.3.2 (/opt/ros/humble/share/ament_cmake/cmake)
[0.586s] -- Found Python3: /usr/bin/python3.10 (found version "3.10.6") found components: Interpreter 
[0.675s] -- Found rosidl_default_generators: 1.2.0 (/opt/ros/humble/share/rosidl_default_generators/cmake)
[0.678s] -- Using all available rosidl_typesupport_c: rosidl_typesupport_fastrtps_c;rosidl_typesupport_introspection_c
[0.684s] -- Found rosidl_adapter: 3.1.3 (/opt/ros/humble/share/rosidl_adapter/cmake)
[0.726s] -- Using all available rosidl_typesupport_cpp: rosidl_typesupport_fastrtps_cpp;rosidl_typesupport_introspection_cpp
[1.071s] -- Found ament_cmake_ros: 0.10.0 (/opt/ros/humble/share/ament_cmake_ros/cmake)
[1.270s] -- Using all available rosidl_typesupport_c: rosidl_typesupport_fastrtps_c;rosidl_typesupport_introspection_c
[1.554s] -- Using all available rosidl_typesupport_cpp: rosidl_typesupport_fastrtps_cpp;rosidl_typesupport_introspection_cpp
[1.577s] -- Found PythonInterp: /usr/bin/python3 (found suitable version "3.10.6", minimum required is "3.6") 
[1.578s] -- Found python_cmake_module: 0.10.0 (/opt/ros/humble/share/python_cmake_module/cmake)
[1.600s] -- Found PythonLibs: /usr/lib/x86_64-linux-gnu/libpython3.10.so (found suitable version "3.10.6", minimum required is "3.5") 
[1.600s] -- Using PYTHON_EXECUTABLE: /usr/bin/python3
[1.600s] -- Using PYTHON_INCLUDE_DIRS: /usr/include/python3.10
[1.600s] -- Using PYTHON_LIBRARIES: /usr/lib/x86_64-linux-gnu/libpython3.10.so
[1.630s] -- Found PythonExtra: .so  
[1.669s] -- Found ament_lint_auto: 0.12.4 (/opt/ros/humble/share/ament_lint_auto/cmake)
[1.687s] -- Added test 'lint_cmake' to check CMake code style
[1.688s] -- Added test 'xmllint' to check XML markup files
[1.690s] -- Configuring done
[1.716s] -- Generating done
[1.719s] -- Build files have been written to: /home/parth/Desktop/ros2_ws/src/build/custom_interfaces
[1.733s] Invoked command in '/home/parth/Desktop/ros2_ws/src/build/custom_interfaces' returned '0': CMAKE_PREFIX_PATH=${CMAKE_PREFIX_PATH}:/opt/ros/humble /usr/bin/cmake /home/parth/Desktop/ros2_ws/src/custom_interfaces -DCMAKE_INSTALL_PREFIX=/home/parth/Desktop/ros2_ws/src/install/custom_interfaces
[1.735s] Invoking command in '/home/parth/Desktop/ros2_ws/src/build/custom_interfaces': CMAKE_PREFIX_PATH=${CMAKE_PREFIX_PATH}:/opt/ros/humble /usr/bin/cmake --build /home/parth/Desktop/ros2_ws/src/build/custom_interfaces -- -j16 -l16
[1.776s] [  3%] [34m[1mGenerating C code for ROS interfaces[0m
[1.784s] [  6%] [34m[1mGenerating C++ code for ROS interfaces[0m
[1.791s] [  6%] Built target ament_cmake_python_copy_custom_interfaces
[2.080s] [  9%] [32mBuilding C object CMakeFiles/custom_interfaces__rosidl_generator_c.dir/rosidl_generator_c/custom_interfaces/srv/detail/find_joint_states__functions.c.o[0m
[2.081s] running egg_info
[2.082s] creating custom_interfaces.egg-info
[2.082s] writing custom_interfaces.egg-info/PKG-INFO
[2.082s] writing dependency_links to custom_interfaces.egg-info/dependency_links.txt
[2.082s] writing top-level names to custom_interfaces.egg-info/top_level.txt
[2.083s] writing manifest file 'custom_interfaces.egg-info/SOURCES.txt'
[2.085s] reading manifest file 'custom_interfaces.egg-info/SOURCES.txt'
[2.085s] writing manifest file 'custom_interfaces.egg-info/SOURCES.txt'
[2.128s] [  9%] Built target custom_interfaces__cpp
[2.141s] [ 19%] [34m[1mGenerating C++ type support for eProsima Fast-RTPS[0m
[2.141s] [ 19%] [34m[1mGenerating C++ type support dispatch for ROS interfaces[0m
[2.141s] [ 19%] [34m[1mGenerating C++ introspection for ROS interfaces[0m
[2.141s] [ 19%] Built target ament_cmake_python_build_custom_interfaces_egg
[2.152s] [ 22%] [32m[1mLinking C shared library libcustom_interfaces__rosidl_generator_c.so[0m
[2.201s] [ 22%] Built target custom_interfaces__rosidl_generator_c
[2.210s] [ 32%] [34m[1mGenerating C type support dispatch for ROS interfaces[0m
[2.210s] [ 32%] [34m[1mGenerating C introspection for ROS interfaces[0m
[2.210s] [ 32%] [34m[1mGenerating C type support for eProsima Fast-RTPS[0m
[2.501s] [ 35%] [32mBuilding CXX object CMakeFiles/custom_interfaces__rosidl_typesupport_fastrtps_cpp.dir/rosidl_typesupport_fastrtps_cpp/custom_interfaces/srv/detail/dds_fastrtps/find_joint_states__type_support.cpp.o[0m
[2.553s] [ 38%] [32mBuilding CXX object CMakeFiles/custom_interfaces__rosidl_typesupport_cpp.dir/rosidl_typesupport_cpp/custom_interfaces/srv/find_joint_states__type_support.cpp.o[0m
[2.567s] [ 41%] [32mBuilding CXX object CMakeFiles/custom_interfaces__rosidl_typesupport_c.dir/rosidl_typesupport_c/custom_interfaces/srv/find_joint_states__type_support.cpp.o[0m
[2.580s] [ 45%] [32mBuilding CXX object CMakeFiles/custom_interfaces__rosidl_typesupport_introspection_cpp.dir/rosidl_typesupport_introspection_cpp/custom_interfaces/srv/detail/find_joint_states__type_support.cpp.o[0m
[2.599s] [ 48%] [32mBuilding C object CMakeFiles/custom_interfaces__rosidl_typesupport_introspection_c.dir/rosidl_typesupport_introspection_c/custom_interfaces/srv/detail/find_joint_states__type_support.c.o[0m
[2.601s] [ 51%] [32mBuilding CXX object CMakeFiles/custom_interfaces__rosidl_typesupport_fastrtps_c.dir/rosidl_typesupport_fastrtps_c/custom_interfaces/srv/detail/find_joint_states__type_support_c.cpp.o[0m
[2.605s] [ 54%] [32m[1mLinking CXX shared library libcustom_interfaces__rosidl_typesupport_c.so[0m
[2.667s] [ 58%] [32m[1mLinking C shared library libcustom_interfaces__rosidl_typesupport_introspection_c.so[0m
[2.685s] [ 58%] Built target custom_interfaces__rosidl_typesupport_c
[2.715s] [ 58%] Built target custom_interfaces__rosidl_typesupport_introspection_c
[2.897s] [ 61%] [32m[1mLinking CXX shared library libcustom_interfaces__rosidl_typesupport_cpp.so[0m
[2.951s] [ 61%] Built target custom_interfaces__rosidl_typesupport_cpp
[3.033s] [ 64%] [32m[1mLinking CXX shared library libcustom_interfaces__rosidl_typesupport_fastrtps_cpp.so[0m
[3.051s] [ 67%] [32m[1mLinking CXX shared library libcustom_interfaces__rosidl_typesupport_fastrtps_c.so[0m
[3.066s] [ 70%] [32m[1mLinking CXX shared library libcustom_interfaces__rosidl_typesupport_introspection_cpp.so[0m
[3.116s] [ 70%] Built target custom_interfaces__rosidl_typesupport_introspection_cpp
[3.181s] [ 70%] Built target custom_interfaces__rosidl_typesupport_fastrtps_cpp
[3.198s] [ 70%] Built target custom_interfaces__rosidl_typesupport_fastrtps_c
[3.221s] [ 70%] Built target custom_interfaces
[3.241s] [ 74%] [34m[1mGenerating Python code for ROS interfaces[0m
[3.685s] [ 74%] Built target custom_interfaces__py
[3.706s] [ 77%] [32mBuilding C object CMakeFiles/custom_interfaces__rosidl_generator_py.dir/rosidl_generator_py/custom_interfaces/srv/_find_joint_states_s.c.o[0m
[3.818s] [ 80%] [32m[1mLinking C shared library rosidl_generator_py/custom_interfaces/libcustom_interfaces__rosidl_generator_py.so[0m
[3.855s] [ 80%] Built target custom_interfaces__rosidl_generator_py
[3.880s] [ 83%] [32mBuilding C object CMakeFiles/custom_interfaces__rosidl_typesupport_introspection_c__pyext.dir/rosidl_generator_py/custom_interfaces/_custom_interfaces_s.ep.rosidl_typesupport_introspection_c.c.o[0m
[3.880s] [ 87%] [32mBuilding C object CMakeFiles/custom_interfaces__rosidl_typesupport_c__pyext.dir/rosidl_generator_py/custom_interfaces/_custom_interfaces_s.ep.rosidl_typesupport_c.c.o[0m
[3.881s] [ 90%] [32mBuilding C object CMakeFiles/custom_interfaces__rosidl_typesupport_fastrtps_c__pyext.dir/rosidl_generator_py/custom_interfaces/_custom_interfaces_s.ep.rosidl_typesupport_fastrtps_c.c.o[0m
[3.979s] [ 93%] [32m[1mLinking C shared library rosidl_generator_py/custom_interfaces/custom_interfaces_s__rosidl_typesupport_introspection_c.cpython-310-x86_64-linux-gnu.so[0m
[3.985s] [ 96%] [32m[1mLinking C shared library rosidl_generator_py/custom_interfaces/custom_interfaces_s__rosidl_typesupport_fastrtps_c.cpython-310-x86_64-linux-gnu.so[0m
[3.993s] [100%] [32m[1mLinking C shared library rosidl_generator_py/custom_interfaces/custom_interfaces_s__rosidl_typesupport_c.cpython-310-x86_64-linux-gnu.so[0m
[4.012s] [100%] Built target custom_interfaces__rosidl_typesupport_introspection_c__pyext
[4.014s] [100%] Built target custom_interfaces__rosidl_typesupport_fastrtps_c__pyext
[4.021s] [100%] Built target custom_interfaces__rosidl_typesupport_c__pyext
[4.036s] Invoked command in '/home/parth/Desktop/ros2_ws/src/build/custom_interfaces' returned '0': CMAKE_PREFIX_PATH=${CMAKE_PREFIX_PATH}:/opt/ros/humble /usr/bin/cmake --build /home/parth/Desktop/ros2_ws/src/build/custom_interfaces -- -j16 -l16
[4.098s] Invoking command in '/home/parth/Desktop/ros2_ws/src/build/custom_interfaces': CMAKE_PREFIX_PATH=${CMAKE_PREFIX_PATH}:/opt/ros/humble /usr/bin/cmake --install /home/parth/Desktop/ros2_ws/src/build/custom_interfaces
[4.104s] -- Install configuration: ""
[4.104s] -- Installing: /home/parth/Desktop/ros2_ws/src/install/custom_interfaces/share/ament_index/resource_index/rosidl_interfaces/custom_interfaces
[4.104s] -- Installing: /home/parth/Desktop/ros2_ws/src/install/custom_interfaces/include/custom_interfaces/custom_interfaces
[4.104s] -- Installing: /home/parth/Desktop/ros2_ws/src/install/custom_interfaces/include/custom_interfaces/custom_interfaces/srv
[4.104s] -- Installing: /home/parth/Desktop/ros2_ws/src/install/custom_interfaces/include/custom_interfaces/custom_interfaces/srv/find_joint_states.h
[4.104s] -- Installing: /home/parth/Desktop/ros2_ws/src/install/custom_interfaces/include/custom_interfaces/custom_interfaces/srv/detail
[4.105s] -- Installing: /home/parth/Desktop/ros2_ws/src/install/custom_interfaces/include/custom_interfaces/custom_interfaces/srv/detail/find_joint_states__functions.c
[4.105s] -- Installing: /home/parth/Desktop/ros2_ws/src/install/custom_interfaces/include/custom_interfaces/custom_interfaces/srv/detail/find_joint_states__functions.h
[4.105s] -- Installing: /home/parth/Desktop/ros2_ws/src/install/custom_interfaces/include/custom_interfaces/custom_interfaces/srv/detail/find_joint_states__struct.h
[4.105s] -- Installing: /home/parth/Desktop/ros2_ws/src/install/custom_interfaces/include/custom_interfaces/custom_interfaces/srv/detail/find_joint_states__type_support.h
[4.105s] -- Installing: /home/parth/Desktop/ros2_ws/src/install/custom_interfaces/include/custom_interfaces/custom_interfaces/msg
[4.105s] -- Installing: /home/parth/Desktop/ros2_ws/src/install/custom_interfaces/include/custom_interfaces/custom_interfaces/msg/rosidl_generator_c__visibility_control.h
[4.105s] -- Installing: /home/parth/Desktop/ros2_ws/src/install/custom_interfaces/share/custom_interfaces/environment/library_path.sh
[4.105s] -- Installing: /home/parth/Desktop/ros2_ws/src/install/custom_interfaces/share/custom_interfaces/environment/library_path.dsv
[4.105s] -- Installing: /home/parth/Desktop/ros2_ws/src/install/custom_interfaces/lib/libcustom_interfaces__rosidl_generator_c.so
[4.105s] -- Set runtime path of "/home/parth/Desktop/ros2_ws/src/install/custom_interfaces/lib/libcustom_interfaces__rosidl_generator_c.so" to ""
[4.106s] -- Up-to-date: /home/parth/Desktop/ros2_ws/src/install/custom_interfaces/include/custom_interfaces/custom_interfaces
[4.106s] -- Up-to-date: /home/parth/Desktop/ros2_ws/src/install/custom_interfaces/include/custom_interfaces/custom_interfaces/srv
[4.106s] -- Up-to-date: /home/parth/Desktop/ros2_ws/src/install/custom_interfaces/include/custom_interfaces/custom_interfaces/srv/detail
[4.106s] -- Installing: /home/parth/Desktop/ros2_ws/src/install/custom_interfaces/include/custom_interfaces/custom_interfaces/srv/detail/find_joint_states__rosidl_typesupport_fastrtps_c.h
[4.106s] -- Up-to-date: /home/parth/Desktop/ros2_ws/src/install/custom_interfaces/include/custom_interfaces/custom_interfaces/msg
[4.106s] -- Installing: /home/parth/Desktop/ros2_ws/src/install/custom_interfaces/include/custom_interfaces/custom_interfaces/msg/rosidl_typesupport_fastrtps_c__visibility_control.h
[4.106s] -- Installing: /home/parth/Desktop/ros2_ws/src/install/custom_interfaces/lib/libcustom_interfaces__rosidl_typesupport_fastrtps_c.so
[4.106s] -- Set runtime path of "/home/parth/Desktop/ros2_ws/src/install/custom_interfaces/lib/libcustom_interfaces__rosidl_typesupport_fastrtps_c.so" to ""
[4.106s] -- Up-to-date: /home/parth/Desktop/ros2_ws/src/install/custom_interfaces/include/custom_interfaces/custom_interfaces
[4.106s] -- Up-to-date: /home/parth/Desktop/ros2_ws/src/install/custom_interfaces/include/custom_interfaces/custom_interfaces/srv
[4.106s] -- Up-to-date: /home/parth/Desktop/ros2_ws/src/install/custom_interfaces/include/custom_interfaces/custom_interfaces/srv/detail
[4.107s] -- Installing: /home/parth/Desktop/ros2_ws/src/install/custom_interfaces/include/custom_interfaces/custom_interfaces/srv/detail/find_joint_states__type_support.c
[4.107s] -- Installing: /home/parth/Desktop/ros2_ws/src/install/custom_interfaces/include/custom_interfaces/custom_interfaces/srv/detail/find_joint_states__rosidl_typesupport_introspection_c.h
[4.107s] -- Up-to-date: /home/parth/Desktop/ros2_ws/src/install/custom_interfaces/include/custom_interfaces/custom_interfaces/msg
[4.107s] -- Installing: /home/parth/Desktop/ros2_ws/src/install/custom_interfaces/include/custom_interfaces/custom_interfaces/msg/rosidl_typesupport_introspection_c__visibility_control.h
[4.107s] -- Installing: /home/parth/Desktop/ros2_ws/src/install/custom_interfaces/lib/libcustom_interfaces__rosidl_typesupport_introspection_c.so
[4.107s] -- Set runtime path of "/home/parth/Desktop/ros2_ws/src/install/custom_interfaces/lib/libcustom_interfaces__rosidl_typesupport_introspection_c.so" to ""
[4.107s] -- Installing: /home/parth/Desktop/ros2_ws/src/install/custom_interfaces/lib/libcustom_interfaces__rosidl_typesupport_c.so
[4.107s] -- Set runtime path of "/home/parth/Desktop/ros2_ws/src/install/custom_interfaces/lib/libcustom_interfaces__rosidl_typesupport_c.so" to ""
[4.107s] -- Up-to-date: /home/parth/Desktop/ros2_ws/src/install/custom_interfaces/include/custom_interfaces/custom_interfaces
[4.107s] -- Up-to-date: /home/parth/Desktop/ros2_ws/src/install/custom_interfaces/include/custom_interfaces/custom_interfaces/srv
[4.107s] -- Installing: /home/parth/Desktop/ros2_ws/src/install/custom_interfaces/include/custom_interfaces/custom_interfaces/srv/find_joint_states.hpp
[4.108s] -- Up-to-date: /home/parth/Desktop/ros2_ws/src/install/custom_interfaces/include/custom_interfaces/custom_interfaces/srv/detail
[4.108s] -- Installing: /home/parth/Desktop/ros2_ws/src/install/custom_interfaces/include/custom_interfaces/custom_interfaces/srv/detail/find_joint_states__traits.hpp
[4.108s] -- Installing: /home/parth/Desktop/ros2_ws/src/install/custom_interfaces/include/custom_interfaces/custom_interfaces/srv/detail/find_joint_states__builder.hpp
[4.108s] -- Installing: /home/parth/Desktop/ros2_ws/src/install/custom_interfaces/include/custom_interfaces/custom_interfaces/srv/detail/find_joint_states__struct.hpp
[4.108s] -- Up-to-date: /home/parth/Desktop/ros2_ws/src/install/custom_interfaces/include/custom_interfaces/custom_interfaces
[4.108s] -- Up-to-date: /home/parth/Desktop/ros2_ws/src/install/custom_interfaces/include/custom_interfaces/custom_interfaces/srv
[4.108s] -- Up-to-date: /home/parth/Desktop/ros2_ws/src/install/custom_interfaces/include/custom_interfaces/custom_interfaces/srv/detail
[4.108s] -- Installing: /home/parth/Desktop/ros2_ws/src/install/custom_interfaces/include/custom_interfaces/custom_interfaces/srv/detail/find_joint_states__rosidl_typesupport_fastrtps_cpp.hpp
[4.108s] -- Installing: /home/parth/Desktop/ros2_ws/src/install/custom_interfaces/include/custom_interfaces/custom_interfaces/srv/detail/dds_fastrtps
[4.108s] -- Up-to-date: /home/parth/Desktop/ros2_ws/src/install/custom_interfaces/include/custom_interfaces/custom_interfaces/msg
[4.108s] -- Installing: /home/parth/Desktop/ros2_ws/src/install/custom_interfaces/include/custom_interfaces/custom_interfaces/msg/rosidl_typesupport_fastrtps_cpp__visibility_control.h
[4.108s] -- Installing: /home/parth/Desktop/ros2_ws/src/install/custom_interfaces/lib/libcustom_interfaces__rosidl_typesupport_fastrtps_cpp.so
[4.108s] -- Set runtime path of "/home/parth/Desktop/ros2_ws/src/install/custom_interfaces/lib/libcustom_interfaces__rosidl_typesupport_fastrtps_cpp.so" to ""
[4.109s] -- Up-to-date: /home/parth/Desktop/ros2_ws/src/install/custom_interfaces/include/custom_interfaces/custom_interfaces
[4.109s] -- Up-to-date: /home/parth/Desktop/ros2_ws/src/install/custom_interfaces/include/custom_interfaces/custom_interfaces/srv
[4.109s] -- Up-to-date: /home/parth/Desktop/ros2_ws/src/install/custom_interfaces/include/custom_interfaces/custom_interfaces/srv/detail
[4.109s] -- Installing: /home/parth/Desktop/ros2_ws/src/install/custom_interfaces/include/custom_interfaces/custom_interfaces/srv/detail/find_joint_states__type_support.cpp
[4.109s] -- Installing: /home/parth/Desktop/ros2_ws/src/install/custom_interfaces/include/custom_interfaces/custom_interfaces/srv/detail/find_joint_states__rosidl_typesupport_introspection_cpp.hpp
[4.109s] -- Installing: /home/parth/Desktop/ros2_ws/src/install/custom_interfaces/lib/libcustom_interfaces__rosidl_typesupport_introspection_cpp.so
[4.109s] -- Set runtime path of "/home/parth/Desktop/ros2_ws/src/install/custom_interfaces/lib/libcustom_interfaces__rosidl_typesupport_introspection_cpp.so" to ""
[4.109s] -- Installing: /home/parth/Desktop/ros2_ws/src/install/custom_interfaces/lib/libcustom_interfaces__rosidl_typesupport_cpp.so
[4.109s] -- Set runtime path of "/home/parth/Desktop/ros2_ws/src/install/custom_interfaces/lib/libcustom_interfaces__rosidl_typesupport_cpp.so" to ""
[4.109s] -- Installing: /home/parth/Desktop/ros2_ws/src/install/custom_interfaces/share/custom_interfaces/environment/pythonpath.sh
[4.109s] -- Installing: /home/parth/Desktop/ros2_ws/src/install/custom_interfaces/share/custom_interfaces/environment/pythonpath.dsv
[4.109s] -- Installing: /home/parth/Desktop/ros2_ws/src/install/custom_interfaces/local/lib/python3.10/dist-packages/custom_interfaces-0.0.0-py3.10.egg-info
[4.110s] -- Installing: /home/parth/Desktop/ros2_ws/src/install/custom_interfaces/local/lib/python3.10/dist-packages/custom_interfaces-0.0.0-py3.10.egg-info/SOURCES.txt
[4.110s] -- Installing: /home/parth/Desktop/ros2_ws/src/install/custom_interfaces/local/lib/python3.10/dist-packages/custom_interfaces-0.0.0-py3.10.egg-info/PKG-INFO
[4.110s] -- Installing: /home/parth/Desktop/ros2_ws/src/install/custom_interfaces/local/lib/python3.10/dist-packages/custom_interfaces-0.0.0-py3.10.egg-info/top_level.txt
[4.110s] -- Installing: /home/parth/Desktop/ros2_ws/src/install/custom_interfaces/local/lib/python3.10/dist-packages/custom_interfaces-0.0.0-py3.10.egg-info/dependency_links.txt
[4.110s] -- Installing: /home/parth/Desktop/ros2_ws/src/install/custom_interfaces/local/lib/python3.10/dist-packages/custom_interfaces
[4.110s] -- Installing: /home/parth/Desktop/ros2_ws/src/install/custom_interfaces/local/lib/python3.10/dist-packages/custom_interfaces/custom_interfaces_s__rosidl_typesupport_fastrtps_c.cpython-310-x86_64-linux-gnu.so
[4.110s] -- Installing: /home/parth/Desktop/ros2_ws/src/install/custom_interfaces/local/lib/python3.10/dist-packages/custom_interfaces/custom_interfaces_s__rosidl_typesupport_c.cpython-310-x86_64-linux-gnu.so
[4.110s] -- Installing: /home/parth/Desktop/ros2_ws/src/install/custom_interfaces/local/lib/python3.10/dist-packages/custom_interfaces/libcustom_interfaces__rosidl_generator_py.so
[4.110s] -- Installing: /home/parth/Desktop/ros2_ws/src/install/custom_interfaces/local/lib/python3.10/dist-packages/custom_interfaces/custom_interfaces_s__rosidl_typesupport_introspection_c.cpython-310-x86_64-linux-gnu.so
[4.110s] -- Installing: /home/parth/Desktop/ros2_ws/src/install/custom_interfaces/local/lib/python3.10/dist-packages/custom_interfaces/_custom_interfaces_s.ep.rosidl_typesupport_introspection_c.c
[4.110s] -- Installing: /home/parth/Desktop/ros2_ws/src/install/custom_interfaces/local/lib/python3.10/dist-packages/custom_interfaces/_custom_interfaces_s.ep.rosidl_typesupport_fastrtps_c.c
[4.111s] -- Installing: /home/parth/Desktop/ros2_ws/src/install/custom_interfaces/local/lib/python3.10/dist-packages/custom_interfaces/srv
[4.111s] -- Installing: /home/parth/Desktop/ros2_ws/src/install/custom_interfaces/local/lib/python3.10/dist-packages/custom_interfaces/srv/_find_joint_states_s.c
[4.111s] -- Installing: /home/parth/Desktop/ros2_ws/src/install/custom_interfaces/local/lib/python3.10/dist-packages/custom_interfaces/srv/__init__.py
[4.111s] -- Installing: /home/parth/Desktop/ros2_ws/src/install/custom_interfaces/local/lib/python3.10/dist-packages/custom_interfaces/srv/_find_joint_states.py
[4.111s] -- Installing: /home/parth/Desktop/ros2_ws/src/install/custom_interfaces/local/lib/python3.10/dist-packages/custom_interfaces/__init__.py
[4.111s] -- Installing: /home/parth/Desktop/ros2_ws/src/install/custom_interfaces/local/lib/python3.10/dist-packages/custom_interfaces/_custom_interfaces_s.ep.rosidl_typesupport_c.c
[4.143s] Listing '/home/parth/Desktop/ros2_ws/src/install/custom_interfaces/local/lib/python3.10/dist-packages/custom_interfaces'...
[4.143s] Compiling '/home/parth/Desktop/ros2_ws/src/install/custom_interfaces/local/lib/python3.10/dist-packages/custom_interfaces/__init__.py'...
[4.143s] Listing '/home/parth/Desktop/ros2_ws/src/install/custom_interfaces/local/lib/python3.10/dist-packages/custom_interfaces/srv'...
[4.143s] Compiling '/home/parth/Desktop/ros2_ws/src/install/custom_interfaces/local/lib/python3.10/dist-packages/custom_interfaces/srv/__init__.py'...
[4.143s] Compiling '/home/parth/Desktop/ros2_ws/src/install/custom_interfaces/local/lib/python3.10/dist-packages/custom_interfaces/srv/_find_joint_states.py'...
[4.148s] -- Installing: /home/parth/Desktop/ros2_ws/src/install/custom_interfaces/local/lib/python3.10/dist-packages/custom_interfaces/custom_interfaces_s__rosidl_typesupport_fastrtps_c.cpython-310-x86_64-linux-gnu.so
[4.148s] -- Set runtime path of "/home/parth/Desktop/ros2_ws/src/install/custom_interfaces/local/lib/python3.10/dist-packages/custom_interfaces/custom_interfaces_s__rosidl_typesupport_fastrtps_c.cpython-310-x86_64-linux-gnu.so" to ""
[4.148s] -- Installing: /home/parth/Desktop/ros2_ws/src/install/custom_interfaces/local/lib/python3.10/dist-packages/custom_interfaces/custom_interfaces_s__rosidl_typesupport_introspection_c.cpython-310-x86_64-linux-gnu.so
[4.149s] -- Set runtime path of "/home/parth/Desktop/ros2_ws/src/install/custom_interfaces/local/lib/python3.10/dist-packages/custom_interfaces/custom_interfaces_s__rosidl_typesupport_introspection_c.cpython-310-x86_64-linux-gnu.so" to ""
[4.149s] -- Installing: /home/parth/Desktop/ros2_ws/src/install/custom_interfaces/local/lib/python3.10/dist-packages/custom_interfaces/custom_interfaces_s__rosidl_typesupport_c.cpython-310-x86_64-linux-gnu.so
[4.149s] -- Set runtime path of "/home/parth/Desktop/ros2_ws/src/install/custom_interfaces/local/lib/python3.10/dist-packages/custom_interfaces/custom_interfaces_s__rosidl_typesupport_c.cpython-310-x86_64-linux-gnu.so" to ""
[4.149s] -- Installing: /home/parth/Desktop/ros2_ws/src/install/custom_interfaces/lib/libcustom_interfaces__rosidl_generator_py.so
[4.149s] -- Set runtime path of "/home/parth/Desktop/ros2_ws/src/install/custom_interfaces/lib/libcustom_interfaces__rosidl_generator_py.so" to ""
[4.149s] -- Installing: /home/parth/Desktop/ros2_ws/src/install/custom_interfaces/share/custom_interfaces/srv/FindJointStates.idl
[4.149s] -- Installing: /home/parth/Desktop/ros2_ws/src/install/custom_interfaces/share/custom_interfaces/srv/FindJointStates.srv
[4.149s] -- Installing: /home/parth/Desktop/ros2_ws/src/install/custom_interfaces/share/custom_interfaces/srv/FindJointStates_Request.msg
[4.150s] -- Installing: /home/parth/Desktop/ros2_ws/src/install/custom_interfaces/share/custom_interfaces/srv/FindJointStates_Response.msg
[4.150s] -- Installing: /home/parth/Desktop/ros2_ws/src/install/custom_interfaces/share/ament_index/resource_index/package_run_dependencies/custom_interfaces
[4.150s] -- Installing: /home/parth/Desktop/ros2_ws/src/install/custom_interfaces/share/ament_index/resource_index/parent_prefix_path/custom_interfaces
[4.150s] -- Installing: /home/parth/Desktop/ros2_ws/src/install/custom_interfaces/share/custom_interfaces/environment/ament_prefix_path.sh
[4.150s] -- Installing: /home/parth/Desktop/ros2_ws/src/install/custom_interfaces/share/custom_interfaces/environment/ament_prefix_path.dsv
[4.150s] -- Installing: /home/parth/Desktop/ros2_ws/src/install/custom_interfaces/share/custom_interfaces/environment/path.sh
[4.150s] -- Installing: /home/parth/Desktop/ros2_ws/src/install/custom_interfaces/share/custom_interfaces/environment/path.dsv
[4.150s] -- Installing: /home/parth/Desktop/ros2_ws/src/install/custom_interfaces/share/custom_interfaces/local_setup.bash
[4.151s] -- Installing: /home/parth/Desktop/ros2_ws/src/install/custom_interfaces/share/custom_interfaces/local_setup.sh
[4.151s] -- Installing: /home/parth/Desktop/ros2_ws/src/install/custom_interfaces/share/custom_interfaces/local_setup.zsh
[4.151s] -- Installing: /home/parth/Desktop/ros2_ws/src/install/custom_interfaces/share/custom_interfaces/local_setup.dsv
[4.151s] -- Installing: /home/parth/Desktop/ros2_ws/src/install/custom_interfaces/share/custom_interfaces/package.dsv
[4.151s] -- Installing: /home/parth/Desktop/ros2_ws/src/install/custom_interfaces/share/ament_index/resource_index/packages/custom_interfaces
[4.151s] -- Installing: /home/parth/Desktop/ros2_ws/src/install/custom_interfaces/share/custom_interfaces/cmake/export_custom_interfaces__rosidl_generator_cExport.cmake
[4.152s] -- Installing: /home/parth/Desktop/ros2_ws/src/install/custom_interfaces/share/custom_interfaces/cmake/export_custom_interfaces__rosidl_generator_cExport-noconfig.cmake
[4.152s] -- Installing: /home/parth/Desktop/ros2_ws/src/install/custom_interfaces/share/custom_interfaces/cmake/export_custom_interfaces__rosidl_typesupport_fastrtps_cExport.cmake
[4.152s] -- Installing: /home/parth/Desktop/ros2_ws/src/install/custom_interfaces/share/custom_interfaces/cmake/export_custom_interfaces__rosidl_typesupport_fastrtps_cExport-noconfig.cmake
[4.152s] -- Installing: /home/parth/Desktop/ros2_ws/src/install/custom_interfaces/share/custom_interfaces/cmake/custom_interfaces__rosidl_typesupport_introspection_cExport.cmake
[4.152s] -- Installing: /home/parth/Desktop/ros2_ws/src/install/custom_interfaces/share/custom_interfaces/cmake/custom_interfaces__rosidl_typesupport_introspection_cExport-noconfig.cmake
[4.152s] -- Installing: /home/parth/Desktop/ros2_ws/src/install/custom_interfaces/share/custom_interfaces/cmake/custom_interfaces__rosidl_typesupport_cExport.cmake
[4.153s] -- Installing: /home/parth/Desktop/ros2_ws/src/install/custom_interfaces/share/custom_interfaces/cmake/custom_interfaces__rosidl_typesupport_cExport-noconfig.cmake
[4.153s] -- Installing: /home/parth/Desktop/ros2_ws/src/install/custom_interfaces/share/custom_interfaces/cmake/export_custom_interfaces__rosidl_generator_cppExport.cmake
[4.153s] -- Installing: /home/parth/Desktop/ros2_ws/src/install/custom_interfaces/share/custom_interfaces/cmake/export_custom_interfaces__rosidl_typesupport_fastrtps_cppExport.cmake
[4.153s] -- Installing: /home/parth/Desktop/ros2_ws/src/install/custom_interfaces/share/custom_interfaces/cmake/export_custom_interfaces__rosidl_typesupport_fastrtps_cppExport-noconfig.cmake
[4.153s] -- Installing: /home/parth/Desktop/ros2_ws/src/install/custom_interfaces/share/custom_interfaces/cmake/custom_interfaces__rosidl_typesupport_introspection_cppExport.cmake
[4.153s] -- Installing: /home/parth/Desktop/ros2_ws/src/install/custom_interfaces/share/custom_interfaces/cmake/custom_interfaces__rosidl_typesupport_introspection_cppExport-noconfig.cmake
[4.153s] -- Installing: /home/parth/Desktop/ros2_ws/src/install/custom_interfaces/share/custom_interfaces/cmake/custom_interfaces__rosidl_typesupport_cppExport.cmake
[4.154s] -- Installing: /home/parth/Desktop/ros2_ws/src/install/custom_interfaces/share/custom_interfaces/cmake/custom_interfaces__rosidl_typesupport_cppExport-noconfig.cmake
[4.154s] -- Installing: /home/parth/Desktop/ros2_ws/src/install/custom_interfaces/share/custom_interfaces/cmake/export_custom_interfaces__rosidl_generator_pyExport.cmake
[4.154s] -- Installing: /home/parth/Desktop/ros2_ws/src/install/custom_interfaces/share/custom_interfaces/cmake/export_custom_interfaces__rosidl_generator_pyExport-noconfig.cmake
[4.154s] -- Installing: /home/parth/Desktop/ros2_ws/src/install/custom_interfaces/share/custom_interfaces/cmake/rosidl_cmake-extras.cmake
[4.154s] -- Installing: /home/parth/Desktop/ros2_ws/src/install/custom_interfaces/share/custom_interfaces/cmake/ament_cmake_export_include_directories-extras.cmake
[4.154s] -- Installing: /home/parth/Desktop/ros2_ws/src/install/custom_interfaces/share/custom_interfaces/cmake/ament_cmake_export_libraries-extras.cmake
[4.154s] -- Installing: /home/parth/Desktop/ros2_ws/src/install/custom_interfaces/share/custom_interfaces/cmake/ament_cmake_export_targets-extras.cmake
[4.154s] -- Installing: /home/parth/Desktop/ros2_ws/src/install/custom_interfaces/share/custom_interfaces/cmake/rosidl_cmake_export_typesupport_targets-extras.cmake
[4.155s] -- Installing: /home/parth/Desktop/ros2_ws/src/install/custom_interfaces/share/custom_interfaces/cmake/ament_cmake_export_dependencies-extras.cmake
[4.155s] -- Installing: /home/parth/Desktop/ros2_ws/src/install/custom_interfaces/share/custom_interfaces/cmake/rosidl_cmake_export_typesupport_libraries-extras.cmake
[4.155s] -- Installing: /home/parth/Desktop/ros2_ws/src/install/custom_interfaces/share/custom_interfaces/cmake/custom_interfacesConfig.cmake
[4.155s] -- Installing: /home/parth/Desktop/ros2_ws/src/install/custom_interfaces/share/custom_interfaces/cmake/custom_interfacesConfig-version.cmake
[4.155s] -- Installing: /home/parth/Desktop/ros2_ws/src/install/custom_interfaces/share/custom_interfaces/package.xml
[4.167s] Invoked command in '/home/parth/Desktop/ros2_ws/src/build/custom_interfaces' returned '0': CMAKE_PREFIX_PATH=${CMAKE_PREFIX_PATH}:/opt/ros/humble /usr/bin/cmake --install /home/parth/Desktop/ros2_ws/src/build/custom_interfaces
