[0.008s] Invoking command in '/home/parth/Desktop/ros2_ws/build/rrbot_gazebo': AMENT_PREFIX_PATH=/home/parth/Desktop/ros2_ws/install/rrbot_description:${AMENT_PREFIX_PATH} CMAKE_PREFIX_PATH=/home/parth/Desktop/ros2_ws/install/rrbot_description:/opt/ros/humble /usr/bin/cmake --build /home/parth/Desktop/ros2_ws/build/rrbot_gazebo -- -j16 -l16
[0.049s] [35m[1mConsolidate compiler generated dependencies of target publisher[0m
[0.053s] [35m[1mConsolidate compiler generated dependencies of target switch[0m
[0.064s] [ 50%] Built target publisher
[0.073s] [100%] Built target switch
[0.082s] Invoked command in '/home/parth/Desktop/ros2_ws/build/rrbot_gazebo' returned '0': AMENT_PREFIX_PATH=/home/parth/Desktop/ros2_ws/install/rrbot_description:${AMENT_PREFIX_PATH} CMAKE_PREFIX_PATH=/home/parth/Desktop/ros2_ws/install/rrbot_description:/opt/ros/humble /usr/bin/cmake --build /home/parth/Desktop/ros2_ws/build/rrbot_gazebo -- -j16 -l16
[0.108s] Invoking command in '/home/parth/Desktop/ros2_ws/build/rrbot_gazebo': AMENT_PREFIX_PATH=/home/parth/Desktop/ros2_ws/install/rrbot_description:${AMENT_PREFIX_PATH} CMAKE_PREFIX_PATH=/home/parth/Desktop/ros2_ws/install/rrbot_description:/opt/ros/humble /usr/bin/cmake --install /home/parth/Desktop/ros2_ws/build/rrbot_gazebo
[0.113s] -- Install configuration: ""
[0.114s] -- Up-to-date: /home/parth/Desktop/ros2_ws/install/rrbot_gazebo/lib/rrbot_gazebo/publisher
[0.114s] -- Up-to-date: /home/parth/Desktop/ros2_ws/install/rrbot_gazebo/lib/rrbot_gazebo/switch
[0.114s] -- Up-to-date: /home/parth/Desktop/ros2_ws/install/rrbot_gazebo/share/rrbot_gazebo/launch
[0.114s] -- Up-to-date: /home/parth/Desktop/ros2_ws/install/rrbot_gazebo/share/rrbot_gazebo/launch/rrbot_world.launch.py
[0.114s] -- Up-to-date: /home/parth/Desktop/ros2_ws/install/rrbot_gazebo/share/rrbot_gazebo/worlds
[0.114s] -- Up-to-date: /home/parth/Desktop/ros2_ws/install/rrbot_gazebo/share/rrbot_gazebo/worlds/rrbot.world
[0.115s] -- Up-to-date: /home/parth/Desktop/ros2_ws/install/rrbot_gazebo/share/rrbot_gazebo/config
[0.115s] -- Up-to-date: /home/parth/Desktop/ros2_ws/install/rrbot_gazebo/share/rrbot_gazebo/config/gazebo_controllers.yaml
[0.115s] -- Up-to-date: /home/parth/Desktop/ros2_ws/install/rrbot_gazebo/share/rrbot_gazebo/config/controllers.yaml
[0.115s] -- Up-to-date: /home/parth/Desktop/ros2_ws/install/rrbot_gazebo/share/ament_index/resource_index/package_run_dependencies/rrbot_gazebo
[0.115s] -- Up-to-date: /home/parth/Desktop/ros2_ws/install/rrbot_gazebo/share/ament_index/resource_index/parent_prefix_path/rrbot_gazebo
[0.115s] -- Up-to-date: /home/parth/Desktop/ros2_ws/install/rrbot_gazebo/share/rrbot_gazebo/environment/ament_prefix_path.sh
[0.115s] -- Up-to-date: /home/parth/Desktop/ros2_ws/install/rrbot_gazebo/share/rrbot_gazebo/environment/ament_prefix_path.dsv
[0.115s] -- Up-to-date: /home/parth/Desktop/ros2_ws/install/rrbot_gazebo/share/rrbot_gazebo/environment/path.sh
[0.116s] -- Up-to-date: /home/parth/Desktop/ros2_ws/install/rrbot_gazebo/share/rrbot_gazebo/environment/path.dsv
[0.118s] -- Up-to-date: /home/parth/Desktop/ros2_ws/install/rrbot_gazebo/share/rrbot_gazebo/local_setup.bash
[0.118s] -- Up-to-date: /home/parth/Desktop/ros2_ws/install/rrbot_gazebo/share/rrbot_gazebo/local_setup.sh
[0.118s] -- Up-to-date: /home/parth/Desktop/ros2_ws/install/rrbot_gazebo/share/rrbot_gazebo/local_setup.zsh
[0.118s] -- Up-to-date: /home/parth/Desktop/ros2_ws/install/rrbot_gazebo/share/rrbot_gazebo/local_setup.dsv
[0.118s] -- Installing: /home/parth/Desktop/ros2_ws/install/rrbot_gazebo/share/rrbot_gazebo/package.dsv
[0.118s] -- Up-to-date: /home/parth/Desktop/ros2_ws/install/rrbot_gazebo/share/ament_index/resource_index/packages/rrbot_gazebo
[0.119s] -- Up-to-date: /home/parth/Desktop/ros2_ws/install/rrbot_gazebo/share/rrbot_gazebo/cmake/rrbot_gazeboConfig.cmake
[0.119s] -- Up-to-date: /home/parth/Desktop/ros2_ws/install/rrbot_gazebo/share/rrbot_gazebo/cmake/rrbot_gazeboConfig-version.cmake
[0.119s] -- Up-to-date: /home/parth/Desktop/ros2_ws/install/rrbot_gazebo/share/rrbot_gazebo/package.xml
[0.119s] Invoked command in '/home/parth/Desktop/ros2_ws/build/rrbot_gazebo' returned '0': AMENT_PREFIX_PATH=/home/parth/Desktop/ros2_ws/install/rrbot_description:${AMENT_PREFIX_PATH} CMAKE_PREFIX_PATH=/home/parth/Desktop/ros2_ws/install/rrbot_description:/opt/ros/humble /usr/bin/cmake --install /home/parth/Desktop/ros2_ws/build/rrbot_gazebo
