[0.209s] DEBUG:colcon:Command line arguments: ['/usr/bin/colcon', 'build']
[0.209s] DEBUG:colcon:Parsed command line arguments: Namespace(log_base=None, log_level=None, verb_name='build', build_base='build', install_base='install', merge_install=False, symlink_install=False, test_result_base=None, continue_on_error=False, executor='parallel', parallel_workers=16, event_handlers=None, ignore_user_meta=False, metas=['./colcon.meta'], base_paths=['.'], packages_ignore=None, packages_ignore_regex=None, paths=None, packages_up_to=None, packages_up_to_regex=None, packages_above=None, packages_above_and_dependencies=None, packages_above_depth=None, packages_select_by_dep=None, packages_skip_by_dep=None, packages_skip_up_to=None, packages_select_build_failed=False, packages_skip_build_finished=False, packages_select_test_failures=False, packages_skip_test_passed=False, packages_select=None, packages_skip=None, packages_select_regex=None, packages_skip_regex=None, packages_start=None, packages_end=None, allow_overriding=[], cmake_args=None, cmake_target=None, cmake_target_skip_unavailable=False, cmake_clean_cache=False, cmake_clean_first=False, cmake_force_configure=False, ament_cmake_args=None, catkin_cmake_args=None, catkin_skip_building_tests=False, verb_parser=<colcon_defaults.argument_parser.defaults.DefaultArgumentsDecorator object at 0x7f8a57abf6d0>, verb_extension=<colcon_core.verb.build.BuildVerb object at 0x7f8a57dfb640>, main=<bound method BuildVerb.main of <colcon_core.verb.build.BuildVerb object at 0x7f8a57dfb640>>)
[0.227s] Level 1:colcon.colcon_core.package_discovery:discover_packages(colcon_meta) check parameters
[0.227s] Level 1:colcon.colcon_core.package_discovery:discover_packages(recursive) check parameters
[0.227s] Level 1:colcon.colcon_core.package_discovery:discover_packages(ignore) check parameters
[0.227s] Level 1:colcon.colcon_core.package_discovery:discover_packages(path) check parameters
[0.227s] Level 1:colcon.colcon_core.package_discovery:discover_packages(colcon_meta) discover
[0.227s] Level 1:colcon.colcon_core.package_discovery:discover_packages(recursive) discover
[0.227s] INFO:colcon.colcon_core.package_discovery:Crawling recursively for packages in '/home/parth/Desktop/ros2_ws'
[0.227s] Level 1:colcon.colcon_core.package_identification:_identify(.) by extensions ['ignore', 'ignore_ament_install']
[0.227s] Level 1:colcon.colcon_core.package_identification:_identify(.) by extension 'ignore'
[0.227s] Level 1:colcon.colcon_core.package_identification:_identify(.) by extension 'ignore_ament_install'
[0.227s] Level 1:colcon.colcon_core.package_identification:_identify(.) by extensions ['colcon_pkg']
[0.227s] Level 1:colcon.colcon_core.package_identification:_identify(.) by extension 'colcon_pkg'
[0.227s] Level 1:colcon.colcon_core.package_identification:_identify(.) by extensions ['colcon_meta']
[0.227s] Level 1:colcon.colcon_core.package_identification:_identify(.) by extension 'colcon_meta'
[0.227s] Level 1:colcon.colcon_core.package_identification:_identify(.) by extensions ['ros']
[0.227s] Level 1:colcon.colcon_core.package_identification:_identify(.) by extension 'ros'
[0.244s] Level 1:colcon.colcon_core.package_identification:_identify(.) by extensions ['cmake', 'python']
[0.244s] Level 1:colcon.colcon_core.package_identification:_identify(.) by extension 'cmake'
[0.244s] Level 1:colcon.colcon_core.package_identification:_identify(.) by extension 'python'
[0.244s] Level 1:colcon.colcon_core.package_identification:_identify(.) by extensions ['python_setup_py']
[0.244s] Level 1:colcon.colcon_core.package_identification:_identify(.) by extension 'python_setup_py'
[0.244s] Level 1:colcon.colcon_core.package_identification:_identify(Resources) by extensions ['ignore', 'ignore_ament_install']
[0.245s] Level 1:colcon.colcon_core.package_identification:_identify(Resources) by extension 'ignore'
[0.245s] Level 1:colcon.colcon_core.package_identification:_identify(Resources) by extension 'ignore_ament_install'
[0.245s] Level 1:colcon.colcon_core.package_identification:_identify(Resources) by extensions ['colcon_pkg']
[0.245s] Level 1:colcon.colcon_core.package_identification:_identify(Resources) by extension 'colcon_pkg'
[0.245s] Level 1:colcon.colcon_core.package_identification:_identify(Resources) by extensions ['colcon_meta']
[0.245s] Level 1:colcon.colcon_core.package_identification:_identify(Resources) by extension 'colcon_meta'
[0.245s] Level 1:colcon.colcon_core.package_identification:_identify(Resources) by extensions ['ros']
[0.245s] Level 1:colcon.colcon_core.package_identification:_identify(Resources) by extension 'ros'
[0.245s] Level 1:colcon.colcon_core.package_identification:_identify(Resources) by extensions ['cmake', 'python']
[0.245s] Level 1:colcon.colcon_core.package_identification:_identify(Resources) by extension 'cmake'
[0.245s] Level 1:colcon.colcon_core.package_identification:_identify(Resources) by extension 'python'
[0.245s] Level 1:colcon.colcon_core.package_identification:_identify(Resources) by extensions ['python_setup_py']
[0.245s] Level 1:colcon.colcon_core.package_identification:_identify(Resources) by extension 'python_setup_py'
[0.245s] Level 1:colcon.colcon_core.package_identification:_identify(Resources/Group Project 1) by extensions ['ignore', 'ignore_ament_install']
[0.245s] Level 1:colcon.colcon_core.package_identification:_identify(Resources/Group Project 1) by extension 'ignore'
[0.245s] Level 1:colcon.colcon_core.package_identification:_identify(Resources/Group Project 1) by extension 'ignore_ament_install'
[0.245s] Level 1:colcon.colcon_core.package_identification:_identify(Resources/Group Project 1) by extensions ['colcon_pkg']
[0.245s] Level 1:colcon.colcon_core.package_identification:_identify(Resources/Group Project 1) by extension 'colcon_pkg'
[0.245s] Level 1:colcon.colcon_core.package_identification:_identify(Resources/Group Project 1) by extensions ['colcon_meta']
[0.245s] Level 1:colcon.colcon_core.package_identification:_identify(Resources/Group Project 1) by extension 'colcon_meta'
[0.245s] Level 1:colcon.colcon_core.package_identification:_identify(Resources/Group Project 1) by extensions ['ros']
[0.245s] Level 1:colcon.colcon_core.package_identification:_identify(Resources/Group Project 1) by extension 'ros'
[0.245s] Level 1:colcon.colcon_core.package_identification:_identify(Resources/Group Project 1) by extensions ['cmake', 'python']
[0.245s] Level 1:colcon.colcon_core.package_identification:_identify(Resources/Group Project 1) by extension 'cmake'
[0.245s] Level 1:colcon.colcon_core.package_identification:_identify(Resources/Group Project 1) by extension 'python'
[0.245s] Level 1:colcon.colcon_core.package_identification:_identify(Resources/Group Project 1) by extensions ['python_setup_py']
[0.245s] Level 1:colcon.colcon_core.package_identification:_identify(Resources/Group Project 1) by extension 'python_setup_py'
[0.246s] Level 1:colcon.colcon_core.package_identification:_identify(Resources/Logos) by extensions ['ignore', 'ignore_ament_install']
[0.246s] Level 1:colcon.colcon_core.package_identification:_identify(Resources/Logos) by extension 'ignore'
[0.246s] Level 1:colcon.colcon_core.package_identification:_identify(Resources/Logos) by extension 'ignore_ament_install'
[0.246s] Level 1:colcon.colcon_core.package_identification:_identify(Resources/Logos) by extensions ['colcon_pkg']
[0.246s] Level 1:colcon.colcon_core.package_identification:_identify(Resources/Logos) by extension 'colcon_pkg'
[0.246s] Level 1:colcon.colcon_core.package_identification:_identify(Resources/Logos) by extensions ['colcon_meta']
[0.246s] Level 1:colcon.colcon_core.package_identification:_identify(Resources/Logos) by extension 'colcon_meta'
[0.246s] Level 1:colcon.colcon_core.package_identification:_identify(Resources/Logos) by extensions ['ros']
[0.246s] Level 1:colcon.colcon_core.package_identification:_identify(Resources/Logos) by extension 'ros'
[0.246s] Level 1:colcon.colcon_core.package_identification:_identify(Resources/Logos) by extensions ['cmake', 'python']
[0.246s] Level 1:colcon.colcon_core.package_identification:_identify(Resources/Logos) by extension 'cmake'
[0.246s] Level 1:colcon.colcon_core.package_identification:_identify(Resources/Logos) by extension 'python'
[0.246s] Level 1:colcon.colcon_core.package_identification:_identify(Resources/Logos) by extensions ['python_setup_py']
[0.246s] Level 1:colcon.colcon_core.package_identification:_identify(Resources/Logos) by extension 'python_setup_py'
[0.246s] Level 1:colcon.colcon_core.package_identification:_identify(Resources/Social Media Logo) by extensions ['ignore', 'ignore_ament_install']
[0.246s] Level 1:colcon.colcon_core.package_identification:_identify(Resources/Social Media Logo) by extension 'ignore'
[0.246s] Level 1:colcon.colcon_core.package_identification:_identify(Resources/Social Media Logo) by extension 'ignore_ament_install'
[0.246s] Level 1:colcon.colcon_core.package_identification:_identify(Resources/Social Media Logo) by extensions ['colcon_pkg']
[0.246s] Level 1:colcon.colcon_core.package_identification:_identify(Resources/Social Media Logo) by extension 'colcon_pkg'
[0.246s] Level 1:colcon.colcon_core.package_identification:_identify(Resources/Social Media Logo) by extensions ['colcon_meta']
[0.246s] Level 1:colcon.colcon_core.package_identification:_identify(Resources/Social Media Logo) by extension 'colcon_meta'
[0.246s] Level 1:colcon.colcon_core.package_identification:_identify(Resources/Social Media Logo) by extensions ['ros']
[0.246s] Level 1:colcon.colcon_core.package_identification:_identify(Resources/Social Media Logo) by extension 'ros'
[0.246s] Level 1:colcon.colcon_core.package_identification:_identify(Resources/Social Media Logo) by extensions ['cmake', 'python']
[0.246s] Level 1:colcon.colcon_core.package_identification:_identify(Resources/Social Media Logo) by extension 'cmake'
[0.246s] Level 1:colcon.colcon_core.package_identification:_identify(Resources/Social Media Logo) by extension 'python'
[0.246s] Level 1:colcon.colcon_core.package_identification:_identify(Resources/Social Media Logo) by extensions ['python_setup_py']
[0.247s] Level 1:colcon.colcon_core.package_identification:_identify(Resources/Social Media Logo) by extension 'python_setup_py'
[0.247s] Level 1:colcon.colcon_core.package_identification:_identify(Submissions) by extensions ['ignore', 'ignore_ament_install']
[0.247s] Level 1:colcon.colcon_core.package_identification:_identify(Submissions) by extension 'ignore'
[0.247s] Level 1:colcon.colcon_core.package_identification:_identify(Submissions) by extension 'ignore_ament_install'
[0.247s] Level 1:colcon.colcon_core.package_identification:_identify(Submissions) by extensions ['colcon_pkg']
[0.247s] Level 1:colcon.colcon_core.package_identification:_identify(Submissions) by extension 'colcon_pkg'
[0.247s] Level 1:colcon.colcon_core.package_identification:_identify(Submissions) by extensions ['colcon_meta']
[0.247s] Level 1:colcon.colcon_core.package_identification:_identify(Submissions) by extension 'colcon_meta'
[0.247s] Level 1:colcon.colcon_core.package_identification:_identify(Submissions) by extensions ['ros']
[0.247s] Level 1:colcon.colcon_core.package_identification:_identify(Submissions) by extension 'ros'
[0.247s] Level 1:colcon.colcon_core.package_identification:_identify(Submissions) by extensions ['cmake', 'python']
[0.247s] Level 1:colcon.colcon_core.package_identification:_identify(Submissions) by extension 'cmake'
[0.247s] Level 1:colcon.colcon_core.package_identification:_identify(Submissions) by extension 'python'
[0.247s] Level 1:colcon.colcon_core.package_identification:_identify(Submissions) by extensions ['python_setup_py']
[0.247s] Level 1:colcon.colcon_core.package_identification:_identify(Submissions) by extension 'python_setup_py'
[0.247s] Level 1:colcon.colcon_core.package_identification:_identify(build) by extensions ['ignore', 'ignore_ament_install']
[0.247s] Level 1:colcon.colcon_core.package_identification:_identify(build) by extension 'ignore'
[0.247s] Level 1:colcon.colcon_core.package_identification:_identify(build) ignored
[0.247s] Level 1:colcon.colcon_core.package_identification:_identify(install) by extensions ['ignore', 'ignore_ament_install']
[0.247s] Level 1:colcon.colcon_core.package_identification:_identify(install) by extension 'ignore'
[0.247s] Level 1:colcon.colcon_core.package_identification:_identify(install) ignored
[0.247s] Level 1:colcon.colcon_core.package_identification:_identify(log) by extensions ['ignore', 'ignore_ament_install']
[0.247s] Level 1:colcon.colcon_core.package_identification:_identify(log) by extension 'ignore'
[0.247s] Level 1:colcon.colcon_core.package_identification:_identify(log) ignored
[0.248s] Level 1:colcon.colcon_core.package_identification:_identify(src) by extensions ['ignore', 'ignore_ament_install']
[0.248s] Level 1:colcon.colcon_core.package_identification:_identify(src) by extension 'ignore'
[0.248s] Level 1:colcon.colcon_core.package_identification:_identify(src) by extension 'ignore_ament_install'
[0.248s] Level 1:colcon.colcon_core.package_identification:_identify(src) by extensions ['colcon_pkg']
[0.248s] Level 1:colcon.colcon_core.package_identification:_identify(src) by extension 'colcon_pkg'
[0.248s] Level 1:colcon.colcon_core.package_identification:_identify(src) by extensions ['colcon_meta']
[0.248s] Level 1:colcon.colcon_core.package_identification:_identify(src) by extension 'colcon_meta'
[0.248s] Level 1:colcon.colcon_core.package_identification:_identify(src) by extensions ['ros']
[0.248s] Level 1:colcon.colcon_core.package_identification:_identify(src) by extension 'ros'
[0.248s] Level 1:colcon.colcon_core.package_identification:_identify(src) by extensions ['cmake', 'python']
[0.248s] Level 1:colcon.colcon_core.package_identification:_identify(src) by extension 'cmake'
[0.248s] Level 1:colcon.colcon_core.package_identification:_identify(src) by extension 'python'
[0.248s] Level 1:colcon.colcon_core.package_identification:_identify(src) by extensions ['python_setup_py']
[0.248s] Level 1:colcon.colcon_core.package_identification:_identify(src) by extension 'python_setup_py'
[0.248s] Level 1:colcon.colcon_core.package_identification:_identify(src/rrbot_simulation_files) by extensions ['ignore', 'ignore_ament_install']
[0.248s] Level 1:colcon.colcon_core.package_identification:_identify(src/rrbot_simulation_files) by extension 'ignore'
[0.248s] Level 1:colcon.colcon_core.package_identification:_identify(src/rrbot_simulation_files) by extension 'ignore_ament_install'
[0.248s] Level 1:colcon.colcon_core.package_identification:_identify(src/rrbot_simulation_files) by extensions ['colcon_pkg']
[0.248s] Level 1:colcon.colcon_core.package_identification:_identify(src/rrbot_simulation_files) by extension 'colcon_pkg'
[0.248s] Level 1:colcon.colcon_core.package_identification:_identify(src/rrbot_simulation_files) by extensions ['colcon_meta']
[0.248s] Level 1:colcon.colcon_core.package_identification:_identify(src/rrbot_simulation_files) by extension 'colcon_meta'
[0.248s] Level 1:colcon.colcon_core.package_identification:_identify(src/rrbot_simulation_files) by extensions ['ros']
[0.248s] Level 1:colcon.colcon_core.package_identification:_identify(src/rrbot_simulation_files) by extension 'ros'
[0.248s] Level 1:colcon.colcon_core.package_identification:_identify(src/rrbot_simulation_files) by extensions ['cmake', 'python']
[0.248s] Level 1:colcon.colcon_core.package_identification:_identify(src/rrbot_simulation_files) by extension 'cmake'
[0.248s] Level 1:colcon.colcon_core.package_identification:_identify(src/rrbot_simulation_files) by extension 'python'
[0.248s] Level 1:colcon.colcon_core.package_identification:_identify(src/rrbot_simulation_files) by extensions ['python_setup_py']
[0.248s] Level 1:colcon.colcon_core.package_identification:_identify(src/rrbot_simulation_files) by extension 'python_setup_py'
[0.249s] Level 1:colcon.colcon_core.package_identification:_identify(src/rrbot_simulation_files/rrbot_description) by extensions ['ignore', 'ignore_ament_install']
[0.249s] Level 1:colcon.colcon_core.package_identification:_identify(src/rrbot_simulation_files/rrbot_description) by extension 'ignore'
[0.249s] Level 1:colcon.colcon_core.package_identification:_identify(src/rrbot_simulation_files/rrbot_description) by extension 'ignore_ament_install'
[0.249s] Level 1:colcon.colcon_core.package_identification:_identify(src/rrbot_simulation_files/rrbot_description) by extensions ['colcon_pkg']
[0.249s] Level 1:colcon.colcon_core.package_identification:_identify(src/rrbot_simulation_files/rrbot_description) by extension 'colcon_pkg'
[0.249s] Level 1:colcon.colcon_core.package_identification:_identify(src/rrbot_simulation_files/rrbot_description) by extensions ['colcon_meta']
[0.249s] Level 1:colcon.colcon_core.package_identification:_identify(src/rrbot_simulation_files/rrbot_description) by extension 'colcon_meta'
[0.249s] Level 1:colcon.colcon_core.package_identification:_identify(src/rrbot_simulation_files/rrbot_description) by extensions ['ros']
[0.249s] Level 1:colcon.colcon_core.package_identification:_identify(src/rrbot_simulation_files/rrbot_description) by extension 'ros'
[0.251s] DEBUG:colcon.colcon_core.package_identification:Package 'src/rrbot_simulation_files/rrbot_description' with type 'ros.ament_cmake' and name 'rrbot_description'
[0.251s] Level 1:colcon.colcon_core.package_identification:_identify(src/rrbot_simulation_files/rrbot_gazebo) by extensions ['ignore', 'ignore_ament_install']
[0.251s] Level 1:colcon.colcon_core.package_identification:_identify(src/rrbot_simulation_files/rrbot_gazebo) by extension 'ignore'
[0.251s] Level 1:colcon.colcon_core.package_identification:_identify(src/rrbot_simulation_files/rrbot_gazebo) by extension 'ignore_ament_install'
[0.251s] Level 1:colcon.colcon_core.package_identification:_identify(src/rrbot_simulation_files/rrbot_gazebo) by extensions ['colcon_pkg']
[0.251s] Level 1:colcon.colcon_core.package_identification:_identify(src/rrbot_simulation_files/rrbot_gazebo) by extension 'colcon_pkg'
[0.251s] Level 1:colcon.colcon_core.package_identification:_identify(src/rrbot_simulation_files/rrbot_gazebo) by extensions ['colcon_meta']
[0.251s] Level 1:colcon.colcon_core.package_identification:_identify(src/rrbot_simulation_files/rrbot_gazebo) by extension 'colcon_meta'
[0.251s] Level 1:colcon.colcon_core.package_identification:_identify(src/rrbot_simulation_files/rrbot_gazebo) by extensions ['ros']
[0.251s] Level 1:colcon.colcon_core.package_identification:_identify(src/rrbot_simulation_files/rrbot_gazebo) by extension 'ros'
[0.252s] DEBUG:colcon.colcon_core.package_identification:Package 'src/rrbot_simulation_files/rrbot_gazebo' with type 'ros.ament_cmake' and name 'rrbot_gazebo'
[0.252s] Level 1:colcon.colcon_core.package_discovery:discover_packages(recursive) using defaults
[0.252s] Level 1:colcon.colcon_core.package_discovery:discover_packages(ignore) discover
[0.252s] Level 1:colcon.colcon_core.package_discovery:discover_packages(ignore) using defaults
[0.252s] Level 1:colcon.colcon_core.package_discovery:discover_packages(path) discover
[0.252s] Level 1:colcon.colcon_core.package_discovery:discover_packages(path) using defaults
[0.269s] Level 1:colcon.colcon_core.package_discovery:discover_packages(prefix_path) check parameters
[0.269s] Level 1:colcon.colcon_core.package_discovery:discover_packages(prefix_path) discover
[0.271s] DEBUG:colcon.colcon_installed_package_information.package_discovery:Found 305 installed packages in /opt/ros/humble
[0.273s] Level 1:colcon.colcon_core.package_discovery:discover_packages(prefix_path) using defaults
[0.316s] Level 5:colcon.colcon_core.verb:set package 'rrbot_description' build argument 'cmake_args' from command line to 'None'
[0.316s] Level 5:colcon.colcon_core.verb:set package 'rrbot_description' build argument 'cmake_target' from command line to 'None'
[0.316s] Level 5:colcon.colcon_core.verb:set package 'rrbot_description' build argument 'cmake_target_skip_unavailable' from command line to 'False'
[0.316s] Level 5:colcon.colcon_core.verb:set package 'rrbot_description' build argument 'cmake_clean_cache' from command line to 'False'
[0.316s] Level 5:colcon.colcon_core.verb:set package 'rrbot_description' build argument 'cmake_clean_first' from command line to 'False'
[0.316s] Level 5:colcon.colcon_core.verb:set package 'rrbot_description' build argument 'cmake_force_configure' from command line to 'False'
[0.316s] Level 5:colcon.colcon_core.verb:set package 'rrbot_description' build argument 'ament_cmake_args' from command line to 'None'
[0.316s] Level 5:colcon.colcon_core.verb:set package 'rrbot_description' build argument 'catkin_cmake_args' from command line to 'None'
[0.316s] Level 5:colcon.colcon_core.verb:set package 'rrbot_description' build argument 'catkin_skip_building_tests' from command line to 'False'
[0.316s] DEBUG:colcon.colcon_core.verb:Building package 'rrbot_description' with the following arguments: {'ament_cmake_args': None, 'build_base': '/home/parth/Desktop/ros2_ws/build/rrbot_description', 'catkin_cmake_args': None, 'catkin_skip_building_tests': False, 'cmake_args': None, 'cmake_clean_cache': False, 'cmake_clean_first': False, 'cmake_force_configure': False, 'cmake_target': None, 'cmake_target_skip_unavailable': False, 'install_base': '/home/parth/Desktop/ros2_ws/install/rrbot_description', 'merge_install': False, 'path': '/home/parth/Desktop/ros2_ws/src/rrbot_simulation_files/rrbot_description', 'symlink_install': False, 'test_result_base': None}
[0.317s] Level 5:colcon.colcon_core.verb:set package 'rrbot_gazebo' build argument 'cmake_args' from command line to 'None'
[0.317s] Level 5:colcon.colcon_core.verb:set package 'rrbot_gazebo' build argument 'cmake_target' from command line to 'None'
[0.317s] Level 5:colcon.colcon_core.verb:set package 'rrbot_gazebo' build argument 'cmake_target_skip_unavailable' from command line to 'False'
[0.317s] Level 5:colcon.colcon_core.verb:set package 'rrbot_gazebo' build argument 'cmake_clean_cache' from command line to 'False'
[0.317s] Level 5:colcon.colcon_core.verb:set package 'rrbot_gazebo' build argument 'cmake_clean_first' from command line to 'False'
[0.317s] Level 5:colcon.colcon_core.verb:set package 'rrbot_gazebo' build argument 'cmake_force_configure' from command line to 'False'
[0.317s] Level 5:colcon.colcon_core.verb:set package 'rrbot_gazebo' build argument 'ament_cmake_args' from command line to 'None'
[0.317s] Level 5:colcon.colcon_core.verb:set package 'rrbot_gazebo' build argument 'catkin_cmake_args' from command line to 'None'
[0.317s] Level 5:colcon.colcon_core.verb:set package 'rrbot_gazebo' build argument 'catkin_skip_building_tests' from command line to 'False'
[0.317s] DEBUG:colcon.colcon_core.verb:Building package 'rrbot_gazebo' with the following arguments: {'ament_cmake_args': None, 'build_base': '/home/parth/Desktop/ros2_ws/build/rrbot_gazebo', 'catkin_cmake_args': None, 'catkin_skip_building_tests': False, 'cmake_args': None, 'cmake_clean_cache': False, 'cmake_clean_first': False, 'cmake_force_configure': False, 'cmake_target': None, 'cmake_target_skip_unavailable': False, 'install_base': '/home/parth/Desktop/ros2_ws/install/rrbot_gazebo', 'merge_install': False, 'path': '/home/parth/Desktop/ros2_ws/src/rrbot_simulation_files/rrbot_gazebo', 'symlink_install': False, 'test_result_base': None}
[0.317s] INFO:colcon.colcon_core.executor:Executing jobs using 'parallel' executor
[0.320s] DEBUG:colcon.colcon_parallel_executor.executor.parallel:run_until_complete
[0.320s] INFO:colcon.colcon_ros.task.ament_cmake.build:Building ROS package in '/home/parth/Desktop/ros2_ws/src/rrbot_simulation_files/rrbot_description' with build type 'ament_cmake'
[0.320s] INFO:colcon.colcon_cmake.task.cmake.build:Building CMake package in '/home/parth/Desktop/ros2_ws/src/rrbot_simulation_files/rrbot_description'
[0.324s] INFO:colcon.colcon_core.plugin_system:Skipping extension 'colcon_core.shell.bat': Not used on non-Windows systems
[0.324s] INFO:colcon.colcon_core.shell:Skip shell extension 'powershell' for command environment: Not usable outside of PowerShell
[0.324s] DEBUG:colcon.colcon_core.shell:Skip shell extension 'dsv' for command environment
[0.335s] DEBUG:colcon.colcon_core.event_handler.log_command:Invoking command in '/home/parth/Desktop/ros2_ws/build/rrbot_description': CMAKE_PREFIX_PATH=/opt/ros/humble /usr/bin/cmake --build /home/parth/Desktop/ros2_ws/build/rrbot_description -- -j16 -l16
[0.393s] DEBUG:colcon.colcon_core.event_handler.log_command:Invoked command in '/home/parth/Desktop/ros2_ws/build/rrbot_description' returned '0': CMAKE_PREFIX_PATH=/opt/ros/humble /usr/bin/cmake --build /home/parth/Desktop/ros2_ws/build/rrbot_description -- -j16 -l16
[0.420s] DEBUG:colcon.colcon_core.event_handler.log_command:Invoking command in '/home/parth/Desktop/ros2_ws/build/rrbot_description': CMAKE_PREFIX_PATH=/opt/ros/humble /usr/bin/cmake --install /home/parth/Desktop/ros2_ws/build/rrbot_description
[0.437s] Level 1:colcon.colcon_core.environment:create_environment_scripts_only(rrbot_description)
[0.438s] DEBUG:colcon.colcon_core.event_handler.log_command:Invoked command in '/home/parth/Desktop/ros2_ws/build/rrbot_description' returned '0': CMAKE_PREFIX_PATH=/opt/ros/humble /usr/bin/cmake --install /home/parth/Desktop/ros2_ws/build/rrbot_description
[0.444s] Level 1:colcon.colcon_core.environment:checking '/home/parth/Desktop/ros2_ws/install/rrbot_description' for CMake module files
[0.445s] Level 1:colcon.colcon_core.environment:checking '/home/parth/Desktop/ros2_ws/install/rrbot_description' for CMake config files
[0.446s] Level 1:colcon.colcon_core.shell:create_environment_hook('rrbot_description', 'cmake_prefix_path')
[0.448s] INFO:colcon.colcon_core.shell:Creating environment hook '/home/parth/Desktop/ros2_ws/install/rrbot_description/share/rrbot_description/hook/cmake_prefix_path.ps1'
[0.449s] INFO:colcon.colcon_core.shell:Creating environment descriptor '/home/parth/Desktop/ros2_ws/install/rrbot_description/share/rrbot_description/hook/cmake_prefix_path.dsv'
[0.450s] INFO:colcon.colcon_core.shell:Creating environment hook '/home/parth/Desktop/ros2_ws/install/rrbot_description/share/rrbot_description/hook/cmake_prefix_path.sh'
[0.451s] Level 1:colcon.colcon_core.environment:checking '/home/parth/Desktop/ros2_ws/install/rrbot_description/bin'
[0.452s] Level 1:colcon.colcon_core.environment:checking '/home/parth/Desktop/ros2_ws/install/rrbot_description/lib/pkgconfig/rrbot_description.pc'
[0.452s] Level 1:colcon.colcon_core.environment:checking '/home/parth/Desktop/ros2_ws/install/rrbot_description/lib/python3.10/site-packages'
[0.452s] Level 1:colcon.colcon_core.environment:checking '/home/parth/Desktop/ros2_ws/install/rrbot_description/bin'
[0.455s] INFO:colcon.colcon_core.shell:Creating package script '/home/parth/Desktop/ros2_ws/install/rrbot_description/share/rrbot_description/package.ps1'
[0.457s] INFO:colcon.colcon_core.shell:Creating package descriptor '/home/parth/Desktop/ros2_ws/install/rrbot_description/share/rrbot_description/package.dsv'
[0.458s] INFO:colcon.colcon_core.shell:Creating package script '/home/parth/Desktop/ros2_ws/install/rrbot_description/share/rrbot_description/package.sh'
[0.459s] INFO:colcon.colcon_core.shell:Creating package script '/home/parth/Desktop/ros2_ws/install/rrbot_description/share/rrbot_description/package.bash'
[0.460s] INFO:colcon.colcon_core.shell:Creating package script '/home/parth/Desktop/ros2_ws/install/rrbot_description/share/rrbot_description/package.zsh'
[0.461s] Level 1:colcon.colcon_core.environment:create_file_with_runtime_dependencies(/home/parth/Desktop/ros2_ws/install/rrbot_description/share/colcon-core/packages/rrbot_description)
[0.491s] Level 1:colcon.colcon_core.environment:create_environment_scripts_only(rrbot_description)
[0.500s] Level 1:colcon.colcon_core.environment:checking '/home/parth/Desktop/ros2_ws/install/rrbot_description' for CMake module files
[0.501s] Level 1:colcon.colcon_core.environment:checking '/home/parth/Desktop/ros2_ws/install/rrbot_description' for CMake config files
[0.501s] Level 1:colcon.colcon_core.shell:create_environment_hook('rrbot_description', 'cmake_prefix_path')
[0.504s] INFO:colcon.colcon_core.shell:Creating environment hook '/home/parth/Desktop/ros2_ws/install/rrbot_description/share/rrbot_description/hook/cmake_prefix_path.ps1'
[0.504s] INFO:colcon.colcon_core.shell:Creating environment descriptor '/home/parth/Desktop/ros2_ws/install/rrbot_description/share/rrbot_description/hook/cmake_prefix_path.dsv'
[0.505s] INFO:colcon.colcon_core.shell:Creating environment hook '/home/parth/Desktop/ros2_ws/install/rrbot_description/share/rrbot_description/hook/cmake_prefix_path.sh'
[0.506s] Level 1:colcon.colcon_core.environment:checking '/home/parth/Desktop/ros2_ws/install/rrbot_description/bin'
[0.506s] Level 1:colcon.colcon_core.environment:checking '/home/parth/Desktop/ros2_ws/install/rrbot_description/lib/pkgconfig/rrbot_description.pc'
[0.506s] Level 1:colcon.colcon_core.environment:checking '/home/parth/Desktop/ros2_ws/install/rrbot_description/lib/python3.10/site-packages'
[0.507s] Level 1:colcon.colcon_core.environment:checking '/home/parth/Desktop/ros2_ws/install/rrbot_description/bin'
[0.509s] INFO:colcon.colcon_core.shell:Creating package script '/home/parth/Desktop/ros2_ws/install/rrbot_description/share/rrbot_description/package.ps1'
[0.510s] INFO:colcon.colcon_core.shell:Creating package descriptor '/home/parth/Desktop/ros2_ws/install/rrbot_description/share/rrbot_description/package.dsv'
[0.511s] INFO:colcon.colcon_core.shell:Creating package script '/home/parth/Desktop/ros2_ws/install/rrbot_description/share/rrbot_description/package.sh'
[0.512s] INFO:colcon.colcon_core.shell:Creating package script '/home/parth/Desktop/ros2_ws/install/rrbot_description/share/rrbot_description/package.bash'
[0.512s] INFO:colcon.colcon_core.shell:Creating package script '/home/parth/Desktop/ros2_ws/install/rrbot_description/share/rrbot_description/package.zsh'
[0.513s] Level 1:colcon.colcon_core.environment:create_file_with_runtime_dependencies(/home/parth/Desktop/ros2_ws/install/rrbot_description/share/colcon-core/packages/rrbot_description)
[0.513s] INFO:colcon.colcon_ros.task.ament_cmake.build:Building ROS package in '/home/parth/Desktop/ros2_ws/src/rrbot_simulation_files/rrbot_gazebo' with build type 'ament_cmake'
[0.513s] INFO:colcon.colcon_cmake.task.cmake.build:Building CMake package in '/home/parth/Desktop/ros2_ws/src/rrbot_simulation_files/rrbot_gazebo'
[0.516s] INFO:colcon.colcon_core.shell:Skip shell extension 'powershell' for command environment: Not usable outside of PowerShell
[0.516s] DEBUG:colcon.colcon_core.shell:Skip shell extension 'dsv' for command environment
[0.528s] DEBUG:colcon.colcon_core.event_handler.log_command:Invoking command in '/home/parth/Desktop/ros2_ws/build/rrbot_gazebo': AMENT_PREFIX_PATH=/home/parth/Desktop/ros2_ws/install/rrbot_description:${AMENT_PREFIX_PATH} CMAKE_PREFIX_PATH=/home/parth/Desktop/ros2_ws/install/rrbot_description:/opt/ros/humble /usr/bin/cmake --build /home/parth/Desktop/ros2_ws/build/rrbot_gazebo -- -j16 -l16
[0.599s] DEBUG:colcon.colcon_core.event_handler.log_command:Invoked command in '/home/parth/Desktop/ros2_ws/build/rrbot_gazebo' returned '0': AMENT_PREFIX_PATH=/home/parth/Desktop/ros2_ws/install/rrbot_description:${AMENT_PREFIX_PATH} CMAKE_PREFIX_PATH=/home/parth/Desktop/ros2_ws/install/rrbot_description:/opt/ros/humble /usr/bin/cmake --build /home/parth/Desktop/ros2_ws/build/rrbot_gazebo -- -j16 -l16
[0.625s] DEBUG:colcon.colcon_core.event_handler.log_command:Invoking command in '/home/parth/Desktop/ros2_ws/build/rrbot_gazebo': AMENT_PREFIX_PATH=/home/parth/Desktop/ros2_ws/install/rrbot_description:${AMENT_PREFIX_PATH} CMAKE_PREFIX_PATH=/home/parth/Desktop/ros2_ws/install/rrbot_description:/opt/ros/humble /usr/bin/cmake --install /home/parth/Desktop/ros2_ws/build/rrbot_gazebo
[0.634s] Level 1:colcon.colcon_core.environment:create_environment_scripts_only(rrbot_gazebo)
[0.637s] Level 1:colcon.colcon_core.environment:checking '/home/parth/Desktop/ros2_ws/install/rrbot_gazebo' for CMake module files
[0.637s] DEBUG:colcon.colcon_core.event_handler.log_command:Invoked command in '/home/parth/Desktop/ros2_ws/build/rrbot_gazebo' returned '0': AMENT_PREFIX_PATH=/home/parth/Desktop/ros2_ws/install/rrbot_description:${AMENT_PREFIX_PATH} CMAKE_PREFIX_PATH=/home/parth/Desktop/ros2_ws/install/rrbot_description:/opt/ros/humble /usr/bin/cmake --install /home/parth/Desktop/ros2_ws/build/rrbot_gazebo
[0.638s] Level 1:colcon.colcon_core.environment:checking '/home/parth/Desktop/ros2_ws/install/rrbot_gazebo' for CMake config files
[0.639s] Level 1:colcon.colcon_core.shell:create_environment_hook('rrbot_gazebo', 'cmake_prefix_path')
[0.641s] INFO:colcon.colcon_core.shell:Creating environment hook '/home/parth/Desktop/ros2_ws/install/rrbot_gazebo/share/rrbot_gazebo/hook/cmake_prefix_path.ps1'
[0.642s] INFO:colcon.colcon_core.shell:Creating environment descriptor '/home/parth/Desktop/ros2_ws/install/rrbot_gazebo/share/rrbot_gazebo/hook/cmake_prefix_path.dsv'
[0.643s] INFO:colcon.colcon_core.shell:Creating environment hook '/home/parth/Desktop/ros2_ws/install/rrbot_gazebo/share/rrbot_gazebo/hook/cmake_prefix_path.sh'
[0.643s] Level 1:colcon.colcon_core.environment:checking '/home/parth/Desktop/ros2_ws/install/rrbot_gazebo/lib'
[0.644s] Level 1:colcon.colcon_core.environment:checking '/home/parth/Desktop/ros2_ws/install/rrbot_gazebo/bin'
[0.644s] Level 1:colcon.colcon_core.environment:checking '/home/parth/Desktop/ros2_ws/install/rrbot_gazebo/lib/pkgconfig/rrbot_gazebo.pc'
[0.644s] Level 1:colcon.colcon_core.environment:checking '/home/parth/Desktop/ros2_ws/install/rrbot_gazebo/lib/python3.10/site-packages'
[0.644s] Level 1:colcon.colcon_core.environment:checking '/home/parth/Desktop/ros2_ws/install/rrbot_gazebo/bin'
[0.646s] INFO:colcon.colcon_core.shell:Creating package script '/home/parth/Desktop/ros2_ws/install/rrbot_gazebo/share/rrbot_gazebo/package.ps1'
[0.647s] INFO:colcon.colcon_core.shell:Creating package descriptor '/home/parth/Desktop/ros2_ws/install/rrbot_gazebo/share/rrbot_gazebo/package.dsv'
[0.648s] INFO:colcon.colcon_core.shell:Creating package script '/home/parth/Desktop/ros2_ws/install/rrbot_gazebo/share/rrbot_gazebo/package.sh'
[0.648s] INFO:colcon.colcon_core.shell:Creating package script '/home/parth/Desktop/ros2_ws/install/rrbot_gazebo/share/rrbot_gazebo/package.bash'
[0.649s] INFO:colcon.colcon_core.shell:Creating package script '/home/parth/Desktop/ros2_ws/install/rrbot_gazebo/share/rrbot_gazebo/package.zsh'
[0.649s] Level 1:colcon.colcon_core.environment:create_file_with_runtime_dependencies(/home/parth/Desktop/ros2_ws/install/rrbot_gazebo/share/colcon-core/packages/rrbot_gazebo)
[0.680s] Level 1:colcon.colcon_core.environment:create_environment_scripts_only(rrbot_gazebo)
[0.682s] Level 1:colcon.colcon_core.environment:checking '/home/parth/Desktop/ros2_ws/install/rrbot_gazebo' for CMake module files
[0.682s] Level 1:colcon.colcon_core.environment:checking '/home/parth/Desktop/ros2_ws/install/rrbot_gazebo' for CMake config files
[0.682s] Level 1:colcon.colcon_core.shell:create_environment_hook('rrbot_gazebo', 'cmake_prefix_path')
[0.683s] INFO:colcon.colcon_core.shell:Creating environment hook '/home/parth/Desktop/ros2_ws/install/rrbot_gazebo/share/rrbot_gazebo/hook/cmake_prefix_path.ps1'
[0.683s] INFO:colcon.colcon_core.shell:Creating environment descriptor '/home/parth/Desktop/ros2_ws/install/rrbot_gazebo/share/rrbot_gazebo/hook/cmake_prefix_path.dsv'
[0.683s] INFO:colcon.colcon_core.shell:Creating environment hook '/home/parth/Desktop/ros2_ws/install/rrbot_gazebo/share/rrbot_gazebo/hook/cmake_prefix_path.sh'
[0.684s] Level 1:colcon.colcon_core.environment:checking '/home/parth/Desktop/ros2_ws/install/rrbot_gazebo/lib'
[0.684s] Level 1:colcon.colcon_core.environment:checking '/home/parth/Desktop/ros2_ws/install/rrbot_gazebo/bin'
[0.684s] Level 1:colcon.colcon_core.environment:checking '/home/parth/Desktop/ros2_ws/install/rrbot_gazebo/lib/pkgconfig/rrbot_gazebo.pc'
[0.684s] Level 1:colcon.colcon_core.environment:checking '/home/parth/Desktop/ros2_ws/install/rrbot_gazebo/lib/python3.10/site-packages'
[0.684s] Level 1:colcon.colcon_core.environment:checking '/home/parth/Desktop/ros2_ws/install/rrbot_gazebo/bin'
[0.685s] INFO:colcon.colcon_core.shell:Creating package script '/home/parth/Desktop/ros2_ws/install/rrbot_gazebo/share/rrbot_gazebo/package.ps1'
[0.686s] INFO:colcon.colcon_core.shell:Creating package descriptor '/home/parth/Desktop/ros2_ws/install/rrbot_gazebo/share/rrbot_gazebo/package.dsv'
[0.686s] INFO:colcon.colcon_core.shell:Creating package script '/home/parth/Desktop/ros2_ws/install/rrbot_gazebo/share/rrbot_gazebo/package.sh'
[0.686s] INFO:colcon.colcon_core.shell:Creating package script '/home/parth/Desktop/ros2_ws/install/rrbot_gazebo/share/rrbot_gazebo/package.bash'
[0.686s] INFO:colcon.colcon_core.shell:Creating package script '/home/parth/Desktop/ros2_ws/install/rrbot_gazebo/share/rrbot_gazebo/package.zsh'
[0.687s] Level 1:colcon.colcon_core.environment:create_file_with_runtime_dependencies(/home/parth/Desktop/ros2_ws/install/rrbot_gazebo/share/colcon-core/packages/rrbot_gazebo)
[0.687s] DEBUG:colcon.colcon_parallel_executor.executor.parallel:closing loop
[0.687s] DEBUG:colcon.colcon_parallel_executor.executor.parallel:loop closed
[0.687s] DEBUG:colcon.colcon_parallel_executor.executor.parallel:run_until_complete finished with '0'
[0.687s] DEBUG:colcon.colcon_core.event_reactor:joining thread
[0.693s] INFO:colcon.colcon_core.plugin_system:Skipping extension 'colcon_notification.desktop_notification.terminal_notifier': Not used on non-Darwin systems
[0.693s] INFO:colcon.colcon_core.plugin_system:Skipping extension 'colcon_notification.desktop_notification.win32': Not used on non-Windows systems
[0.693s] INFO:colcon.colcon_notification.desktop_notification:Sending desktop notification using 'notify2'
[0.702s] DEBUG:colcon.colcon_core.event_reactor:joined thread
[0.705s] INFO:colcon.colcon_core.shell:Creating prefix script '/home/parth/Desktop/ros2_ws/install/local_setup.ps1'
[0.705s] INFO:colcon.colcon_core.shell:Creating prefix util module '/home/parth/Desktop/ros2_ws/install/_local_setup_util_ps1.py'
[0.706s] INFO:colcon.colcon_core.shell:Creating prefix chain script '/home/parth/Desktop/ros2_ws/install/setup.ps1'
[0.707s] INFO:colcon.colcon_core.shell:Creating prefix script '/home/parth/Desktop/ros2_ws/install/local_setup.sh'
[0.707s] INFO:colcon.colcon_core.shell:Creating prefix util module '/home/parth/Desktop/ros2_ws/install/_local_setup_util_sh.py'
[0.708s] INFO:colcon.colcon_core.shell:Creating prefix chain script '/home/parth/Desktop/ros2_ws/install/setup.sh'
[0.709s] INFO:colcon.colcon_core.shell:Creating prefix script '/home/parth/Desktop/ros2_ws/install/local_setup.bash'
[0.709s] INFO:colcon.colcon_core.shell:Creating prefix chain script '/home/parth/Desktop/ros2_ws/install/setup.bash'
[0.710s] INFO:colcon.colcon_core.shell:Creating prefix script '/home/parth/Desktop/ros2_ws/install/local_setup.zsh'
[0.710s] INFO:colcon.colcon_core.shell:Creating prefix chain script '/home/parth/Desktop/ros2_ws/install/setup.zsh'
