[0.212s] DEBUG:colcon:Command line arguments: ['/usr/bin/colcon', 'build']
[0.212s] DEBUG:colcon:Parsed command line arguments: Namespace(log_base=None, log_level=None, verb_name='build', build_base='build', install_base='install', merge_install=False, symlink_install=False, test_result_base=None, continue_on_error=False, executor='parallel', parallel_workers=16, event_handlers=None, ignore_user_meta=False, metas=['./colcon.meta'], base_paths=['.'], packages_ignore=None, packages_ignore_regex=None, paths=None, packages_up_to=None, packages_up_to_regex=None, packages_above=None, packages_above_and_dependencies=None, packages_above_depth=None, packages_select_by_dep=None, packages_skip_by_dep=None, packages_skip_up_to=None, packages_select_build_failed=False, packages_skip_build_finished=False, packages_select_test_failures=False, packages_skip_test_passed=False, packages_select=None, packages_skip=None, packages_select_regex=None, packages_skip_regex=None, packages_start=None, packages_end=None, allow_overriding=[], cmake_args=None, cmake_target=None, cmake_target_skip_unavailable=False, cmake_clean_cache=False, cmake_clean_first=False, cmake_force_configure=False, ament_cmake_args=None, catkin_cmake_args=None, catkin_skip_building_tests=False, verb_parser=<colcon_defaults.argument_parser.defaults.DefaultArgumentsDecorator object at 0x7f273dbd73a0>, verb_extension=<colcon_core.verb.build.BuildVerb object at 0x7f273e536da0>, main=<bound method BuildVerb.main of <colcon_core.verb.build.BuildVerb object at 0x7f273e536da0>>)
[0.229s] Level 1:colcon.colcon_core.package_discovery:discover_packages(colcon_meta) check parameters
[0.229s] Level 1:colcon.colcon_core.package_discovery:discover_packages(recursive) check parameters
[0.229s] Level 1:colcon.colcon_core.package_discovery:discover_packages(ignore) check parameters
[0.229s] Level 1:colcon.colcon_core.package_discovery:discover_packages(path) check parameters
[0.229s] Level 1:colcon.colcon_core.package_discovery:discover_packages(colcon_meta) discover
[0.229s] Level 1:colcon.colcon_core.package_discovery:discover_packages(recursive) discover
[0.229s] INFO:colcon.colcon_core.package_discovery:Crawling recursively for packages in '/home/parth/Desktop/ros2_ws'
[0.229s] Level 1:colcon.colcon_core.package_identification:_identify(.) by extensions ['ignore', 'ignore_ament_install']
[0.229s] Level 1:colcon.colcon_core.package_identification:_identify(.) by extension 'ignore'
[0.230s] Level 1:colcon.colcon_core.package_identification:_identify(.) by extension 'ignore_ament_install'
[0.230s] Level 1:colcon.colcon_core.package_identification:_identify(.) by extensions ['colcon_pkg']
[0.230s] Level 1:colcon.colcon_core.package_identification:_identify(.) by extension 'colcon_pkg'
[0.230s] Level 1:colcon.colcon_core.package_identification:_identify(.) by extensions ['colcon_meta']
[0.230s] Level 1:colcon.colcon_core.package_identification:_identify(.) by extension 'colcon_meta'
[0.230s] Level 1:colcon.colcon_core.package_identification:_identify(.) by extensions ['ros']
[0.230s] Level 1:colcon.colcon_core.package_identification:_identify(.) by extension 'ros'
[0.247s] Level 1:colcon.colcon_core.package_identification:_identify(.) by extensions ['cmake', 'python']
[0.247s] Level 1:colcon.colcon_core.package_identification:_identify(.) by extension 'cmake'
[0.247s] Level 1:colcon.colcon_core.package_identification:_identify(.) by extension 'python'
[0.247s] Level 1:colcon.colcon_core.package_identification:_identify(.) by extensions ['python_setup_py']
[0.247s] Level 1:colcon.colcon_core.package_identification:_identify(.) by extension 'python_setup_py'
[0.247s] Level 1:colcon.colcon_core.package_identification:_identify(build) by extensions ['ignore', 'ignore_ament_install']
[0.247s] Level 1:colcon.colcon_core.package_identification:_identify(build) by extension 'ignore'
[0.247s] Level 1:colcon.colcon_core.package_identification:_identify(build) ignored
[0.247s] Level 1:colcon.colcon_core.package_identification:_identify(install) by extensions ['ignore', 'ignore_ament_install']
[0.247s] Level 1:colcon.colcon_core.package_identification:_identify(install) by extension 'ignore'
[0.247s] Level 1:colcon.colcon_core.package_identification:_identify(install) ignored
[0.247s] Level 1:colcon.colcon_core.package_identification:_identify(log) by extensions ['ignore', 'ignore_ament_install']
[0.247s] Level 1:colcon.colcon_core.package_identification:_identify(log) by extension 'ignore'
[0.248s] Level 1:colcon.colcon_core.package_identification:_identify(log) ignored
[0.248s] Level 1:colcon.colcon_core.package_identification:_identify(src) by extensions ['ignore', 'ignore_ament_install']
[0.248s] Level 1:colcon.colcon_core.package_identification:_identify(src) by extension 'ignore'
[0.248s] Level 1:colcon.colcon_core.package_identification:_identify(src) by extension 'ignore_ament_install'
[0.248s] Level 1:colcon.colcon_core.package_identification:_identify(src) by extensions ['colcon_pkg']
[0.248s] Level 1:colcon.colcon_core.package_identification:_identify(src) by extension 'colcon_pkg'
[0.248s] Level 1:colcon.colcon_core.package_identification:_identify(src) by extensions ['colcon_meta']
[0.248s] Level 1:colcon.colcon_core.package_identification:_identify(src) by extension 'colcon_meta'
[0.248s] Level 1:colcon.colcon_core.package_identification:_identify(src) by extensions ['ros']
[0.248s] Level 1:colcon.colcon_core.package_identification:_identify(src) by extension 'ros'
[0.248s] Level 1:colcon.colcon_core.package_identification:_identify(src) by extensions ['cmake', 'python']
[0.248s] Level 1:colcon.colcon_core.package_identification:_identify(src) by extension 'cmake'
[0.248s] Level 1:colcon.colcon_core.package_identification:_identify(src) by extension 'python'
[0.248s] Level 1:colcon.colcon_core.package_identification:_identify(src) by extensions ['python_setup_py']
[0.248s] Level 1:colcon.colcon_core.package_identification:_identify(src) by extension 'python_setup_py'
[0.248s] Level 1:colcon.colcon_core.package_identification:_identify(src/rrbot_simulation_files) by extensions ['ignore', 'ignore_ament_install']
[0.248s] Level 1:colcon.colcon_core.package_identification:_identify(src/rrbot_simulation_files) by extension 'ignore'
[0.248s] Level 1:colcon.colcon_core.package_identification:_identify(src/rrbot_simulation_files) by extension 'ignore_ament_install'
[0.248s] Level 1:colcon.colcon_core.package_identification:_identify(src/rrbot_simulation_files) by extensions ['colcon_pkg']
[0.248s] Level 1:colcon.colcon_core.package_identification:_identify(src/rrbot_simulation_files) by extension 'colcon_pkg'
[0.248s] Level 1:colcon.colcon_core.package_identification:_identify(src/rrbot_simulation_files) by extensions ['colcon_meta']
[0.248s] Level 1:colcon.colcon_core.package_identification:_identify(src/rrbot_simulation_files) by extension 'colcon_meta'
[0.248s] Level 1:colcon.colcon_core.package_identification:_identify(src/rrbot_simulation_files) by extensions ['ros']
[0.248s] Level 1:colcon.colcon_core.package_identification:_identify(src/rrbot_simulation_files) by extension 'ros'
[0.248s] Level 1:colcon.colcon_core.package_identification:_identify(src/rrbot_simulation_files) by extensions ['cmake', 'python']
[0.248s] Level 1:colcon.colcon_core.package_identification:_identify(src/rrbot_simulation_files) by extension 'cmake'
[0.248s] Level 1:colcon.colcon_core.package_identification:_identify(src/rrbot_simulation_files) by extension 'python'
[0.249s] Level 1:colcon.colcon_core.package_identification:_identify(src/rrbot_simulation_files) by extensions ['python_setup_py']
[0.249s] Level 1:colcon.colcon_core.package_identification:_identify(src/rrbot_simulation_files) by extension 'python_setup_py'
[0.249s] Level 1:colcon.colcon_core.package_identification:_identify(src/rrbot_simulation_files/rrbot_description) by extensions ['ignore', 'ignore_ament_install']
[0.249s] Level 1:colcon.colcon_core.package_identification:_identify(src/rrbot_simulation_files/rrbot_description) by extension 'ignore'
[0.249s] Level 1:colcon.colcon_core.package_identification:_identify(src/rrbot_simulation_files/rrbot_description) by extension 'ignore_ament_install'
[0.249s] Level 1:colcon.colcon_core.package_identification:_identify(src/rrbot_simulation_files/rrbot_description) by extensions ['colcon_pkg']
[0.249s] Level 1:colcon.colcon_core.package_identification:_identify(src/rrbot_simulation_files/rrbot_description) by extension 'colcon_pkg'
[0.249s] Level 1:colcon.colcon_core.package_identification:_identify(src/rrbot_simulation_files/rrbot_description) by extensions ['colcon_meta']
[0.249s] Level 1:colcon.colcon_core.package_identification:_identify(src/rrbot_simulation_files/rrbot_description) by extension 'colcon_meta'
[0.249s] Level 1:colcon.colcon_core.package_identification:_identify(src/rrbot_simulation_files/rrbot_description) by extensions ['ros']
[0.249s] Level 1:colcon.colcon_core.package_identification:_identify(src/rrbot_simulation_files/rrbot_description) by extension 'ros'
[0.251s] DEBUG:colcon.colcon_core.package_identification:Package 'src/rrbot_simulation_files/rrbot_description' with type 'ros.ament_cmake' and name 'rrbot_description'
[0.251s] Level 1:colcon.colcon_core.package_identification:_identify(src/rrbot_simulation_files/rrbot_gazebo) by extensions ['ignore', 'ignore_ament_install']
[0.251s] Level 1:colcon.colcon_core.package_identification:_identify(src/rrbot_simulation_files/rrbot_gazebo) by extension 'ignore'
[0.251s] Level 1:colcon.colcon_core.package_identification:_identify(src/rrbot_simulation_files/rrbot_gazebo) by extension 'ignore_ament_install'
[0.251s] Level 1:colcon.colcon_core.package_identification:_identify(src/rrbot_simulation_files/rrbot_gazebo) by extensions ['colcon_pkg']
[0.251s] Level 1:colcon.colcon_core.package_identification:_identify(src/rrbot_simulation_files/rrbot_gazebo) by extension 'colcon_pkg'
[0.251s] Level 1:colcon.colcon_core.package_identification:_identify(src/rrbot_simulation_files/rrbot_gazebo) by extensions ['colcon_meta']
[0.251s] Level 1:colcon.colcon_core.package_identification:_identify(src/rrbot_simulation_files/rrbot_gazebo) by extension 'colcon_meta'
[0.251s] Level 1:colcon.colcon_core.package_identification:_identify(src/rrbot_simulation_files/rrbot_gazebo) by extensions ['ros']
[0.251s] Level 1:colcon.colcon_core.package_identification:_identify(src/rrbot_simulation_files/rrbot_gazebo) by extension 'ros'
[0.252s] DEBUG:colcon.colcon_core.package_identification:Package 'src/rrbot_simulation_files/rrbot_gazebo' with type 'ros.ament_cmake' and name 'rrbot_gazebo'
[0.252s] Level 1:colcon.colcon_core.package_discovery:discover_packages(recursive) using defaults
[0.252s] Level 1:colcon.colcon_core.package_discovery:discover_packages(ignore) discover
[0.252s] Level 1:colcon.colcon_core.package_discovery:discover_packages(ignore) using defaults
[0.252s] Level 1:colcon.colcon_core.package_discovery:discover_packages(path) discover
[0.252s] Level 1:colcon.colcon_core.package_discovery:discover_packages(path) using defaults
[0.269s] Level 1:colcon.colcon_core.package_discovery:discover_packages(prefix_path) check parameters
[0.269s] Level 1:colcon.colcon_core.package_discovery:discover_packages(prefix_path) discover
[0.272s] DEBUG:colcon.colcon_installed_package_information.package_discovery:Found 305 installed packages in /opt/ros/humble
[0.273s] Level 1:colcon.colcon_core.package_discovery:discover_packages(prefix_path) using defaults
[0.316s] Level 5:colcon.colcon_core.verb:set package 'rrbot_description' build argument 'cmake_args' from command line to 'None'
[0.317s] Level 5:colcon.colcon_core.verb:set package 'rrbot_description' build argument 'cmake_target' from command line to 'None'
[0.317s] Level 5:colcon.colcon_core.verb:set package 'rrbot_description' build argument 'cmake_target_skip_unavailable' from command line to 'False'
[0.317s] Level 5:colcon.colcon_core.verb:set package 'rrbot_description' build argument 'cmake_clean_cache' from command line to 'False'
[0.317s] Level 5:colcon.colcon_core.verb:set package 'rrbot_description' build argument 'cmake_clean_first' from command line to 'False'
[0.317s] Level 5:colcon.colcon_core.verb:set package 'rrbot_description' build argument 'cmake_force_configure' from command line to 'False'
[0.317s] Level 5:colcon.colcon_core.verb:set package 'rrbot_description' build argument 'ament_cmake_args' from command line to 'None'
[0.317s] Level 5:colcon.colcon_core.verb:set package 'rrbot_description' build argument 'catkin_cmake_args' from command line to 'None'
[0.317s] Level 5:colcon.colcon_core.verb:set package 'rrbot_description' build argument 'catkin_skip_building_tests' from command line to 'False'
[0.317s] DEBUG:colcon.colcon_core.verb:Building package 'rrbot_description' with the following arguments: {'ament_cmake_args': None, 'build_base': '/home/parth/Desktop/ros2_ws/build/rrbot_description', 'catkin_cmake_args': None, 'catkin_skip_building_tests': False, 'cmake_args': None, 'cmake_clean_cache': False, 'cmake_clean_first': False, 'cmake_force_configure': False, 'cmake_target': None, 'cmake_target_skip_unavailable': False, 'install_base': '/home/parth/Desktop/ros2_ws/install/rrbot_description', 'merge_install': False, 'path': '/home/parth/Desktop/ros2_ws/src/rrbot_simulation_files/rrbot_description', 'symlink_install': False, 'test_result_base': None}
[0.317s] Level 5:colcon.colcon_core.verb:set package 'rrbot_gazebo' build argument 'cmake_args' from command line to 'None'
[0.317s] Level 5:colcon.colcon_core.verb:set package 'rrbot_gazebo' build argument 'cmake_target' from command line to 'None'
[0.317s] Level 5:colcon.colcon_core.verb:set package 'rrbot_gazebo' build argument 'cmake_target_skip_unavailable' from command line to 'False'
[0.318s] Level 5:colcon.colcon_core.verb:set package 'rrbot_gazebo' build argument 'cmake_clean_cache' from command line to 'False'
[0.318s] Level 5:colcon.colcon_core.verb:set package 'rrbot_gazebo' build argument 'cmake_clean_first' from command line to 'False'
[0.318s] Level 5:colcon.colcon_core.verb:set package 'rrbot_gazebo' build argument 'cmake_force_configure' from command line to 'False'
[0.318s] Level 5:colcon.colcon_core.verb:set package 'rrbot_gazebo' build argument 'ament_cmake_args' from command line to 'None'
[0.318s] Level 5:colcon.colcon_core.verb:set package 'rrbot_gazebo' build argument 'catkin_cmake_args' from command line to 'None'
[0.318s] Level 5:colcon.colcon_core.verb:set package 'rrbot_gazebo' build argument 'catkin_skip_building_tests' from command line to 'False'
[0.318s] DEBUG:colcon.colcon_core.verb:Building package 'rrbot_gazebo' with the following arguments: {'ament_cmake_args': None, 'build_base': '/home/parth/Desktop/ros2_ws/build/rrbot_gazebo', 'catkin_cmake_args': None, 'catkin_skip_building_tests': False, 'cmake_args': None, 'cmake_clean_cache': False, 'cmake_clean_first': False, 'cmake_force_configure': False, 'cmake_target': None, 'cmake_target_skip_unavailable': False, 'install_base': '/home/parth/Desktop/ros2_ws/install/rrbot_gazebo', 'merge_install': False, 'path': '/home/parth/Desktop/ros2_ws/src/rrbot_simulation_files/rrbot_gazebo', 'symlink_install': False, 'test_result_base': None}
[0.318s] INFO:colcon.colcon_core.executor:Executing jobs using 'parallel' executor
[0.321s] DEBUG:colcon.colcon_parallel_executor.executor.parallel:run_until_complete
[0.321s] INFO:colcon.colcon_ros.task.ament_cmake.build:Building ROS package in '/home/parth/Desktop/ros2_ws/src/rrbot_simulation_files/rrbot_description' with build type 'ament_cmake'
[0.321s] INFO:colcon.colcon_cmake.task.cmake.build:Building CMake package in '/home/parth/Desktop/ros2_ws/src/rrbot_simulation_files/rrbot_description'
[0.325s] INFO:colcon.colcon_core.plugin_system:Skipping extension 'colcon_core.shell.bat': Not used on non-Windows systems
[0.325s] INFO:colcon.colcon_core.shell:Skip shell extension 'powershell' for command environment: Not usable outside of PowerShell
[0.325s] DEBUG:colcon.colcon_core.shell:Skip shell extension 'dsv' for command environment
[0.335s] DEBUG:colcon.colcon_core.event_handler.log_command:Invoking command in '/home/parth/Desktop/ros2_ws/build/rrbot_description': CMAKE_PREFIX_PATH=/opt/ros/humble /usr/bin/cmake /home/parth/Desktop/ros2_ws/src/rrbot_simulation_files/rrbot_description -DCMAKE_INSTALL_PREFIX=/home/parth/Desktop/ros2_ws/install/rrbot_description
[1.189s] DEBUG:colcon.colcon_core.event_handler.log_command:Invoked command in '/home/parth/Desktop/ros2_ws/build/rrbot_description' returned '0': CMAKE_PREFIX_PATH=/opt/ros/humble /usr/bin/cmake /home/parth/Desktop/ros2_ws/src/rrbot_simulation_files/rrbot_description -DCMAKE_INSTALL_PREFIX=/home/parth/Desktop/ros2_ws/install/rrbot_description
[1.189s] DEBUG:colcon.colcon_core.event_handler.log_command:Invoking command in '/home/parth/Desktop/ros2_ws/build/rrbot_description': CMAKE_PREFIX_PATH=/opt/ros/humble /usr/bin/cmake --build /home/parth/Desktop/ros2_ws/build/rrbot_description -- -j16 -l16
[1.215s] DEBUG:colcon.colcon_core.event_handler.log_command:Invoked command in '/home/parth/Desktop/ros2_ws/build/rrbot_description' returned '0': CMAKE_PREFIX_PATH=/opt/ros/humble /usr/bin/cmake --build /home/parth/Desktop/ros2_ws/build/rrbot_description -- -j16 -l16
[1.251s] DEBUG:colcon.colcon_core.event_handler.log_command:Invoking command in '/home/parth/Desktop/ros2_ws/build/rrbot_description': CMAKE_PREFIX_PATH=/opt/ros/humble /usr/bin/cmake --install /home/parth/Desktop/ros2_ws/build/rrbot_description
[1.263s] Level 1:colcon.colcon_core.environment:create_environment_scripts_only(rrbot_description)
[1.265s] DEBUG:colcon.colcon_core.event_handler.log_command:Invoked command in '/home/parth/Desktop/ros2_ws/build/rrbot_description' returned '0': CMAKE_PREFIX_PATH=/opt/ros/humble /usr/bin/cmake --install /home/parth/Desktop/ros2_ws/build/rrbot_description
[1.273s] Level 1:colcon.colcon_core.environment:checking '/home/parth/Desktop/ros2_ws/install/rrbot_description' for CMake module files
[1.274s] Level 1:colcon.colcon_core.environment:checking '/home/parth/Desktop/ros2_ws/install/rrbot_description' for CMake config files
[1.274s] Level 1:colcon.colcon_core.shell:create_environment_hook('rrbot_description', 'cmake_prefix_path')
[1.277s] INFO:colcon.colcon_core.shell:Creating environment hook '/home/parth/Desktop/ros2_ws/install/rrbot_description/share/rrbot_description/hook/cmake_prefix_path.ps1'
[1.278s] INFO:colcon.colcon_core.shell:Creating environment descriptor '/home/parth/Desktop/ros2_ws/install/rrbot_description/share/rrbot_description/hook/cmake_prefix_path.dsv'
[1.279s] INFO:colcon.colcon_core.shell:Creating environment hook '/home/parth/Desktop/ros2_ws/install/rrbot_description/share/rrbot_description/hook/cmake_prefix_path.sh'
[1.281s] Level 1:colcon.colcon_core.environment:checking '/home/parth/Desktop/ros2_ws/install/rrbot_description/bin'
[1.281s] Level 1:colcon.colcon_core.environment:checking '/home/parth/Desktop/ros2_ws/install/rrbot_description/lib/pkgconfig/rrbot_description.pc'
[1.281s] Level 1:colcon.colcon_core.environment:checking '/home/parth/Desktop/ros2_ws/install/rrbot_description/lib/python3.10/site-packages'
[1.282s] Level 1:colcon.colcon_core.environment:checking '/home/parth/Desktop/ros2_ws/install/rrbot_description/bin'
[1.284s] INFO:colcon.colcon_core.shell:Creating package script '/home/parth/Desktop/ros2_ws/install/rrbot_description/share/rrbot_description/package.ps1'
[1.286s] INFO:colcon.colcon_core.shell:Creating package descriptor '/home/parth/Desktop/ros2_ws/install/rrbot_description/share/rrbot_description/package.dsv'
[1.287s] INFO:colcon.colcon_core.shell:Creating package script '/home/parth/Desktop/ros2_ws/install/rrbot_description/share/rrbot_description/package.sh'
[1.288s] INFO:colcon.colcon_core.shell:Creating package script '/home/parth/Desktop/ros2_ws/install/rrbot_description/share/rrbot_description/package.bash'
[1.289s] INFO:colcon.colcon_core.shell:Creating package script '/home/parth/Desktop/ros2_ws/install/rrbot_description/share/rrbot_description/package.zsh'
[1.290s] Level 1:colcon.colcon_core.environment:create_file_with_runtime_dependencies(/home/parth/Desktop/ros2_ws/install/rrbot_description/share/colcon-core/packages/rrbot_description)
[1.306s] Level 1:colcon.colcon_core.environment:create_environment_scripts_only(rrbot_description)
[1.310s] Level 1:colcon.colcon_core.environment:checking '/home/parth/Desktop/ros2_ws/install/rrbot_description' for CMake module files
[1.311s] Level 1:colcon.colcon_core.environment:checking '/home/parth/Desktop/ros2_ws/install/rrbot_description' for CMake config files
[1.311s] Level 1:colcon.colcon_core.shell:create_environment_hook('rrbot_description', 'cmake_prefix_path')
[1.314s] INFO:colcon.colcon_core.shell:Creating environment hook '/home/parth/Desktop/ros2_ws/install/rrbot_description/share/rrbot_description/hook/cmake_prefix_path.ps1'
[1.314s] INFO:colcon.colcon_core.shell:Creating environment descriptor '/home/parth/Desktop/ros2_ws/install/rrbot_description/share/rrbot_description/hook/cmake_prefix_path.dsv'
[1.315s] INFO:colcon.colcon_core.shell:Creating environment hook '/home/parth/Desktop/ros2_ws/install/rrbot_description/share/rrbot_description/hook/cmake_prefix_path.sh'
[1.316s] Level 1:colcon.colcon_core.environment:checking '/home/parth/Desktop/ros2_ws/install/rrbot_description/bin'
[1.316s] Level 1:colcon.colcon_core.environment:checking '/home/parth/Desktop/ros2_ws/install/rrbot_description/lib/pkgconfig/rrbot_description.pc'
[1.316s] Level 1:colcon.colcon_core.environment:checking '/home/parth/Desktop/ros2_ws/install/rrbot_description/lib/python3.10/site-packages'
[1.317s] Level 1:colcon.colcon_core.environment:checking '/home/parth/Desktop/ros2_ws/install/rrbot_description/bin'
[1.319s] INFO:colcon.colcon_core.shell:Creating package script '/home/parth/Desktop/ros2_ws/install/rrbot_description/share/rrbot_description/package.ps1'
[1.320s] INFO:colcon.colcon_core.shell:Creating package descriptor '/home/parth/Desktop/ros2_ws/install/rrbot_description/share/rrbot_description/package.dsv'
[1.321s] INFO:colcon.colcon_core.shell:Creating package script '/home/parth/Desktop/ros2_ws/install/rrbot_description/share/rrbot_description/package.sh'
[1.321s] INFO:colcon.colcon_core.shell:Creating package script '/home/parth/Desktop/ros2_ws/install/rrbot_description/share/rrbot_description/package.bash'
[1.322s] INFO:colcon.colcon_core.shell:Creating package script '/home/parth/Desktop/ros2_ws/install/rrbot_description/share/rrbot_description/package.zsh'
[1.323s] Level 1:colcon.colcon_core.environment:create_file_with_runtime_dependencies(/home/parth/Desktop/ros2_ws/install/rrbot_description/share/colcon-core/packages/rrbot_description)
[1.323s] INFO:colcon.colcon_ros.task.ament_cmake.build:Building ROS package in '/home/parth/Desktop/ros2_ws/src/rrbot_simulation_files/rrbot_gazebo' with build type 'ament_cmake'
[1.324s] INFO:colcon.colcon_cmake.task.cmake.build:Building CMake package in '/home/parth/Desktop/ros2_ws/src/rrbot_simulation_files/rrbot_gazebo'
[1.326s] INFO:colcon.colcon_core.shell:Skip shell extension 'powershell' for command environment: Not usable outside of PowerShell
[1.326s] DEBUG:colcon.colcon_core.shell:Skip shell extension 'dsv' for command environment
[1.395s] DEBUG:colcon.colcon_core.event_handler.log_command:Invoking command in '/home/parth/Desktop/ros2_ws/build/rrbot_gazebo': AMENT_PREFIX_PATH=/home/parth/Desktop/ros2_ws/install/rrbot_description:${AMENT_PREFIX_PATH} CMAKE_PREFIX_PATH=/home/parth/Desktop/ros2_ws/install/rrbot_description:/opt/ros/humble /usr/bin/cmake /home/parth/Desktop/ros2_ws/src/rrbot_simulation_files/rrbot_gazebo -DCMAKE_INSTALL_PREFIX=/home/parth/Desktop/ros2_ws/install/rrbot_gazebo
[2.757s] DEBUG:colcon.colcon_core.event_handler.log_command:Invoked command in '/home/parth/Desktop/ros2_ws/build/rrbot_gazebo' returned '0': AMENT_PREFIX_PATH=/home/parth/Desktop/ros2_ws/install/rrbot_description:${AMENT_PREFIX_PATH} CMAKE_PREFIX_PATH=/home/parth/Desktop/ros2_ws/install/rrbot_description:/opt/ros/humble /usr/bin/cmake /home/parth/Desktop/ros2_ws/src/rrbot_simulation_files/rrbot_gazebo -DCMAKE_INSTALL_PREFIX=/home/parth/Desktop/ros2_ws/install/rrbot_gazebo
[2.759s] DEBUG:colcon.colcon_core.event_handler.log_command:Invoking command in '/home/parth/Desktop/ros2_ws/build/rrbot_gazebo': AMENT_PREFIX_PATH=/home/parth/Desktop/ros2_ws/install/rrbot_description:${AMENT_PREFIX_PATH} CMAKE_PREFIX_PATH=/home/parth/Desktop/ros2_ws/install/rrbot_description:/opt/ros/humble /usr/bin/cmake --build /home/parth/Desktop/ros2_ws/build/rrbot_gazebo -- -j16 -l16
[6.283s] DEBUG:colcon.colcon_core.event_handler.log_command:Invoked command in '/home/parth/Desktop/ros2_ws/build/rrbot_gazebo' returned '0': AMENT_PREFIX_PATH=/home/parth/Desktop/ros2_ws/install/rrbot_description:${AMENT_PREFIX_PATH} CMAKE_PREFIX_PATH=/home/parth/Desktop/ros2_ws/install/rrbot_description:/opt/ros/humble /usr/bin/cmake --build /home/parth/Desktop/ros2_ws/build/rrbot_gazebo -- -j16 -l16
[6.318s] DEBUG:colcon.colcon_core.event_handler.log_command:Invoking command in '/home/parth/Desktop/ros2_ws/build/rrbot_gazebo': AMENT_PREFIX_PATH=/home/parth/Desktop/ros2_ws/install/rrbot_description:${AMENT_PREFIX_PATH} CMAKE_PREFIX_PATH=/home/parth/Desktop/ros2_ws/install/rrbot_description:/opt/ros/humble /usr/bin/cmake --install /home/parth/Desktop/ros2_ws/build/rrbot_gazebo
[6.347s] Level 1:colcon.colcon_core.environment:create_environment_scripts_only(rrbot_gazebo)
[6.349s] Level 1:colcon.colcon_core.environment:checking '/home/parth/Desktop/ros2_ws/install/rrbot_gazebo' for CMake module files
[6.349s] DEBUG:colcon.colcon_core.event_handler.log_command:Invoked command in '/home/parth/Desktop/ros2_ws/build/rrbot_gazebo' returned '0': AMENT_PREFIX_PATH=/home/parth/Desktop/ros2_ws/install/rrbot_description:${AMENT_PREFIX_PATH} CMAKE_PREFIX_PATH=/home/parth/Desktop/ros2_ws/install/rrbot_description:/opt/ros/humble /usr/bin/cmake --install /home/parth/Desktop/ros2_ws/build/rrbot_gazebo
[6.350s] Level 1:colcon.colcon_core.environment:checking '/home/parth/Desktop/ros2_ws/install/rrbot_gazebo' for CMake config files
[6.350s] Level 1:colcon.colcon_core.shell:create_environment_hook('rrbot_gazebo', 'cmake_prefix_path')
[6.351s] INFO:colcon.colcon_core.shell:Creating environment hook '/home/parth/Desktop/ros2_ws/install/rrbot_gazebo/share/rrbot_gazebo/hook/cmake_prefix_path.ps1'
[6.351s] INFO:colcon.colcon_core.shell:Creating environment descriptor '/home/parth/Desktop/ros2_ws/install/rrbot_gazebo/share/rrbot_gazebo/hook/cmake_prefix_path.dsv'
[6.351s] INFO:colcon.colcon_core.shell:Creating environment hook '/home/parth/Desktop/ros2_ws/install/rrbot_gazebo/share/rrbot_gazebo/hook/cmake_prefix_path.sh'
[6.351s] Level 1:colcon.colcon_core.environment:checking '/home/parth/Desktop/ros2_ws/install/rrbot_gazebo/lib'
[6.352s] Level 1:colcon.colcon_core.environment:checking '/home/parth/Desktop/ros2_ws/install/rrbot_gazebo/bin'
[6.352s] Level 1:colcon.colcon_core.environment:checking '/home/parth/Desktop/ros2_ws/install/rrbot_gazebo/lib/pkgconfig/rrbot_gazebo.pc'
[6.352s] Level 1:colcon.colcon_core.environment:checking '/home/parth/Desktop/ros2_ws/install/rrbot_gazebo/lib/python3.10/site-packages'
[6.352s] Level 1:colcon.colcon_core.environment:checking '/home/parth/Desktop/ros2_ws/install/rrbot_gazebo/bin'
[6.353s] INFO:colcon.colcon_core.shell:Creating package script '/home/parth/Desktop/ros2_ws/install/rrbot_gazebo/share/rrbot_gazebo/package.ps1'
[6.353s] INFO:colcon.colcon_core.shell:Creating package descriptor '/home/parth/Desktop/ros2_ws/install/rrbot_gazebo/share/rrbot_gazebo/package.dsv'
[6.353s] INFO:colcon.colcon_core.shell:Creating package script '/home/parth/Desktop/ros2_ws/install/rrbot_gazebo/share/rrbot_gazebo/package.sh'
[6.354s] INFO:colcon.colcon_core.shell:Creating package script '/home/parth/Desktop/ros2_ws/install/rrbot_gazebo/share/rrbot_gazebo/package.bash'
[6.354s] INFO:colcon.colcon_core.shell:Creating package script '/home/parth/Desktop/ros2_ws/install/rrbot_gazebo/share/rrbot_gazebo/package.zsh'
[6.354s] Level 1:colcon.colcon_core.environment:create_file_with_runtime_dependencies(/home/parth/Desktop/ros2_ws/install/rrbot_gazebo/share/colcon-core/packages/rrbot_gazebo)
[6.395s] Level 1:colcon.colcon_core.environment:create_environment_scripts_only(rrbot_gazebo)
[6.399s] Level 1:colcon.colcon_core.environment:checking '/home/parth/Desktop/ros2_ws/install/rrbot_gazebo' for CMake module files
[6.400s] Level 1:colcon.colcon_core.environment:checking '/home/parth/Desktop/ros2_ws/install/rrbot_gazebo' for CMake config files
[6.400s] Level 1:colcon.colcon_core.shell:create_environment_hook('rrbot_gazebo', 'cmake_prefix_path')
[6.402s] INFO:colcon.colcon_core.shell:Creating environment hook '/home/parth/Desktop/ros2_ws/install/rrbot_gazebo/share/rrbot_gazebo/hook/cmake_prefix_path.ps1'
[6.403s] INFO:colcon.colcon_core.shell:Creating environment descriptor '/home/parth/Desktop/ros2_ws/install/rrbot_gazebo/share/rrbot_gazebo/hook/cmake_prefix_path.dsv'
[6.404s] INFO:colcon.colcon_core.shell:Creating environment hook '/home/parth/Desktop/ros2_ws/install/rrbot_gazebo/share/rrbot_gazebo/hook/cmake_prefix_path.sh'
[6.405s] Level 1:colcon.colcon_core.environment:checking '/home/parth/Desktop/ros2_ws/install/rrbot_gazebo/lib'
[6.405s] Level 1:colcon.colcon_core.environment:checking '/home/parth/Desktop/ros2_ws/install/rrbot_gazebo/bin'
[6.405s] Level 1:colcon.colcon_core.environment:checking '/home/parth/Desktop/ros2_ws/install/rrbot_gazebo/lib/pkgconfig/rrbot_gazebo.pc'
[6.405s] Level 1:colcon.colcon_core.environment:checking '/home/parth/Desktop/ros2_ws/install/rrbot_gazebo/lib/python3.10/site-packages'
[6.406s] Level 1:colcon.colcon_core.environment:checking '/home/parth/Desktop/ros2_ws/install/rrbot_gazebo/bin'
[6.408s] INFO:colcon.colcon_core.shell:Creating package script '/home/parth/Desktop/ros2_ws/install/rrbot_gazebo/share/rrbot_gazebo/package.ps1'
[6.409s] INFO:colcon.colcon_core.shell:Creating package descriptor '/home/parth/Desktop/ros2_ws/install/rrbot_gazebo/share/rrbot_gazebo/package.dsv'
[6.410s] INFO:colcon.colcon_core.shell:Creating package script '/home/parth/Desktop/ros2_ws/install/rrbot_gazebo/share/rrbot_gazebo/package.sh'
[6.410s] INFO:colcon.colcon_core.shell:Creating package script '/home/parth/Desktop/ros2_ws/install/rrbot_gazebo/share/rrbot_gazebo/package.bash'
[6.411s] INFO:colcon.colcon_core.shell:Creating package script '/home/parth/Desktop/ros2_ws/install/rrbot_gazebo/share/rrbot_gazebo/package.zsh'
[6.411s] Level 1:colcon.colcon_core.environment:create_file_with_runtime_dependencies(/home/parth/Desktop/ros2_ws/install/rrbot_gazebo/share/colcon-core/packages/rrbot_gazebo)
[6.412s] DEBUG:colcon.colcon_parallel_executor.executor.parallel:closing loop
[6.412s] DEBUG:colcon.colcon_parallel_executor.executor.parallel:loop closed
[6.413s] DEBUG:colcon.colcon_parallel_executor.executor.parallel:run_until_complete finished with '0'
[6.413s] DEBUG:colcon.colcon_core.event_reactor:joining thread
[6.425s] INFO:colcon.colcon_core.plugin_system:Skipping extension 'colcon_notification.desktop_notification.terminal_notifier': Not used on non-Darwin systems
[6.425s] INFO:colcon.colcon_core.plugin_system:Skipping extension 'colcon_notification.desktop_notification.win32': Not used on non-Windows systems
[6.425s] INFO:colcon.colcon_notification.desktop_notification:Sending desktop notification using 'notify2'
[6.439s] DEBUG:colcon.colcon_core.event_reactor:joined thread
[6.442s] INFO:colcon.colcon_core.shell:Creating prefix script '/home/parth/Desktop/ros2_ws/install/local_setup.ps1'
[6.444s] INFO:colcon.colcon_core.shell:Creating prefix util module '/home/parth/Desktop/ros2_ws/install/_local_setup_util_ps1.py'
[6.448s] INFO:colcon.colcon_core.shell:Creating prefix chain script '/home/parth/Desktop/ros2_ws/install/setup.ps1'
[6.452s] INFO:colcon.colcon_core.shell:Creating prefix script '/home/parth/Desktop/ros2_ws/install/local_setup.sh'
[6.453s] INFO:colcon.colcon_core.shell:Creating prefix util module '/home/parth/Desktop/ros2_ws/install/_local_setup_util_sh.py'
[6.454s] INFO:colcon.colcon_core.shell:Creating prefix chain script '/home/parth/Desktop/ros2_ws/install/setup.sh'
[6.456s] INFO:colcon.colcon_core.shell:Creating prefix script '/home/parth/Desktop/ros2_ws/install/local_setup.bash'
[6.457s] INFO:colcon.colcon_core.shell:Creating prefix chain script '/home/parth/Desktop/ros2_ws/install/setup.bash'
[6.460s] INFO:colcon.colcon_core.shell:Creating prefix script '/home/parth/Desktop/ros2_ws/install/local_setup.zsh'
[6.461s] INFO:colcon.colcon_core.shell:Creating prefix chain script '/home/parth/Desktop/ros2_ws/install/setup.zsh'
