[0.015s] Invoking command in '/home/parth/Desktop/ros2_ws/src/build/rrbot_description': CMAKE_PREFIX_PATH=${CMAKE_PREFIX_PATH}:/opt/ros/humble /usr/bin/cmake /home/parth/Desktop/ros2_ws/src/rrbot_simulation_files/rrbot_description -DCMAKE_INSTALL_PREFIX=/home/parth/Desktop/ros2_ws/src/install/rrbot_description
[0.093s] -- The C compiler identification is GNU 11.3.0
[0.162s] -- The CXX compiler identification is GNU 11.3.0
[0.170s] -- Detecting C compiler ABI info
[0.260s] -- Detecting C compiler ABI info - done
[0.266s] -- Check for working C compiler: /usr/bin/cc - skipped
[0.267s] -- Detecting C compile features
[0.267s] -- Detecting C compile features - done
[0.270s] -- Detecting CXX compiler ABI info
[0.353s] -- Detecting CXX compiler ABI info - done
[0.360s] -- Check for working CXX compiler: /usr/bin/c++ - skipped
[0.361s] -- Detecting CXX compile features
[0.361s] -- Detecting CXX compile features - done
[0.364s] -- Found ament_cmake: 1.3.2 (/opt/ros/humble/share/ament_cmake/cmake)
[0.565s] -- Found Python3: /usr/bin/python3.10 (found version "3.10.6") found components: Interpreter 
[0.714s] -- Configuring done
[0.717s] -- Generating done
[0.718s] -- Build files have been written to: /home/parth/Desktop/ros2_ws/src/build/rrbot_description
[0.724s] Invoked command in '/home/parth/Desktop/ros2_ws/src/build/rrbot_description' returned '0': CMAKE_PREFIX_PATH=${CMAKE_PREFIX_PATH}:/opt/ros/humble /usr/bin/cmake /home/parth/Desktop/ros2_ws/src/rrbot_simulation_files/rrbot_description -DCMAKE_INSTALL_PREFIX=/home/parth/Desktop/ros2_ws/src/install/rrbot_description
[0.724s] Invoking command in '/home/parth/Desktop/ros2_ws/src/build/rrbot_description': CMAKE_PREFIX_PATH=${CMAKE_PREFIX_PATH}:/opt/ros/humble /usr/bin/cmake --build /home/parth/Desktop/ros2_ws/src/build/rrbot_description -- -j16 -l16
[0.766s] Invoked command in '/home/parth/Desktop/ros2_ws/src/build/rrbot_description' returned '0': CMAKE_PREFIX_PATH=${CMAKE_PREFIX_PATH}:/opt/ros/humble /usr/bin/cmake --build /home/parth/Desktop/ros2_ws/src/build/rrbot_description -- -j16 -l16
[0.792s] Invoking command in '/home/parth/Desktop/ros2_ws/src/build/rrbot_description': CMAKE_PREFIX_PATH=${CMAKE_PREFIX_PATH}:/opt/ros/humble /usr/bin/cmake --install /home/parth/Desktop/ros2_ws/src/build/rrbot_description
[0.802s] -- Install configuration: ""
[0.802s] -- Installing: /home/parth/Desktop/ros2_ws/src/install/rrbot_description/share/rrbot_description/config
[0.802s] -- Installing: /home/parth/Desktop/ros2_ws/src/install/rrbot_description/share/rrbot_description/config/rrbot.rviz
[0.802s] -- Installing: /home/parth/Desktop/ros2_ws/src/install/rrbot_description/share/rrbot_description/gazebo
[0.802s] -- Installing: /home/parth/Desktop/ros2_ws/src/install/rrbot_description/share/rrbot_description/gazebo/rrbot.materials.xacro
[0.802s] -- Installing: /home/parth/Desktop/ros2_ws/src/install/rrbot_description/share/rrbot_description/gazebo/rrbot.gazebo.xacro
[0.802s] -- Installing: /home/parth/Desktop/ros2_ws/src/install/rrbot_description/share/rrbot_description/meshes
[0.803s] -- Installing: /home/parth/Desktop/ros2_ws/src/install/rrbot_description/share/rrbot_description/meshes/hokuyo.dae
[0.803s] -- Installing: /home/parth/Desktop/ros2_ws/src/install/rrbot_description/share/rrbot_description/launch
[0.803s] -- Installing: /home/parth/Desktop/ros2_ws/src/install/rrbot_description/share/rrbot_description/launch/view_robot.launch.py
[0.803s] -- Installing: /home/parth/Desktop/ros2_ws/src/install/rrbot_description/share/rrbot_description/ros2_control
[0.803s] -- Installing: /home/parth/Desktop/ros2_ws/src/install/rrbot_description/share/rrbot_description/ros2_control/rrbot.ros2_control.xacro
[0.803s] -- Installing: /home/parth/Desktop/ros2_ws/src/install/rrbot_description/share/rrbot_description/urdf
[0.803s] -- Installing: /home/parth/Desktop/ros2_ws/src/install/rrbot_description/share/rrbot_description/urdf/rrbot.urdf.xacro
[0.803s] -- Installing: /home/parth/Desktop/ros2_ws/src/install/rrbot_description/share/rrbot_description/urdf/rrbot_description.urdf.xacro
[0.803s] -- Installing: /home/parth/Desktop/ros2_ws/src/install/rrbot_description/share/rrbot_description/environment/rrbot_description.dsv
[0.805s] -- Installing: /home/parth/Desktop/ros2_ws/src/install/rrbot_description/share/ament_index/resource_index/package_run_dependencies/rrbot_description
[0.805s] -- Installing: /home/parth/Desktop/ros2_ws/src/install/rrbot_description/share/ament_index/resource_index/parent_prefix_path/rrbot_description
[0.805s] -- Installing: /home/parth/Desktop/ros2_ws/src/install/rrbot_description/share/rrbot_description/environment/ament_prefix_path.sh
[0.805s] -- Installing: /home/parth/Desktop/ros2_ws/src/install/rrbot_description/share/rrbot_description/environment/ament_prefix_path.dsv
[0.805s] -- Installing: /home/parth/Desktop/ros2_ws/src/install/rrbot_description/share/rrbot_description/environment/path.sh
[0.805s] -- Installing: /home/parth/Desktop/ros2_ws/src/install/rrbot_description/share/rrbot_description/environment/path.dsv
[0.805s] -- Installing: /home/parth/Desktop/ros2_ws/src/install/rrbot_description/share/rrbot_description/local_setup.bash
[0.805s] -- Installing: /home/parth/Desktop/ros2_ws/src/install/rrbot_description/share/rrbot_description/local_setup.sh
[0.806s] -- Installing: /home/parth/Desktop/ros2_ws/src/install/rrbot_description/share/rrbot_description/local_setup.zsh
[0.806s] -- Installing: /home/parth/Desktop/ros2_ws/src/install/rrbot_description/share/rrbot_description/local_setup.dsv
[0.806s] -- Installing: /home/parth/Desktop/ros2_ws/src/install/rrbot_description/share/rrbot_description/package.dsv
[0.806s] -- Installing: /home/parth/Desktop/ros2_ws/src/install/rrbot_description/share/ament_index/resource_index/packages/rrbot_description
[0.806s] -- Installing: /home/parth/Desktop/ros2_ws/src/install/rrbot_description/share/rrbot_description/cmake/rrbot_descriptionConfig.cmake
[0.806s] -- Installing: /home/parth/Desktop/ros2_ws/src/install/rrbot_description/share/rrbot_description/cmake/rrbot_descriptionConfig-version.cmake
[0.806s] -- Installing: /home/parth/Desktop/ros2_ws/src/install/rrbot_description/share/rrbot_description/package.xml
[0.811s] Invoked command in '/home/parth/Desktop/ros2_ws/src/build/rrbot_description' returned '0': CMAKE_PREFIX_PATH=${CMAKE_PREFIX_PATH}:/opt/ros/humble /usr/bin/cmake --install /home/parth/Desktop/ros2_ws/src/build/rrbot_description
