[0.214s] DEBUG:colcon:Command line arguments: ['/usr/bin/colcon', 'build']
[0.214s] DEBUG:colcon:Parsed command line arguments: Namespace(log_base=None, log_level=None, verb_name='build', build_base='build', install_base='install', merge_install=False, symlink_install=False, test_result_base=None, continue_on_error=False, executor='parallel', parallel_workers=16, event_handlers=None, ignore_user_meta=False, metas=['./colcon.meta'], base_paths=['.'], packages_ignore=None, packages_ignore_regex=None, paths=None, packages_up_to=None, packages_up_to_regex=None, packages_above=None, packages_above_and_dependencies=None, packages_above_depth=None, packages_select_by_dep=None, packages_skip_by_dep=None, packages_skip_up_to=None, packages_select_build_failed=False, packages_skip_build_finished=False, packages_select_test_failures=False, packages_skip_test_passed=False, packages_select=None, packages_skip=None, packages_select_regex=None, packages_skip_regex=None, packages_start=None, packages_end=None, allow_overriding=[], cmake_args=None, cmake_target=None, cmake_target_skip_unavailable=False, cmake_clean_cache=False, cmake_clean_first=False, cmake_force_configure=False, ament_cmake_args=None, catkin_cmake_args=None, catkin_skip_building_tests=False, verb_parser=<colcon_defaults.argument_parser.defaults.DefaultArgumentsDecorator object at 0x7fd59f177400>, verb_extension=<colcon_core.verb.build.BuildVerb object at 0x7fd59fadabf0>, main=<bound method BuildVerb.main of <colcon_core.verb.build.BuildVerb object at 0x7fd59fadabf0>>)
[0.232s] Level 1:colcon.colcon_core.package_discovery:discover_packages(colcon_meta) check parameters
[0.232s] Level 1:colcon.colcon_core.package_discovery:discover_packages(recursive) check parameters
[0.232s] Level 1:colcon.colcon_core.package_discovery:discover_packages(ignore) check parameters
[0.232s] Level 1:colcon.colcon_core.package_discovery:discover_packages(path) check parameters
[0.232s] Level 1:colcon.colcon_core.package_discovery:discover_packages(colcon_meta) discover
[0.232s] Level 1:colcon.colcon_core.package_discovery:discover_packages(recursive) discover
[0.232s] INFO:colcon.colcon_core.package_discovery:Crawling recursively for packages in '/home/parth/Desktop/ros2_ws'
[0.232s] Level 1:colcon.colcon_core.package_identification:_identify(.) by extensions ['ignore', 'ignore_ament_install']
[0.232s] Level 1:colcon.colcon_core.package_identification:_identify(.) by extension 'ignore'
[0.232s] Level 1:colcon.colcon_core.package_identification:_identify(.) by extension 'ignore_ament_install'
[0.232s] Level 1:colcon.colcon_core.package_identification:_identify(.) by extensions ['colcon_pkg']
[0.232s] Level 1:colcon.colcon_core.package_identification:_identify(.) by extension 'colcon_pkg'
[0.232s] Level 1:colcon.colcon_core.package_identification:_identify(.) by extensions ['colcon_meta']
[0.232s] Level 1:colcon.colcon_core.package_identification:_identify(.) by extension 'colcon_meta'
[0.233s] Level 1:colcon.colcon_core.package_identification:_identify(.) by extensions ['ros']
[0.233s] Level 1:colcon.colcon_core.package_identification:_identify(.) by extension 'ros'
[0.250s] Level 1:colcon.colcon_core.package_identification:_identify(.) by extensions ['cmake', 'python']
[0.250s] Level 1:colcon.colcon_core.package_identification:_identify(.) by extension 'cmake'
[0.250s] Level 1:colcon.colcon_core.package_identification:_identify(.) by extension 'python'
[0.250s] Level 1:colcon.colcon_core.package_identification:_identify(.) by extensions ['python_setup_py']
[0.250s] Level 1:colcon.colcon_core.package_identification:_identify(.) by extension 'python_setup_py'
[0.250s] Level 1:colcon.colcon_core.package_identification:_identify(Resources) by extensions ['ignore', 'ignore_ament_install']
[0.250s] Level 1:colcon.colcon_core.package_identification:_identify(Resources) by extension 'ignore'
[0.250s] Level 1:colcon.colcon_core.package_identification:_identify(Resources) by extension 'ignore_ament_install'
[0.250s] Level 1:colcon.colcon_core.package_identification:_identify(Resources) by extensions ['colcon_pkg']
[0.250s] Level 1:colcon.colcon_core.package_identification:_identify(Resources) by extension 'colcon_pkg'
[0.250s] Level 1:colcon.colcon_core.package_identification:_identify(Resources) by extensions ['colcon_meta']
[0.250s] Level 1:colcon.colcon_core.package_identification:_identify(Resources) by extension 'colcon_meta'
[0.250s] Level 1:colcon.colcon_core.package_identification:_identify(Resources) by extensions ['ros']
[0.250s] Level 1:colcon.colcon_core.package_identification:_identify(Resources) by extension 'ros'
[0.250s] Level 1:colcon.colcon_core.package_identification:_identify(Resources) by extensions ['cmake', 'python']
[0.250s] Level 1:colcon.colcon_core.package_identification:_identify(Resources) by extension 'cmake'
[0.250s] Level 1:colcon.colcon_core.package_identification:_identify(Resources) by extension 'python'
[0.250s] Level 1:colcon.colcon_core.package_identification:_identify(Resources) by extensions ['python_setup_py']
[0.250s] Level 1:colcon.colcon_core.package_identification:_identify(Resources) by extension 'python_setup_py'
[0.250s] Level 1:colcon.colcon_core.package_identification:_identify(Resources/Group Project 1) by extensions ['ignore', 'ignore_ament_install']
[0.250s] Level 1:colcon.colcon_core.package_identification:_identify(Resources/Group Project 1) by extension 'ignore'
[0.250s] Level 1:colcon.colcon_core.package_identification:_identify(Resources/Group Project 1) by extension 'ignore_ament_install'
[0.250s] Level 1:colcon.colcon_core.package_identification:_identify(Resources/Group Project 1) by extensions ['colcon_pkg']
[0.251s] Level 1:colcon.colcon_core.package_identification:_identify(Resources/Group Project 1) by extension 'colcon_pkg'
[0.251s] Level 1:colcon.colcon_core.package_identification:_identify(Resources/Group Project 1) by extensions ['colcon_meta']
[0.251s] Level 1:colcon.colcon_core.package_identification:_identify(Resources/Group Project 1) by extension 'colcon_meta'
[0.251s] Level 1:colcon.colcon_core.package_identification:_identify(Resources/Group Project 1) by extensions ['ros']
[0.251s] Level 1:colcon.colcon_core.package_identification:_identify(Resources/Group Project 1) by extension 'ros'
[0.251s] Level 1:colcon.colcon_core.package_identification:_identify(Resources/Group Project 1) by extensions ['cmake', 'python']
[0.251s] Level 1:colcon.colcon_core.package_identification:_identify(Resources/Group Project 1) by extension 'cmake'
[0.251s] Level 1:colcon.colcon_core.package_identification:_identify(Resources/Group Project 1) by extension 'python'
[0.251s] Level 1:colcon.colcon_core.package_identification:_identify(Resources/Group Project 1) by extensions ['python_setup_py']
[0.251s] Level 1:colcon.colcon_core.package_identification:_identify(Resources/Group Project 1) by extension 'python_setup_py'
[0.251s] Level 1:colcon.colcon_core.package_identification:_identify(Submissions) by extensions ['ignore', 'ignore_ament_install']
[0.251s] Level 1:colcon.colcon_core.package_identification:_identify(Submissions) by extension 'ignore'
[0.251s] Level 1:colcon.colcon_core.package_identification:_identify(Submissions) by extension 'ignore_ament_install'
[0.251s] Level 1:colcon.colcon_core.package_identification:_identify(Submissions) by extensions ['colcon_pkg']
[0.251s] Level 1:colcon.colcon_core.package_identification:_identify(Submissions) by extension 'colcon_pkg'
[0.251s] Level 1:colcon.colcon_core.package_identification:_identify(Submissions) by extensions ['colcon_meta']
[0.251s] Level 1:colcon.colcon_core.package_identification:_identify(Submissions) by extension 'colcon_meta'
[0.251s] Level 1:colcon.colcon_core.package_identification:_identify(Submissions) by extensions ['ros']
[0.251s] Level 1:colcon.colcon_core.package_identification:_identify(Submissions) by extension 'ros'
[0.251s] Level 1:colcon.colcon_core.package_identification:_identify(Submissions) by extensions ['cmake', 'python']
[0.251s] Level 1:colcon.colcon_core.package_identification:_identify(Submissions) by extension 'cmake'
[0.251s] Level 1:colcon.colcon_core.package_identification:_identify(Submissions) by extension 'python'
[0.251s] Level 1:colcon.colcon_core.package_identification:_identify(Submissions) by extensions ['python_setup_py']
[0.251s] Level 1:colcon.colcon_core.package_identification:_identify(Submissions) by extension 'python_setup_py'
[0.251s] Level 1:colcon.colcon_core.package_identification:_identify(build) by extensions ['ignore', 'ignore_ament_install']
[0.251s] Level 1:colcon.colcon_core.package_identification:_identify(build) by extension 'ignore'
[0.251s] Level 1:colcon.colcon_core.package_identification:_identify(build) ignored
[0.252s] Level 1:colcon.colcon_core.package_identification:_identify(install) by extensions ['ignore', 'ignore_ament_install']
[0.252s] Level 1:colcon.colcon_core.package_identification:_identify(install) by extension 'ignore'
[0.252s] Level 1:colcon.colcon_core.package_identification:_identify(install) ignored
[0.252s] Level 1:colcon.colcon_core.package_identification:_identify(log) by extensions ['ignore', 'ignore_ament_install']
[0.252s] Level 1:colcon.colcon_core.package_identification:_identify(log) by extension 'ignore'
[0.252s] Level 1:colcon.colcon_core.package_identification:_identify(log) ignored
[0.252s] Level 1:colcon.colcon_core.package_identification:_identify(src) by extensions ['ignore', 'ignore_ament_install']
[0.252s] Level 1:colcon.colcon_core.package_identification:_identify(src) by extension 'ignore'
[0.252s] Level 1:colcon.colcon_core.package_identification:_identify(src) by extension 'ignore_ament_install'
[0.252s] Level 1:colcon.colcon_core.package_identification:_identify(src) by extensions ['colcon_pkg']
[0.252s] Level 1:colcon.colcon_core.package_identification:_identify(src) by extension 'colcon_pkg'
[0.252s] Level 1:colcon.colcon_core.package_identification:_identify(src) by extensions ['colcon_meta']
[0.252s] Level 1:colcon.colcon_core.package_identification:_identify(src) by extension 'colcon_meta'
[0.252s] Level 1:colcon.colcon_core.package_identification:_identify(src) by extensions ['ros']
[0.252s] Level 1:colcon.colcon_core.package_identification:_identify(src) by extension 'ros'
[0.252s] Level 1:colcon.colcon_core.package_identification:_identify(src) by extensions ['cmake', 'python']
[0.252s] Level 1:colcon.colcon_core.package_identification:_identify(src) by extension 'cmake'
[0.252s] Level 1:colcon.colcon_core.package_identification:_identify(src) by extension 'python'
[0.252s] Level 1:colcon.colcon_core.package_identification:_identify(src) by extensions ['python_setup_py']
[0.252s] Level 1:colcon.colcon_core.package_identification:_identify(src) by extension 'python_setup_py'
[0.252s] Level 1:colcon.colcon_core.package_identification:_identify(src/rrbot_simulation_files) by extensions ['ignore', 'ignore_ament_install']
[0.252s] Level 1:colcon.colcon_core.package_identification:_identify(src/rrbot_simulation_files) by extension 'ignore'
[0.252s] Level 1:colcon.colcon_core.package_identification:_identify(src/rrbot_simulation_files) by extension 'ignore_ament_install'
[0.253s] Level 1:colcon.colcon_core.package_identification:_identify(src/rrbot_simulation_files) by extensions ['colcon_pkg']
[0.253s] Level 1:colcon.colcon_core.package_identification:_identify(src/rrbot_simulation_files) by extension 'colcon_pkg'
[0.253s] Level 1:colcon.colcon_core.package_identification:_identify(src/rrbot_simulation_files) by extensions ['colcon_meta']
[0.253s] Level 1:colcon.colcon_core.package_identification:_identify(src/rrbot_simulation_files) by extension 'colcon_meta'
[0.253s] Level 1:colcon.colcon_core.package_identification:_identify(src/rrbot_simulation_files) by extensions ['ros']
[0.253s] Level 1:colcon.colcon_core.package_identification:_identify(src/rrbot_simulation_files) by extension 'ros'
[0.253s] Level 1:colcon.colcon_core.package_identification:_identify(src/rrbot_simulation_files) by extensions ['cmake', 'python']
[0.253s] Level 1:colcon.colcon_core.package_identification:_identify(src/rrbot_simulation_files) by extension 'cmake'
[0.253s] Level 1:colcon.colcon_core.package_identification:_identify(src/rrbot_simulation_files) by extension 'python'
[0.253s] Level 1:colcon.colcon_core.package_identification:_identify(src/rrbot_simulation_files) by extensions ['python_setup_py']
[0.253s] Level 1:colcon.colcon_core.package_identification:_identify(src/rrbot_simulation_files) by extension 'python_setup_py'
[0.253s] Level 1:colcon.colcon_core.package_identification:_identify(src/rrbot_simulation_files/rrbot_description) by extensions ['ignore', 'ignore_ament_install']
[0.253s] Level 1:colcon.colcon_core.package_identification:_identify(src/rrbot_simulation_files/rrbot_description) by extension 'ignore'
[0.253s] Level 1:colcon.colcon_core.package_identification:_identify(src/rrbot_simulation_files/rrbot_description) by extension 'ignore_ament_install'
[0.253s] Level 1:colcon.colcon_core.package_identification:_identify(src/rrbot_simulation_files/rrbot_description) by extensions ['colcon_pkg']
[0.253s] Level 1:colcon.colcon_core.package_identification:_identify(src/rrbot_simulation_files/rrbot_description) by extension 'colcon_pkg'
[0.253s] Level 1:colcon.colcon_core.package_identification:_identify(src/rrbot_simulation_files/rrbot_description) by extensions ['colcon_meta']
[0.253s] Level 1:colcon.colcon_core.package_identification:_identify(src/rrbot_simulation_files/rrbot_description) by extension 'colcon_meta'
[0.253s] Level 1:colcon.colcon_core.package_identification:_identify(src/rrbot_simulation_files/rrbot_description) by extensions ['ros']
[0.253s] Level 1:colcon.colcon_core.package_identification:_identify(src/rrbot_simulation_files/rrbot_description) by extension 'ros'
[0.255s] DEBUG:colcon.colcon_core.package_identification:Package 'src/rrbot_simulation_files/rrbot_description' with type 'ros.ament_cmake' and name 'rrbot_description'
[0.255s] Level 1:colcon.colcon_core.package_identification:_identify(src/rrbot_simulation_files/rrbot_gazebo) by extensions ['ignore', 'ignore_ament_install']
[0.255s] Level 1:colcon.colcon_core.package_identification:_identify(src/rrbot_simulation_files/rrbot_gazebo) by extension 'ignore'
[0.255s] Level 1:colcon.colcon_core.package_identification:_identify(src/rrbot_simulation_files/rrbot_gazebo) by extension 'ignore_ament_install'
[0.255s] Level 1:colcon.colcon_core.package_identification:_identify(src/rrbot_simulation_files/rrbot_gazebo) by extensions ['colcon_pkg']
[0.255s] Level 1:colcon.colcon_core.package_identification:_identify(src/rrbot_simulation_files/rrbot_gazebo) by extension 'colcon_pkg'
[0.255s] Level 1:colcon.colcon_core.package_identification:_identify(src/rrbot_simulation_files/rrbot_gazebo) by extensions ['colcon_meta']
[0.255s] Level 1:colcon.colcon_core.package_identification:_identify(src/rrbot_simulation_files/rrbot_gazebo) by extension 'colcon_meta'
[0.255s] Level 1:colcon.colcon_core.package_identification:_identify(src/rrbot_simulation_files/rrbot_gazebo) by extensions ['ros']
[0.255s] Level 1:colcon.colcon_core.package_identification:_identify(src/rrbot_simulation_files/rrbot_gazebo) by extension 'ros'
[0.256s] DEBUG:colcon.colcon_core.package_identification:Package 'src/rrbot_simulation_files/rrbot_gazebo' with type 'ros.ament_cmake' and name 'rrbot_gazebo'
[0.256s] Level 1:colcon.colcon_core.package_discovery:discover_packages(recursive) using defaults
[0.256s] Level 1:colcon.colcon_core.package_discovery:discover_packages(ignore) discover
[0.256s] Level 1:colcon.colcon_core.package_discovery:discover_packages(ignore) using defaults
[0.256s] Level 1:colcon.colcon_core.package_discovery:discover_packages(path) discover
[0.256s] Level 1:colcon.colcon_core.package_discovery:discover_packages(path) using defaults
[0.274s] Level 1:colcon.colcon_core.package_discovery:discover_packages(prefix_path) check parameters
[0.274s] Level 1:colcon.colcon_core.package_discovery:discover_packages(prefix_path) discover
[0.276s] DEBUG:colcon.colcon_installed_package_information.package_discovery:Found 305 installed packages in /opt/ros/humble
[0.277s] Level 1:colcon.colcon_core.package_discovery:discover_packages(prefix_path) using defaults
[0.321s] Level 5:colcon.colcon_core.verb:set package 'rrbot_description' build argument 'cmake_args' from command line to 'None'
[0.321s] Level 5:colcon.colcon_core.verb:set package 'rrbot_description' build argument 'cmake_target' from command line to 'None'
[0.321s] Level 5:colcon.colcon_core.verb:set package 'rrbot_description' build argument 'cmake_target_skip_unavailable' from command line to 'False'
[0.321s] Level 5:colcon.colcon_core.verb:set package 'rrbot_description' build argument 'cmake_clean_cache' from command line to 'False'
[0.321s] Level 5:colcon.colcon_core.verb:set package 'rrbot_description' build argument 'cmake_clean_first' from command line to 'False'
[0.321s] Level 5:colcon.colcon_core.verb:set package 'rrbot_description' build argument 'cmake_force_configure' from command line to 'False'
[0.321s] Level 5:colcon.colcon_core.verb:set package 'rrbot_description' build argument 'ament_cmake_args' from command line to 'None'
[0.321s] Level 5:colcon.colcon_core.verb:set package 'rrbot_description' build argument 'catkin_cmake_args' from command line to 'None'
[0.321s] Level 5:colcon.colcon_core.verb:set package 'rrbot_description' build argument 'catkin_skip_building_tests' from command line to 'False'
[0.321s] DEBUG:colcon.colcon_core.verb:Building package 'rrbot_description' with the following arguments: {'ament_cmake_args': None, 'build_base': '/home/parth/Desktop/ros2_ws/build/rrbot_description', 'catkin_cmake_args': None, 'catkin_skip_building_tests': False, 'cmake_args': None, 'cmake_clean_cache': False, 'cmake_clean_first': False, 'cmake_force_configure': False, 'cmake_target': None, 'cmake_target_skip_unavailable': False, 'install_base': '/home/parth/Desktop/ros2_ws/install/rrbot_description', 'merge_install': False, 'path': '/home/parth/Desktop/ros2_ws/src/rrbot_simulation_files/rrbot_description', 'symlink_install': False, 'test_result_base': None}
[0.322s] Level 5:colcon.colcon_core.verb:set package 'rrbot_gazebo' build argument 'cmake_args' from command line to 'None'
[0.322s] Level 5:colcon.colcon_core.verb:set package 'rrbot_gazebo' build argument 'cmake_target' from command line to 'None'
[0.322s] Level 5:colcon.colcon_core.verb:set package 'rrbot_gazebo' build argument 'cmake_target_skip_unavailable' from command line to 'False'
[0.322s] Level 5:colcon.colcon_core.verb:set package 'rrbot_gazebo' build argument 'cmake_clean_cache' from command line to 'False'
[0.322s] Level 5:colcon.colcon_core.verb:set package 'rrbot_gazebo' build argument 'cmake_clean_first' from command line to 'False'
[0.322s] Level 5:colcon.colcon_core.verb:set package 'rrbot_gazebo' build argument 'cmake_force_configure' from command line to 'False'
[0.322s] Level 5:colcon.colcon_core.verb:set package 'rrbot_gazebo' build argument 'ament_cmake_args' from command line to 'None'
[0.322s] Level 5:colcon.colcon_core.verb:set package 'rrbot_gazebo' build argument 'catkin_cmake_args' from command line to 'None'
[0.322s] Level 5:colcon.colcon_core.verb:set package 'rrbot_gazebo' build argument 'catkin_skip_building_tests' from command line to 'False'
[0.322s] DEBUG:colcon.colcon_core.verb:Building package 'rrbot_gazebo' with the following arguments: {'ament_cmake_args': None, 'build_base': '/home/parth/Desktop/ros2_ws/build/rrbot_gazebo', 'catkin_cmake_args': None, 'catkin_skip_building_tests': False, 'cmake_args': None, 'cmake_clean_cache': False, 'cmake_clean_first': False, 'cmake_force_configure': False, 'cmake_target': None, 'cmake_target_skip_unavailable': False, 'install_base': '/home/parth/Desktop/ros2_ws/install/rrbot_gazebo', 'merge_install': False, 'path': '/home/parth/Desktop/ros2_ws/src/rrbot_simulation_files/rrbot_gazebo', 'symlink_install': False, 'test_result_base': None}
[0.323s] INFO:colcon.colcon_core.executor:Executing jobs using 'parallel' executor
[0.326s] DEBUG:colcon.colcon_parallel_executor.executor.parallel:run_until_complete
[0.326s] INFO:colcon.colcon_ros.task.ament_cmake.build:Building ROS package in '/home/parth/Desktop/ros2_ws/src/rrbot_simulation_files/rrbot_description' with build type 'ament_cmake'
[0.326s] INFO:colcon.colcon_cmake.task.cmake.build:Building CMake package in '/home/parth/Desktop/ros2_ws/src/rrbot_simulation_files/rrbot_description'
[0.329s] INFO:colcon.colcon_core.plugin_system:Skipping extension 'colcon_core.shell.bat': Not used on non-Windows systems
[0.329s] INFO:colcon.colcon_core.shell:Skip shell extension 'powershell' for command environment: Not usable outside of PowerShell
[0.329s] DEBUG:colcon.colcon_core.shell:Skip shell extension 'dsv' for command environment
[0.339s] DEBUG:colcon.colcon_core.event_handler.log_command:Invoking command in '/home/parth/Desktop/ros2_ws/build/rrbot_description': CMAKE_PREFIX_PATH=/opt/ros/humble /usr/bin/cmake --build /home/parth/Desktop/ros2_ws/build/rrbot_description -- -j16 -l16
[0.376s] DEBUG:colcon.colcon_core.event_handler.log_command:Invoked command in '/home/parth/Desktop/ros2_ws/build/rrbot_description' returned '0': CMAKE_PREFIX_PATH=/opt/ros/humble /usr/bin/cmake --build /home/parth/Desktop/ros2_ws/build/rrbot_description -- -j16 -l16
[0.418s] DEBUG:colcon.colcon_core.event_handler.log_command:Invoking command in '/home/parth/Desktop/ros2_ws/build/rrbot_description': CMAKE_PREFIX_PATH=/opt/ros/humble /usr/bin/cmake --install /home/parth/Desktop/ros2_ws/build/rrbot_description
[0.433s] Level 1:colcon.colcon_core.environment:create_environment_scripts_only(rrbot_description)
[0.434s] DEBUG:colcon.colcon_core.event_handler.log_command:Invoked command in '/home/parth/Desktop/ros2_ws/build/rrbot_description' returned '0': CMAKE_PREFIX_PATH=/opt/ros/humble /usr/bin/cmake --install /home/parth/Desktop/ros2_ws/build/rrbot_description
[0.437s] Level 1:colcon.colcon_core.environment:checking '/home/parth/Desktop/ros2_ws/install/rrbot_description' for CMake module files
[0.437s] Level 1:colcon.colcon_core.environment:checking '/home/parth/Desktop/ros2_ws/install/rrbot_description' for CMake config files
[0.437s] Level 1:colcon.colcon_core.shell:create_environment_hook('rrbot_description', 'cmake_prefix_path')
[0.438s] INFO:colcon.colcon_core.shell:Creating environment hook '/home/parth/Desktop/ros2_ws/install/rrbot_description/share/rrbot_description/hook/cmake_prefix_path.ps1'
[0.439s] INFO:colcon.colcon_core.shell:Creating environment descriptor '/home/parth/Desktop/ros2_ws/install/rrbot_description/share/rrbot_description/hook/cmake_prefix_path.dsv'
[0.439s] INFO:colcon.colcon_core.shell:Creating environment hook '/home/parth/Desktop/ros2_ws/install/rrbot_description/share/rrbot_description/hook/cmake_prefix_path.sh'
[0.440s] Level 1:colcon.colcon_core.environment:checking '/home/parth/Desktop/ros2_ws/install/rrbot_description/bin'
[0.440s] Level 1:colcon.colcon_core.environment:checking '/home/parth/Desktop/ros2_ws/install/rrbot_description/lib/pkgconfig/rrbot_description.pc'
[0.440s] Level 1:colcon.colcon_core.environment:checking '/home/parth/Desktop/ros2_ws/install/rrbot_description/lib/python3.10/site-packages'
[0.440s] Level 1:colcon.colcon_core.environment:checking '/home/parth/Desktop/ros2_ws/install/rrbot_description/bin'
[0.441s] INFO:colcon.colcon_core.shell:Creating package script '/home/parth/Desktop/ros2_ws/install/rrbot_description/share/rrbot_description/package.ps1'
[0.442s] INFO:colcon.colcon_core.shell:Creating package descriptor '/home/parth/Desktop/ros2_ws/install/rrbot_description/share/rrbot_description/package.dsv'
[0.442s] INFO:colcon.colcon_core.shell:Creating package script '/home/parth/Desktop/ros2_ws/install/rrbot_description/share/rrbot_description/package.sh'
[0.442s] INFO:colcon.colcon_core.shell:Creating package script '/home/parth/Desktop/ros2_ws/install/rrbot_description/share/rrbot_description/package.bash'
[0.443s] INFO:colcon.colcon_core.shell:Creating package script '/home/parth/Desktop/ros2_ws/install/rrbot_description/share/rrbot_description/package.zsh'
[0.443s] Level 1:colcon.colcon_core.environment:create_file_with_runtime_dependencies(/home/parth/Desktop/ros2_ws/install/rrbot_description/share/colcon-core/packages/rrbot_description)
[0.472s] Level 1:colcon.colcon_core.environment:create_environment_scripts_only(rrbot_description)
[0.474s] Level 1:colcon.colcon_core.environment:checking '/home/parth/Desktop/ros2_ws/install/rrbot_description' for CMake module files
[0.475s] Level 1:colcon.colcon_core.environment:checking '/home/parth/Desktop/ros2_ws/install/rrbot_description' for CMake config files
[0.475s] Level 1:colcon.colcon_core.shell:create_environment_hook('rrbot_description', 'cmake_prefix_path')
[0.476s] INFO:colcon.colcon_core.shell:Creating environment hook '/home/parth/Desktop/ros2_ws/install/rrbot_description/share/rrbot_description/hook/cmake_prefix_path.ps1'
[0.476s] INFO:colcon.colcon_core.shell:Creating environment descriptor '/home/parth/Desktop/ros2_ws/install/rrbot_description/share/rrbot_description/hook/cmake_prefix_path.dsv'
[0.476s] INFO:colcon.colcon_core.shell:Creating environment hook '/home/parth/Desktop/ros2_ws/install/rrbot_description/share/rrbot_description/hook/cmake_prefix_path.sh'
[0.477s] Level 1:colcon.colcon_core.environment:checking '/home/parth/Desktop/ros2_ws/install/rrbot_description/bin'
[0.477s] Level 1:colcon.colcon_core.environment:checking '/home/parth/Desktop/ros2_ws/install/rrbot_description/lib/pkgconfig/rrbot_description.pc'
[0.477s] Level 1:colcon.colcon_core.environment:checking '/home/parth/Desktop/ros2_ws/install/rrbot_description/lib/python3.10/site-packages'
[0.477s] Level 1:colcon.colcon_core.environment:checking '/home/parth/Desktop/ros2_ws/install/rrbot_description/bin'
[0.478s] INFO:colcon.colcon_core.shell:Creating package script '/home/parth/Desktop/ros2_ws/install/rrbot_description/share/rrbot_description/package.ps1'
[0.478s] INFO:colcon.colcon_core.shell:Creating package descriptor '/home/parth/Desktop/ros2_ws/install/rrbot_description/share/rrbot_description/package.dsv'
[0.479s] INFO:colcon.colcon_core.shell:Creating package script '/home/parth/Desktop/ros2_ws/install/rrbot_description/share/rrbot_description/package.sh'
[0.479s] INFO:colcon.colcon_core.shell:Creating package script '/home/parth/Desktop/ros2_ws/install/rrbot_description/share/rrbot_description/package.bash'
[0.479s] INFO:colcon.colcon_core.shell:Creating package script '/home/parth/Desktop/ros2_ws/install/rrbot_description/share/rrbot_description/package.zsh'
[0.479s] Level 1:colcon.colcon_core.environment:create_file_with_runtime_dependencies(/home/parth/Desktop/ros2_ws/install/rrbot_description/share/colcon-core/packages/rrbot_description)
[0.479s] INFO:colcon.colcon_ros.task.ament_cmake.build:Building ROS package in '/home/parth/Desktop/ros2_ws/src/rrbot_simulation_files/rrbot_gazebo' with build type 'ament_cmake'
[0.480s] INFO:colcon.colcon_cmake.task.cmake.build:Building CMake package in '/home/parth/Desktop/ros2_ws/src/rrbot_simulation_files/rrbot_gazebo'
[0.480s] INFO:colcon.colcon_core.shell:Skip shell extension 'powershell' for command environment: Not usable outside of PowerShell
[0.480s] DEBUG:colcon.colcon_core.shell:Skip shell extension 'dsv' for command environment
[0.490s] DEBUG:colcon.colcon_core.event_handler.log_command:Invoking command in '/home/parth/Desktop/ros2_ws/build/rrbot_gazebo': AMENT_PREFIX_PATH=/home/parth/Desktop/ros2_ws/install/rrbot_description:${AMENT_PREFIX_PATH} CMAKE_PREFIX_PATH=/home/parth/Desktop/ros2_ws/install/rrbot_description:/opt/ros/humble /usr/bin/cmake --build /home/parth/Desktop/ros2_ws/build/rrbot_gazebo -- -j16 -l16
[0.565s] DEBUG:colcon.colcon_core.event_handler.log_command:Invoked command in '/home/parth/Desktop/ros2_ws/build/rrbot_gazebo' returned '0': AMENT_PREFIX_PATH=/home/parth/Desktop/ros2_ws/install/rrbot_description:${AMENT_PREFIX_PATH} CMAKE_PREFIX_PATH=/home/parth/Desktop/ros2_ws/install/rrbot_description:/opt/ros/humble /usr/bin/cmake --build /home/parth/Desktop/ros2_ws/build/rrbot_gazebo -- -j16 -l16
[0.591s] DEBUG:colcon.colcon_core.event_handler.log_command:Invoking command in '/home/parth/Desktop/ros2_ws/build/rrbot_gazebo': AMENT_PREFIX_PATH=/home/parth/Desktop/ros2_ws/install/rrbot_description:${AMENT_PREFIX_PATH} CMAKE_PREFIX_PATH=/home/parth/Desktop/ros2_ws/install/rrbot_description:/opt/ros/humble /usr/bin/cmake --install /home/parth/Desktop/ros2_ws/build/rrbot_gazebo
[0.599s] Level 1:colcon.colcon_core.environment:create_environment_scripts_only(rrbot_gazebo)
[0.600s] Level 1:colcon.colcon_core.environment:checking '/home/parth/Desktop/ros2_ws/install/rrbot_gazebo' for CMake module files
[0.601s] Level 1:colcon.colcon_core.environment:checking '/home/parth/Desktop/ros2_ws/install/rrbot_gazebo' for CMake config files
[0.602s] DEBUG:colcon.colcon_core.event_handler.log_command:Invoked command in '/home/parth/Desktop/ros2_ws/build/rrbot_gazebo' returned '0': AMENT_PREFIX_PATH=/home/parth/Desktop/ros2_ws/install/rrbot_description:${AMENT_PREFIX_PATH} CMAKE_PREFIX_PATH=/home/parth/Desktop/ros2_ws/install/rrbot_description:/opt/ros/humble /usr/bin/cmake --install /home/parth/Desktop/ros2_ws/build/rrbot_gazebo
[0.602s] Level 1:colcon.colcon_core.shell:create_environment_hook('rrbot_gazebo', 'cmake_prefix_path')
[0.603s] INFO:colcon.colcon_core.shell:Creating environment hook '/home/parth/Desktop/ros2_ws/install/rrbot_gazebo/share/rrbot_gazebo/hook/cmake_prefix_path.ps1'
[0.603s] INFO:colcon.colcon_core.shell:Creating environment descriptor '/home/parth/Desktop/ros2_ws/install/rrbot_gazebo/share/rrbot_gazebo/hook/cmake_prefix_path.dsv'
[0.604s] INFO:colcon.colcon_core.shell:Creating environment hook '/home/parth/Desktop/ros2_ws/install/rrbot_gazebo/share/rrbot_gazebo/hook/cmake_prefix_path.sh'
[0.604s] Level 1:colcon.colcon_core.environment:checking '/home/parth/Desktop/ros2_ws/install/rrbot_gazebo/lib'
[0.604s] Level 1:colcon.colcon_core.environment:checking '/home/parth/Desktop/ros2_ws/install/rrbot_gazebo/bin'
[0.604s] Level 1:colcon.colcon_core.environment:checking '/home/parth/Desktop/ros2_ws/install/rrbot_gazebo/lib/pkgconfig/rrbot_gazebo.pc'
[0.604s] Level 1:colcon.colcon_core.environment:checking '/home/parth/Desktop/ros2_ws/install/rrbot_gazebo/lib/python3.10/site-packages'
[0.604s] Level 1:colcon.colcon_core.environment:checking '/home/parth/Desktop/ros2_ws/install/rrbot_gazebo/bin'
[0.605s] INFO:colcon.colcon_core.shell:Creating package script '/home/parth/Desktop/ros2_ws/install/rrbot_gazebo/share/rrbot_gazebo/package.ps1'
[0.606s] INFO:colcon.colcon_core.shell:Creating package descriptor '/home/parth/Desktop/ros2_ws/install/rrbot_gazebo/share/rrbot_gazebo/package.dsv'
[0.606s] INFO:colcon.colcon_core.shell:Creating package script '/home/parth/Desktop/ros2_ws/install/rrbot_gazebo/share/rrbot_gazebo/package.sh'
[0.606s] INFO:colcon.colcon_core.shell:Creating package script '/home/parth/Desktop/ros2_ws/install/rrbot_gazebo/share/rrbot_gazebo/package.bash'
[0.606s] INFO:colcon.colcon_core.shell:Creating package script '/home/parth/Desktop/ros2_ws/install/rrbot_gazebo/share/rrbot_gazebo/package.zsh'
[0.607s] Level 1:colcon.colcon_core.environment:create_file_with_runtime_dependencies(/home/parth/Desktop/ros2_ws/install/rrbot_gazebo/share/colcon-core/packages/rrbot_gazebo)
[0.625s] Level 1:colcon.colcon_core.environment:create_environment_scripts_only(rrbot_gazebo)
[0.626s] Level 1:colcon.colcon_core.environment:checking '/home/parth/Desktop/ros2_ws/install/rrbot_gazebo' for CMake module files
[0.627s] Level 1:colcon.colcon_core.environment:checking '/home/parth/Desktop/ros2_ws/install/rrbot_gazebo' for CMake config files
[0.627s] Level 1:colcon.colcon_core.shell:create_environment_hook('rrbot_gazebo', 'cmake_prefix_path')
[0.628s] INFO:colcon.colcon_core.shell:Creating environment hook '/home/parth/Desktop/ros2_ws/install/rrbot_gazebo/share/rrbot_gazebo/hook/cmake_prefix_path.ps1'
[0.635s] INFO:colcon.colcon_core.shell:Creating environment descriptor '/home/parth/Desktop/ros2_ws/install/rrbot_gazebo/share/rrbot_gazebo/hook/cmake_prefix_path.dsv'
[0.639s] INFO:colcon.colcon_core.shell:Creating environment hook '/home/parth/Desktop/ros2_ws/install/rrbot_gazebo/share/rrbot_gazebo/hook/cmake_prefix_path.sh'
[0.641s] Level 1:colcon.colcon_core.environment:checking '/home/parth/Desktop/ros2_ws/install/rrbot_gazebo/lib'
[0.641s] Level 1:colcon.colcon_core.environment:checking '/home/parth/Desktop/ros2_ws/install/rrbot_gazebo/bin'
[0.641s] Level 1:colcon.colcon_core.environment:checking '/home/parth/Desktop/ros2_ws/install/rrbot_gazebo/lib/pkgconfig/rrbot_gazebo.pc'
[0.642s] Level 1:colcon.colcon_core.environment:checking '/home/parth/Desktop/ros2_ws/install/rrbot_gazebo/lib/python3.10/site-packages'
[0.642s] Level 1:colcon.colcon_core.environment:checking '/home/parth/Desktop/ros2_ws/install/rrbot_gazebo/bin'
[0.643s] INFO:colcon.colcon_core.shell:Creating package script '/home/parth/Desktop/ros2_ws/install/rrbot_gazebo/share/rrbot_gazebo/package.ps1'
[0.643s] INFO:colcon.colcon_core.shell:Creating package descriptor '/home/parth/Desktop/ros2_ws/install/rrbot_gazebo/share/rrbot_gazebo/package.dsv'
[0.643s] INFO:colcon.colcon_core.shell:Creating package script '/home/parth/Desktop/ros2_ws/install/rrbot_gazebo/share/rrbot_gazebo/package.sh'
[0.644s] INFO:colcon.colcon_core.shell:Creating package script '/home/parth/Desktop/ros2_ws/install/rrbot_gazebo/share/rrbot_gazebo/package.bash'
[0.644s] INFO:colcon.colcon_core.shell:Creating package script '/home/parth/Desktop/ros2_ws/install/rrbot_gazebo/share/rrbot_gazebo/package.zsh'
[0.644s] Level 1:colcon.colcon_core.environment:create_file_with_runtime_dependencies(/home/parth/Desktop/ros2_ws/install/rrbot_gazebo/share/colcon-core/packages/rrbot_gazebo)
[0.644s] DEBUG:colcon.colcon_parallel_executor.executor.parallel:closing loop
[0.644s] DEBUG:colcon.colcon_parallel_executor.executor.parallel:loop closed
[0.645s] DEBUG:colcon.colcon_parallel_executor.executor.parallel:run_until_complete finished with '0'
[0.645s] DEBUG:colcon.colcon_core.event_reactor:joining thread
[0.655s] INFO:colcon.colcon_core.plugin_system:Skipping extension 'colcon_notification.desktop_notification.terminal_notifier': Not used on non-Darwin systems
[0.655s] INFO:colcon.colcon_core.plugin_system:Skipping extension 'colcon_notification.desktop_notification.win32': Not used on non-Windows systems
[0.656s] INFO:colcon.colcon_notification.desktop_notification:Sending desktop notification using 'notify2'
[0.666s] DEBUG:colcon.colcon_core.event_reactor:joined thread
[0.667s] INFO:colcon.colcon_core.shell:Creating prefix script '/home/parth/Desktop/ros2_ws/install/local_setup.ps1'
[0.668s] INFO:colcon.colcon_core.shell:Creating prefix util module '/home/parth/Desktop/ros2_ws/install/_local_setup_util_ps1.py'
[0.669s] INFO:colcon.colcon_core.shell:Creating prefix chain script '/home/parth/Desktop/ros2_ws/install/setup.ps1'
[0.670s] INFO:colcon.colcon_core.shell:Creating prefix script '/home/parth/Desktop/ros2_ws/install/local_setup.sh'
[0.671s] INFO:colcon.colcon_core.shell:Creating prefix util module '/home/parth/Desktop/ros2_ws/install/_local_setup_util_sh.py'
[0.671s] INFO:colcon.colcon_core.shell:Creating prefix chain script '/home/parth/Desktop/ros2_ws/install/setup.sh'
[0.672s] INFO:colcon.colcon_core.shell:Creating prefix script '/home/parth/Desktop/ros2_ws/install/local_setup.bash'
[0.672s] INFO:colcon.colcon_core.shell:Creating prefix chain script '/home/parth/Desktop/ros2_ws/install/setup.bash'
[0.673s] INFO:colcon.colcon_core.shell:Creating prefix script '/home/parth/Desktop/ros2_ws/install/local_setup.zsh'
[0.674s] INFO:colcon.colcon_core.shell:Creating prefix chain script '/home/parth/Desktop/ros2_ws/install/setup.zsh'
