[0.010s] Invoking command in '/home/parth/Desktop/ros2_ws/src/build/rrbot_gazebo': AMENT_PREFIX_PATH=/home/parth/Desktop/ros2_ws/src/install/custom_interfaces:${AMENT_PREFIX_PATH} CMAKE_PREFIX_PATH=/home/parth/Desktop/ros2_ws/src/install/custom_interfaces:${CMAKE_PREFIX_PATH} LD_LIBRARY_PATH=/home/parth/Desktop/ros2_ws/src/install/custom_interfaces/lib:/home/parth/Desktop/ros2_ws/install/example_interfaces/lib:/home/parth/Desktop/ros2_ws/install/custom_interfaces/lib:/usr/lib/x86_64-linux-gnu/gazebo-11/plugins:/opt/ros/humble/opt/rviz_ogre_vendor/lib:/opt/ros/humble/lib/x86_64-linux-gnu:/opt/ros/humble/lib:/usr/share/gazebo/../../lib/x86_64-linux-gnu/gazebo-11/plugins:/usr/share/gazebo/../../lib/x86_64-linux-gnu/gazebo-11/plugins:/usr/share/gazebo/../../lib/x86_64-linux-gnu/gazebo-11/plugins PYTHONPATH=/home/parth/Desktop/ros2_ws/src/install/custom_interfaces/local/lib/python3.10/dist-packages:${PYTHONPATH} /usr/bin/cmake /home/parth/Desktop/ros2_ws/src/rrbot_simulation_files/rrbot_gazebo -DCMAKE_INSTALL_PREFIX=/home/parth/Desktop/ros2_ws/src/install/rrbot_gazebo
[0.066s] -- The C compiler identification is GNU 11.3.0
[0.128s] -- The CXX compiler identification is GNU 11.3.0
[0.135s] -- Detecting C compiler ABI info
[0.226s] -- Detecting C compiler ABI info - done
[0.233s] -- Check for working C compiler: /usr/bin/cc - skipped
[0.233s] -- Detecting C compile features
[0.234s] -- Detecting C compile features - done
[0.237s] -- Detecting CXX compiler ABI info
[0.339s] -- Detecting CXX compiler ABI info - done
[0.346s] -- Check for working CXX compiler: /usr/bin/c++ - skipped
[0.346s] -- Detecting CXX compile features
[0.346s] -- Detecting CXX compile features - done
[0.348s] -- Found ament_cmake: 1.3.2 (/opt/ros/humble/share/ament_cmake/cmake)
[0.539s] -- Found Python3: /usr/bin/python3.10 (found version "3.10.6") found components: Interpreter 
[0.635s] -- Found rclcpp: 16.0.1 (/opt/ros/humble/share/rclcpp/cmake)
[0.672s] -- Found rosidl_generator_c: 3.1.3 (/opt/ros/humble/share/rosidl_generator_c/cmake)
[0.676s] -- Found rosidl_adapter: 3.1.3 (/opt/ros/humble/share/rosidl_adapter/cmake)
[0.685s] -- Found rosidl_generator_cpp: 3.1.3 (/opt/ros/humble/share/rosidl_generator_cpp/cmake)
[0.699s] -- Using all available rosidl_typesupport_c: rosidl_typesupport_fastrtps_c;rosidl_typesupport_introspection_c
[0.719s] -- Using all available rosidl_typesupport_cpp: rosidl_typesupport_fastrtps_cpp;rosidl_typesupport_introspection_cpp
[0.802s] -- Found rmw_implementation_cmake: 6.1.0 (/opt/ros/humble/share/rmw_implementation_cmake/cmake)
[0.804s] -- Found rmw_fastrtps_cpp: 6.2.1 (/opt/ros/humble/share/rmw_fastrtps_cpp/cmake)
[0.900s] -- Found OpenSSL: /usr/lib/x86_64-linux-gnu/libcrypto.so (found version "3.0.2")  
[0.928s] -- Found FastRTPS: /opt/ros/humble/include  
[0.984s] -- Using RMW implementation 'rmw_fastrtps_cpp' as default
[1.154s] -- Found sensor_msgs: 4.2.2 (/opt/ros/humble/share/sensor_msgs/cmake)
[1.278s] -- Found controller_manager_msgs: 2.16.0 (/opt/ros/humble/share/controller_manager_msgs/cmake)
[1.340s] -- Found custom_interfaces: 0.0.0 (/home/parth/Desktop/ros2_ws/src/install/custom_interfaces/share/custom_interfaces/cmake)
[1.357s] -- Found example_interfaces: 0.9.3 (/opt/ros/humble/share/example_interfaces/cmake)
[1.559s] Error parsing '/home/parth/Desktop/ros2_ws/src/rrbot_simulation_files/rrbot_gazebo/package.xml':
[1.616s] Traceback (most recent call last):
[1.616s]   File "/opt/ros/humble/share/ament_cmake_core/cmake/core/package_xml_2_cmake.py", line 150, in <module>
[1.616s]     main()
[1.617s]   File "/opt/ros/humble/share/ament_cmake_core/cmake/core/package_xml_2_cmake.py", line 53, in main
[1.617s]     raise e
[1.617s]   File "/opt/ros/humble/share/ament_cmake_core/cmake/core/package_xml_2_cmake.py", line 49, in main
[1.617s]     package = parse_package_string(
[1.617s]   File "/usr/lib/python3/dist-packages/catkin_pkg/package.py", line 786, in parse_package_string
[1.617s]     raise InvalidPackage('Error(s):%s' % (''.join(['\n- %s' % e for e in errors])), filename)
[1.617s] catkin_pkg.package.InvalidPackage: Error(s) in package '/home/parth/Desktop/ros2_ws/src/rrbot_simulation_files/rrbot_gazebo/package.xml':
[1.618s] Error(s):
[1.618s] - The generic dependency on 'custom_interfaces' is redundant with: exec_depend
[1.651s] [31mCMake Error at /opt/ros/humble/share/ament_cmake_core/cmake/core/ament_package_xml.cmake:95 (message):
[1.651s]   execute_process(/usr/bin/python3.10
[1.651s]   /opt/ros/humble/share/ament_cmake_core/cmake/core/package_xml_2_cmake.py
[1.651s]   /home/parth/Desktop/ros2_ws/src/rrbot_simulation_files/rrbot_gazebo/package.xml
[1.651s]   /home/parth/Desktop/ros2_ws/src/build/rrbot_gazebo/ament_cmake_core/package.cmake)
[1.652s]   returned error code 1
[1.652s] Call Stack (most recent call first):
[1.652s]   /opt/ros/humble/share/ament_cmake_core/cmake/core/ament_package_xml.cmake:49 (_ament_package_xml)
[1.652s]   /opt/ros/humble/share/ament_cmake_core/cmake/core/ament_package.cmake:63 (ament_package_xml)
[1.652s]   CMakeLists.txt:36 (ament_package)
[1.652s] 
[1.652s] [0m
[1.652s] -- Configuring incomplete, errors occurred!
[1.652s] See also "/home/parth/Desktop/ros2_ws/src/build/rrbot_gazebo/CMakeFiles/CMakeOutput.log".
[1.663s] Invoked command in '/home/parth/Desktop/ros2_ws/src/build/rrbot_gazebo' returned '1': AMENT_PREFIX_PATH=/home/parth/Desktop/ros2_ws/src/install/custom_interfaces:${AMENT_PREFIX_PATH} CMAKE_PREFIX_PATH=/home/parth/Desktop/ros2_ws/src/install/custom_interfaces:${CMAKE_PREFIX_PATH} LD_LIBRARY_PATH=/home/parth/Desktop/ros2_ws/src/install/custom_interfaces/lib:/home/parth/Desktop/ros2_ws/install/example_interfaces/lib:/home/parth/Desktop/ros2_ws/install/custom_interfaces/lib:/usr/lib/x86_64-linux-gnu/gazebo-11/plugins:/opt/ros/humble/opt/rviz_ogre_vendor/lib:/opt/ros/humble/lib/x86_64-linux-gnu:/opt/ros/humble/lib:/usr/share/gazebo/../../lib/x86_64-linux-gnu/gazebo-11/plugins:/usr/share/gazebo/../../lib/x86_64-linux-gnu/gazebo-11/plugins:/usr/share/gazebo/../../lib/x86_64-linux-gnu/gazebo-11/plugins PYTHONPATH=/home/parth/Desktop/ros2_ws/src/install/custom_interfaces/local/lib/python3.10/dist-packages:${PYTHONPATH} /usr/bin/cmake /home/parth/Desktop/ros2_ws/src/rrbot_simulation_files/rrbot_gazebo -DCMAKE_INSTALL_PREFIX=/home/parth/Desktop/ros2_ws/src/install/rrbot_gazebo
