-- Install configuration: ""
-- Up-to-date: /home/parth/Desktop/ros2_ws/install/rrbot_description/share/rrbot_description/config
-- Up-to-date: /home/parth/Desktop/ros2_ws/install/rrbot_description/share/rrbot_description/config/rrbot.rviz
-- Up-to-date: /home/parth/Desktop/ros2_ws/install/rrbot_description/share/rrbot_description/gazebo
-- Up-to-date: /home/parth/Desktop/ros2_ws/install/rrbot_description/share/rrbot_description/gazebo/rrbot.materials.xacro
-- Up-to-date: /home/parth/Desktop/ros2_ws/install/rrbot_description/share/rrbot_description/gazebo/rrbot.gazebo.xacro
-- Up-to-date: /home/parth/Desktop/ros2_ws/install/rrbot_description/share/rrbot_description/meshes
-- Up-to-date: /home/parth/Desktop/ros2_ws/install/rrbot_description/share/rrbot_description/meshes/hokuyo.dae
-- Up-to-date: /home/parth/Desktop/ros2_ws/install/rrbot_description/share/rrbot_description/launch
-- Up-to-date: /home/parth/Desktop/ros2_ws/install/rrbot_description/share/rrbot_description/launch/view_robot.launch.py
-- Up-to-date: /home/parth/Desktop/ros2_ws/install/rrbot_description/share/rrbot_description/ros2_control
-- Up-to-date: /home/parth/Desktop/ros2_ws/install/rrbot_description/share/rrbot_description/ros2_control/rrbot.ros2_control.xacro
-- Up-to-date: /home/parth/Desktop/ros2_ws/install/rrbot_description/share/rrbot_description/urdf
-- Up-to-date: /home/parth/Desktop/ros2_ws/install/rrbot_description/share/rrbot_description/urdf/rrbot.urdf.xacro
-- Up-to-date: /home/parth/Desktop/ros2_ws/install/rrbot_description/share/rrbot_description/urdf/rrbot_description.urdf.xacro
-- Up-to-date: /home/parth/Desktop/ros2_ws/install/rrbot_description/share/rrbot_description/environment/rrbot_description.dsv
-- Up-to-date: /home/parth/Desktop/ros2_ws/install/rrbot_description/share/ament_index/resource_index/package_run_dependencies/rrbot_description
-- Up-to-date: /home/parth/Desktop/ros2_ws/install/rrbot_description/share/ament_index/resource_index/parent_prefix_path/rrbot_description
-- Up-to-date: /home/parth/Desktop/ros2_ws/install/rrbot_description/share/rrbot_description/environment/ament_prefix_path.sh
-- Up-to-date: /home/parth/Desktop/ros2_ws/install/rrbot_description/share/rrbot_description/environment/ament_prefix_path.dsv
-- Up-to-date: /home/parth/Desktop/ros2_ws/install/rrbot_description/share/rrbot_description/environment/path.sh
-- Up-to-date: /home/parth/Desktop/ros2_ws/install/rrbot_description/share/rrbot_description/environment/path.dsv
-- Up-to-date: /home/parth/Desktop/ros2_ws/install/rrbot_description/share/rrbot_description/local_setup.bash
-- Up-to-date: /home/parth/Desktop/ros2_ws/install/rrbot_description/share/rrbot_description/local_setup.sh
-- Up-to-date: /home/parth/Desktop/ros2_ws/install/rrbot_description/share/rrbot_description/local_setup.zsh
-- Up-to-date: /home/parth/Desktop/ros2_ws/install/rrbot_description/share/rrbot_description/local_setup.dsv
-- Up-to-date: /home/parth/Desktop/ros2_ws/install/rrbot_description/share/rrbot_description/package.dsv
-- Up-to-date: /home/parth/Desktop/ros2_ws/install/rrbot_description/share/ament_index/resource_index/packages/rrbot_description
-- Up-to-date: /home/parth/Desktop/ros2_ws/install/rrbot_description/share/rrbot_description/cmake/rrbot_descriptionConfig.cmake
-- Up-to-date: /home/parth/Desktop/ros2_ws/install/rrbot_description/share/rrbot_description/cmake/rrbot_descriptionConfig-version.cmake
-- Up-to-date: /home/parth/Desktop/ros2_ws/install/rrbot_description/share/rrbot_description/package.xml
