[0.272s] DEBUG:colcon:Command line arguments: ['/usr/bin/colcon', 'build', '--packages-select', 'custom_interfaces']
[0.272s] DEBUG:colcon:Parsed command line arguments: Namespace(log_base=None, log_level=None, verb_name='build', build_base='build', install_base='install', merge_install=False, symlink_install=False, test_result_base=None, continue_on_error=False, executor='parallel', parallel_workers=16, event_handlers=None, ignore_user_meta=False, metas=['./colcon.meta'], base_paths=['.'], packages_ignore=None, packages_ignore_regex=None, paths=None, packages_up_to=None, packages_up_to_regex=None, packages_above=None, packages_above_and_dependencies=None, packages_above_depth=None, packages_select_by_dep=None, packages_skip_by_dep=None, packages_skip_up_to=None, packages_select_build_failed=False, packages_skip_build_finished=False, packages_select_test_failures=False, packages_skip_test_passed=False, packages_select=['custom_interfaces'], packages_skip=None, packages_select_regex=None, packages_skip_regex=None, packages_start=None, packages_end=None, allow_overriding=[], cmake_args=None, cmake_target=None, cmake_target_skip_unavailable=False, cmake_clean_cache=False, cmake_clean_first=False, cmake_force_configure=False, ament_cmake_args=None, catkin_cmake_args=None, catkin_skip_building_tests=False, verb_parser=<colcon_defaults.argument_parser.defaults.DefaultArgumentsDecorator object at 0x7f80b855b1c0>, verb_extension=<colcon_core.verb.build.BuildVerb object at 0x7f80b8ebdfc0>, main=<bound method BuildVerb.main of <colcon_core.verb.build.BuildVerb object at 0x7f80b8ebdfc0>>)
[0.291s] Level 1:colcon.colcon_core.package_discovery:discover_packages(colcon_meta) check parameters
[0.291s] Level 1:colcon.colcon_core.package_discovery:discover_packages(recursive) check parameters
[0.291s] Level 1:colcon.colcon_core.package_discovery:discover_packages(ignore) check parameters
[0.291s] Level 1:colcon.colcon_core.package_discovery:discover_packages(path) check parameters
[0.291s] Level 1:colcon.colcon_core.package_discovery:discover_packages(colcon_meta) discover
[0.291s] Level 1:colcon.colcon_core.package_discovery:discover_packages(recursive) discover
[0.291s] INFO:colcon.colcon_core.package_discovery:Crawling recursively for packages in '/home/parth/Desktop/ros2_ws/src'
[0.291s] Level 1:colcon.colcon_core.package_identification:_identify(.) by extensions ['ignore', 'ignore_ament_install']
[0.293s] Level 1:colcon.colcon_core.package_identification:_identify(.) by extension 'ignore'
[0.293s] Level 1:colcon.colcon_core.package_identification:_identify(.) by extension 'ignore_ament_install'
[0.293s] Level 1:colcon.colcon_core.package_identification:_identify(.) by extensions ['colcon_pkg']
[0.293s] Level 1:colcon.colcon_core.package_identification:_identify(.) by extension 'colcon_pkg'
[0.293s] Level 1:colcon.colcon_core.package_identification:_identify(.) by extensions ['colcon_meta']
[0.293s] Level 1:colcon.colcon_core.package_identification:_identify(.) by extension 'colcon_meta'
[0.293s] Level 1:colcon.colcon_core.package_identification:_identify(.) by extensions ['ros']
[0.293s] Level 1:colcon.colcon_core.package_identification:_identify(.) by extension 'ros'
[0.316s] Level 1:colcon.colcon_core.package_identification:_identify(.) by extensions ['cmake', 'python']
[0.316s] Level 1:colcon.colcon_core.package_identification:_identify(.) by extension 'cmake'
[0.316s] Level 1:colcon.colcon_core.package_identification:_identify(.) by extension 'python'
[0.316s] Level 1:colcon.colcon_core.package_identification:_identify(.) by extensions ['python_setup_py']
[0.316s] Level 1:colcon.colcon_core.package_identification:_identify(.) by extension 'python_setup_py'
[0.316s] Level 1:colcon.colcon_core.package_identification:_identify(build) by extensions ['ignore', 'ignore_ament_install']
[0.317s] Level 1:colcon.colcon_core.package_identification:_identify(build) by extension 'ignore'
[0.317s] Level 1:colcon.colcon_core.package_identification:_identify(build) ignored
[0.317s] Level 1:colcon.colcon_core.package_identification:_identify(custom_interfaces) by extensions ['ignore', 'ignore_ament_install']
[0.317s] Level 1:colcon.colcon_core.package_identification:_identify(custom_interfaces) by extension 'ignore'
[0.317s] Level 1:colcon.colcon_core.package_identification:_identify(custom_interfaces) by extension 'ignore_ament_install'
[0.317s] Level 1:colcon.colcon_core.package_identification:_identify(custom_interfaces) by extensions ['colcon_pkg']
[0.317s] Level 1:colcon.colcon_core.package_identification:_identify(custom_interfaces) by extension 'colcon_pkg'
[0.317s] Level 1:colcon.colcon_core.package_identification:_identify(custom_interfaces) by extensions ['colcon_meta']
[0.317s] Level 1:colcon.colcon_core.package_identification:_identify(custom_interfaces) by extension 'colcon_meta'
[0.317s] Level 1:colcon.colcon_core.package_identification:_identify(custom_interfaces) by extensions ['ros']
[0.317s] Level 1:colcon.colcon_core.package_identification:_identify(custom_interfaces) by extension 'ros'
[0.319s] DEBUG:colcon.colcon_core.package_identification:Package 'custom_interfaces' with type 'ros.ament_cmake' and name 'custom_interfaces'
[0.319s] Level 1:colcon.colcon_core.package_identification:_identify(install) by extensions ['ignore', 'ignore_ament_install']
[0.319s] Level 1:colcon.colcon_core.package_identification:_identify(install) by extension 'ignore'
[0.319s] Level 1:colcon.colcon_core.package_identification:_identify(install) ignored
[0.320s] Level 1:colcon.colcon_core.package_identification:_identify(log) by extensions ['ignore', 'ignore_ament_install']
[0.320s] Level 1:colcon.colcon_core.package_identification:_identify(log) by extension 'ignore'
[0.320s] Level 1:colcon.colcon_core.package_identification:_identify(log) ignored
[0.320s] Level 1:colcon.colcon_core.package_identification:_identify(rrbot_simulation_files) by extensions ['ignore', 'ignore_ament_install']
[0.320s] Level 1:colcon.colcon_core.package_identification:_identify(rrbot_simulation_files) by extension 'ignore'
[0.320s] Level 1:colcon.colcon_core.package_identification:_identify(rrbot_simulation_files) by extension 'ignore_ament_install'
[0.320s] Level 1:colcon.colcon_core.package_identification:_identify(rrbot_simulation_files) by extensions ['colcon_pkg']
[0.320s] Level 1:colcon.colcon_core.package_identification:_identify(rrbot_simulation_files) by extension 'colcon_pkg'
[0.320s] Level 1:colcon.colcon_core.package_identification:_identify(rrbot_simulation_files) by extensions ['colcon_meta']
[0.320s] Level 1:colcon.colcon_core.package_identification:_identify(rrbot_simulation_files) by extension 'colcon_meta'
[0.320s] Level 1:colcon.colcon_core.package_identification:_identify(rrbot_simulation_files) by extensions ['ros']
[0.320s] Level 1:colcon.colcon_core.package_identification:_identify(rrbot_simulation_files) by extension 'ros'
[0.320s] Level 1:colcon.colcon_core.package_identification:_identify(rrbot_simulation_files) by extensions ['cmake', 'python']
[0.320s] Level 1:colcon.colcon_core.package_identification:_identify(rrbot_simulation_files) by extension 'cmake'
[0.320s] Level 1:colcon.colcon_core.package_identification:_identify(rrbot_simulation_files) by extension 'python'
[0.320s] Level 1:colcon.colcon_core.package_identification:_identify(rrbot_simulation_files) by extensions ['python_setup_py']
[0.320s] Level 1:colcon.colcon_core.package_identification:_identify(rrbot_simulation_files) by extension 'python_setup_py'
[0.320s] Level 1:colcon.colcon_core.package_identification:_identify(rrbot_simulation_files/rrbot_description) by extensions ['ignore', 'ignore_ament_install']
[0.320s] Level 1:colcon.colcon_core.package_identification:_identify(rrbot_simulation_files/rrbot_description) by extension 'ignore'
[0.320s] Level 1:colcon.colcon_core.package_identification:_identify(rrbot_simulation_files/rrbot_description) by extension 'ignore_ament_install'
[0.320s] Level 1:colcon.colcon_core.package_identification:_identify(rrbot_simulation_files/rrbot_description) by extensions ['colcon_pkg']
[0.320s] Level 1:colcon.colcon_core.package_identification:_identify(rrbot_simulation_files/rrbot_description) by extension 'colcon_pkg'
[0.320s] Level 1:colcon.colcon_core.package_identification:_identify(rrbot_simulation_files/rrbot_description) by extensions ['colcon_meta']
[0.321s] Level 1:colcon.colcon_core.package_identification:_identify(rrbot_simulation_files/rrbot_description) by extension 'colcon_meta'
[0.321s] Level 1:colcon.colcon_core.package_identification:_identify(rrbot_simulation_files/rrbot_description) by extensions ['ros']
[0.321s] Level 1:colcon.colcon_core.package_identification:_identify(rrbot_simulation_files/rrbot_description) by extension 'ros'
[0.321s] DEBUG:colcon.colcon_core.package_identification:Package 'rrbot_simulation_files/rrbot_description' with type 'ros.ament_cmake' and name 'rrbot_description'
[0.321s] Level 1:colcon.colcon_core.package_identification:_identify(rrbot_simulation_files/rrbot_gazebo) by extensions ['ignore', 'ignore_ament_install']
[0.321s] Level 1:colcon.colcon_core.package_identification:_identify(rrbot_simulation_files/rrbot_gazebo) by extension 'ignore'
[0.321s] Level 1:colcon.colcon_core.package_identification:_identify(rrbot_simulation_files/rrbot_gazebo) by extension 'ignore_ament_install'
[0.321s] Level 1:colcon.colcon_core.package_identification:_identify(rrbot_simulation_files/rrbot_gazebo) by extensions ['colcon_pkg']
[0.321s] Level 1:colcon.colcon_core.package_identification:_identify(rrbot_simulation_files/rrbot_gazebo) by extension 'colcon_pkg'
[0.321s] Level 1:colcon.colcon_core.package_identification:_identify(rrbot_simulation_files/rrbot_gazebo) by extensions ['colcon_meta']
[0.321s] Level 1:colcon.colcon_core.package_identification:_identify(rrbot_simulation_files/rrbot_gazebo) by extension 'colcon_meta'
[0.322s] Level 1:colcon.colcon_core.package_identification:_identify(rrbot_simulation_files/rrbot_gazebo) by extensions ['ros']
[0.322s] Level 1:colcon.colcon_core.package_identification:_identify(rrbot_simulation_files/rrbot_gazebo) by extension 'ros'
[0.323s] DEBUG:colcon.colcon_core.package_identification:Found ROS schema reference in package manifest in 'rrbot_simulation_files/rrbot_gazebo'
[0.323s] WARNING:colcon.colcon_core.package_identification:Failed to parse ROS package manifest in 'rrbot_simulation_files/rrbot_gazebo': Error(s) in package 'rrbot_simulation_files/rrbot_gazebo/package.xml':
Error(s):
- The generic dependency on 'custom_interfaces' is redundant with: exec_depend
[0.323s] Level 1:colcon.colcon_core.package_identification:_identify(rrbot_simulation_files/rrbot_gazebo) by extensions ['cmake', 'python']
[0.323s] Level 1:colcon.colcon_core.package_identification:_identify(rrbot_simulation_files/rrbot_gazebo) by extension 'cmake'
[0.324s] Level 1:colcon.colcon_core.package_identification:_identify(rrbot_simulation_files/rrbot_gazebo) by extension 'python'
[0.324s] DEBUG:colcon.colcon_core.package_identification:Package 'rrbot_simulation_files/rrbot_gazebo' with type 'cmake' and name 'rrbot_gazebo'
[0.324s] Level 1:colcon.colcon_core.package_discovery:discover_packages(recursive) using defaults
[0.324s] Level 1:colcon.colcon_core.package_discovery:discover_packages(ignore) discover
[0.324s] Level 1:colcon.colcon_core.package_discovery:discover_packages(ignore) using defaults
[0.324s] Level 1:colcon.colcon_core.package_discovery:discover_packages(path) discover
[0.324s] Level 1:colcon.colcon_core.package_discovery:discover_packages(path) using defaults
[0.351s] INFO:colcon.colcon_core.package_selection:Skipping not selected package 'rrbot_description' in 'rrbot_simulation_files/rrbot_description'
[0.351s] INFO:colcon.colcon_core.package_selection:Skipping not selected package 'rrbot_gazebo' in 'rrbot_simulation_files/rrbot_gazebo'
[0.352s] Level 1:colcon.colcon_core.package_discovery:discover_packages(prefix_path) check parameters
[0.352s] Level 1:colcon.colcon_core.package_discovery:discover_packages(prefix_path) discover
[0.353s] WARNING:colcon.colcon_ros.prefix_path.ament:The path '/home/parth/Desktop/ros2_ws/install/rrbot_gazebo' in the environment variable AMENT_PREFIX_PATH doesn't exist
[0.353s] WARNING:colcon.colcon_ros.prefix_path.ament:The path '/home/parth/Desktop/ros2_ws/install/example_interfaces' in the environment variable AMENT_PREFIX_PATH doesn't exist
[0.353s] WARNING:colcon.colcon_ros.prefix_path.ament:The path '/home/parth/Desktop/ros2_ws/install/custom_interfaces' in the environment variable AMENT_PREFIX_PATH doesn't exist
[0.354s] WARNING:colcon.colcon_ros.prefix_path.catkin:The path '/home/parth/Desktop/ros2_ws/install/rrbot_gazebo' in the environment variable CMAKE_PREFIX_PATH doesn't exist
[0.354s] WARNING:colcon.colcon_ros.prefix_path.catkin:The path '/home/parth/Desktop/ros2_ws/install/example_interfaces' in the environment variable CMAKE_PREFIX_PATH doesn't exist
[0.354s] WARNING:colcon.colcon_ros.prefix_path.catkin:The path '/home/parth/Desktop/ros2_ws/install/custom_interfaces' in the environment variable CMAKE_PREFIX_PATH doesn't exist
[0.356s] DEBUG:colcon.colcon_installed_package_information.package_discovery:Found 1 installed packages in /home/parth/Desktop/ros2_ws/install
[0.358s] DEBUG:colcon.colcon_installed_package_information.package_discovery:Found 305 installed packages in /opt/ros/humble
[0.360s] Level 1:colcon.colcon_core.package_discovery:discover_packages(prefix_path) using defaults
[0.424s] Level 5:colcon.colcon_core.verb:set package 'custom_interfaces' build argument 'cmake_args' from command line to 'None'
[0.424s] Level 5:colcon.colcon_core.verb:set package 'custom_interfaces' build argument 'cmake_target' from command line to 'None'
[0.424s] Level 5:colcon.colcon_core.verb:set package 'custom_interfaces' build argument 'cmake_target_skip_unavailable' from command line to 'False'
[0.424s] Level 5:colcon.colcon_core.verb:set package 'custom_interfaces' build argument 'cmake_clean_cache' from command line to 'False'
[0.424s] Level 5:colcon.colcon_core.verb:set package 'custom_interfaces' build argument 'cmake_clean_first' from command line to 'False'
[0.424s] Level 5:colcon.colcon_core.verb:set package 'custom_interfaces' build argument 'cmake_force_configure' from command line to 'False'
[0.424s] Level 5:colcon.colcon_core.verb:set package 'custom_interfaces' build argument 'ament_cmake_args' from command line to 'None'
[0.424s] Level 5:colcon.colcon_core.verb:set package 'custom_interfaces' build argument 'catkin_cmake_args' from command line to 'None'
[0.424s] Level 5:colcon.colcon_core.verb:set package 'custom_interfaces' build argument 'catkin_skip_building_tests' from command line to 'False'
[0.424s] DEBUG:colcon.colcon_core.verb:Building package 'custom_interfaces' with the following arguments: {'ament_cmake_args': None, 'build_base': '/home/parth/Desktop/ros2_ws/src/build/custom_interfaces', 'catkin_cmake_args': None, 'catkin_skip_building_tests': False, 'cmake_args': None, 'cmake_clean_cache': False, 'cmake_clean_first': False, 'cmake_force_configure': False, 'cmake_target': None, 'cmake_target_skip_unavailable': False, 'install_base': '/home/parth/Desktop/ros2_ws/src/install/custom_interfaces', 'merge_install': False, 'path': '/home/parth/Desktop/ros2_ws/src/custom_interfaces', 'symlink_install': False, 'test_result_base': None}
[0.425s] INFO:colcon.colcon_core.executor:Executing jobs using 'parallel' executor
[0.428s] DEBUG:colcon.colcon_parallel_executor.executor.parallel:run_until_complete
[0.429s] INFO:colcon.colcon_ros.task.ament_cmake.build:Building ROS package in '/home/parth/Desktop/ros2_ws/src/custom_interfaces' with build type 'ament_cmake'
[0.429s] INFO:colcon.colcon_cmake.task.cmake.build:Building CMake package in '/home/parth/Desktop/ros2_ws/src/custom_interfaces'
[0.434s] INFO:colcon.colcon_core.plugin_system:Skipping extension 'colcon_core.shell.bat': Not used on non-Windows systems
[0.435s] INFO:colcon.colcon_core.shell:Skip shell extension 'powershell' for command environment: Not usable outside of PowerShell
[0.435s] DEBUG:colcon.colcon_core.shell:Skip shell extension 'dsv' for command environment
[0.447s] DEBUG:colcon.colcon_core.event_handler.log_command:Invoking command in '/home/parth/Desktop/ros2_ws/src/build/custom_interfaces': CMAKE_PREFIX_PATH=${CMAKE_PREFIX_PATH}:/opt/ros/humble /usr/bin/cmake --build /home/parth/Desktop/ros2_ws/src/build/custom_interfaces -- -j16 -l16
[0.833s] DEBUG:colcon.colcon_core.event_handler.log_command:Invoked command in '/home/parth/Desktop/ros2_ws/src/build/custom_interfaces' returned '0': CMAKE_PREFIX_PATH=${CMAKE_PREFIX_PATH}:/opt/ros/humble /usr/bin/cmake --build /home/parth/Desktop/ros2_ws/src/build/custom_interfaces -- -j16 -l16
[0.893s] DEBUG:colcon.colcon_core.event_handler.log_command:Invoking command in '/home/parth/Desktop/ros2_ws/src/build/custom_interfaces': CMAKE_PREFIX_PATH=${CMAKE_PREFIX_PATH}:/opt/ros/humble /usr/bin/cmake --install /home/parth/Desktop/ros2_ws/src/build/custom_interfaces
[0.942s] Level 1:colcon.colcon_core.environment:create_environment_scripts_only(custom_interfaces)
[0.943s] DEBUG:colcon.colcon_core.event_handler.log_command:Invoked command in '/home/parth/Desktop/ros2_ws/src/build/custom_interfaces' returned '0': CMAKE_PREFIX_PATH=${CMAKE_PREFIX_PATH}:/opt/ros/humble /usr/bin/cmake --install /home/parth/Desktop/ros2_ws/src/build/custom_interfaces
[0.947s] Level 1:colcon.colcon_core.environment:checking '/home/parth/Desktop/ros2_ws/src/install/custom_interfaces' for CMake module files
[0.948s] Level 1:colcon.colcon_core.environment:checking '/home/parth/Desktop/ros2_ws/src/install/custom_interfaces' for CMake config files
[0.948s] Level 1:colcon.colcon_core.shell:create_environment_hook('custom_interfaces', 'cmake_prefix_path')
[0.949s] INFO:colcon.colcon_core.shell:Creating environment hook '/home/parth/Desktop/ros2_ws/src/install/custom_interfaces/share/custom_interfaces/hook/cmake_prefix_path.ps1'
[0.950s] INFO:colcon.colcon_core.shell:Creating environment descriptor '/home/parth/Desktop/ros2_ws/src/install/custom_interfaces/share/custom_interfaces/hook/cmake_prefix_path.dsv'
[0.950s] INFO:colcon.colcon_core.shell:Creating environment hook '/home/parth/Desktop/ros2_ws/src/install/custom_interfaces/share/custom_interfaces/hook/cmake_prefix_path.sh'
[0.951s] Level 1:colcon.colcon_core.environment:checking '/home/parth/Desktop/ros2_ws/src/install/custom_interfaces/lib'
[0.951s] Level 1:colcon.colcon_core.shell:create_environment_hook('custom_interfaces', 'ld_library_path_lib')
[0.953s] INFO:colcon.colcon_core.shell:Creating environment hook '/home/parth/Desktop/ros2_ws/src/install/custom_interfaces/share/custom_interfaces/hook/ld_library_path_lib.ps1'
[0.953s] INFO:colcon.colcon_core.shell:Creating environment descriptor '/home/parth/Desktop/ros2_ws/src/install/custom_interfaces/share/custom_interfaces/hook/ld_library_path_lib.dsv'
[0.953s] INFO:colcon.colcon_core.shell:Creating environment hook '/home/parth/Desktop/ros2_ws/src/install/custom_interfaces/share/custom_interfaces/hook/ld_library_path_lib.sh'
[0.954s] Level 1:colcon.colcon_core.environment:checking '/home/parth/Desktop/ros2_ws/src/install/custom_interfaces/bin'
[0.954s] Level 1:colcon.colcon_core.environment:checking '/home/parth/Desktop/ros2_ws/src/install/custom_interfaces/lib/pkgconfig/custom_interfaces.pc'
[0.954s] Level 1:colcon.colcon_core.environment:checking '/home/parth/Desktop/ros2_ws/src/install/custom_interfaces/lib/python3.10/site-packages'
[0.954s] Level 1:colcon.colcon_core.environment:checking '/home/parth/Desktop/ros2_ws/src/install/custom_interfaces/bin'
[0.956s] INFO:colcon.colcon_core.shell:Creating package script '/home/parth/Desktop/ros2_ws/src/install/custom_interfaces/share/custom_interfaces/package.ps1'
[0.958s] INFO:colcon.colcon_core.shell:Creating package descriptor '/home/parth/Desktop/ros2_ws/src/install/custom_interfaces/share/custom_interfaces/package.dsv'
[0.959s] INFO:colcon.colcon_core.shell:Creating package script '/home/parth/Desktop/ros2_ws/src/install/custom_interfaces/share/custom_interfaces/package.sh'
[0.960s] INFO:colcon.colcon_core.shell:Creating package script '/home/parth/Desktop/ros2_ws/src/install/custom_interfaces/share/custom_interfaces/package.bash'
[0.961s] INFO:colcon.colcon_core.shell:Creating package script '/home/parth/Desktop/ros2_ws/src/install/custom_interfaces/share/custom_interfaces/package.zsh'
[0.962s] Level 1:colcon.colcon_core.environment:create_file_with_runtime_dependencies(/home/parth/Desktop/ros2_ws/src/install/custom_interfaces/share/colcon-core/packages/custom_interfaces)
[1.018s] Level 1:colcon.colcon_core.environment:create_environment_scripts_only(custom_interfaces)
[1.020s] Level 1:colcon.colcon_core.environment:checking '/home/parth/Desktop/ros2_ws/src/install/custom_interfaces' for CMake module files
[1.020s] Level 1:colcon.colcon_core.environment:checking '/home/parth/Desktop/ros2_ws/src/install/custom_interfaces' for CMake config files
[1.021s] Level 1:colcon.colcon_core.shell:create_environment_hook('custom_interfaces', 'cmake_prefix_path')
[1.022s] INFO:colcon.colcon_core.shell:Creating environment hook '/home/parth/Desktop/ros2_ws/src/install/custom_interfaces/share/custom_interfaces/hook/cmake_prefix_path.ps1'
[1.252s] INFO:colcon.colcon_core.shell:Creating environment descriptor '/home/parth/Desktop/ros2_ws/src/install/custom_interfaces/share/custom_interfaces/hook/cmake_prefix_path.dsv'
[1.253s] INFO:colcon.colcon_core.shell:Creating environment hook '/home/parth/Desktop/ros2_ws/src/install/custom_interfaces/share/custom_interfaces/hook/cmake_prefix_path.sh'
[1.253s] Level 1:colcon.colcon_core.environment:checking '/home/parth/Desktop/ros2_ws/src/install/custom_interfaces/lib'
[1.254s] Level 1:colcon.colcon_core.shell:create_environment_hook('custom_interfaces', 'ld_library_path_lib')
[1.256s] INFO:colcon.colcon_core.shell:Creating environment hook '/home/parth/Desktop/ros2_ws/src/install/custom_interfaces/share/custom_interfaces/hook/ld_library_path_lib.ps1'
[1.257s] INFO:colcon.colcon_core.shell:Creating environment descriptor '/home/parth/Desktop/ros2_ws/src/install/custom_interfaces/share/custom_interfaces/hook/ld_library_path_lib.dsv'
[1.258s] INFO:colcon.colcon_core.shell:Creating environment hook '/home/parth/Desktop/ros2_ws/src/install/custom_interfaces/share/custom_interfaces/hook/ld_library_path_lib.sh'
[1.258s] Level 1:colcon.colcon_core.environment:checking '/home/parth/Desktop/ros2_ws/src/install/custom_interfaces/bin'
[1.258s] Level 1:colcon.colcon_core.environment:checking '/home/parth/Desktop/ros2_ws/src/install/custom_interfaces/lib/pkgconfig/custom_interfaces.pc'
[1.259s] Level 1:colcon.colcon_core.environment:checking '/home/parth/Desktop/ros2_ws/src/install/custom_interfaces/lib/python3.10/site-packages'
[1.259s] Level 1:colcon.colcon_core.environment:checking '/home/parth/Desktop/ros2_ws/src/install/custom_interfaces/bin'
[1.262s] INFO:colcon.colcon_core.shell:Creating package script '/home/parth/Desktop/ros2_ws/src/install/custom_interfaces/share/custom_interfaces/package.ps1'
[1.263s] INFO:colcon.colcon_core.shell:Creating package descriptor '/home/parth/Desktop/ros2_ws/src/install/custom_interfaces/share/custom_interfaces/package.dsv'
[1.264s] INFO:colcon.colcon_core.shell:Creating package script '/home/parth/Desktop/ros2_ws/src/install/custom_interfaces/share/custom_interfaces/package.sh'
[1.264s] INFO:colcon.colcon_core.shell:Creating package script '/home/parth/Desktop/ros2_ws/src/install/custom_interfaces/share/custom_interfaces/package.bash'
[1.265s] INFO:colcon.colcon_core.shell:Creating package script '/home/parth/Desktop/ros2_ws/src/install/custom_interfaces/share/custom_interfaces/package.zsh'
[1.266s] Level 1:colcon.colcon_core.environment:create_file_with_runtime_dependencies(/home/parth/Desktop/ros2_ws/src/install/custom_interfaces/share/colcon-core/packages/custom_interfaces)
[1.266s] DEBUG:colcon.colcon_parallel_executor.executor.parallel:closing loop
[1.267s] DEBUG:colcon.colcon_parallel_executor.executor.parallel:loop closed
[1.267s] DEBUG:colcon.colcon_parallel_executor.executor.parallel:run_until_complete finished with '0'
[1.267s] DEBUG:colcon.colcon_core.event_reactor:joining thread
[1.286s] INFO:colcon.colcon_core.plugin_system:Skipping extension 'colcon_notification.desktop_notification.terminal_notifier': Not used on non-Darwin systems
[1.286s] INFO:colcon.colcon_core.plugin_system:Skipping extension 'colcon_notification.desktop_notification.win32': Not used on non-Windows systems
[1.287s] INFO:colcon.colcon_notification.desktop_notification:Sending desktop notification using 'notify2'
[1.302s] DEBUG:colcon.colcon_core.event_reactor:joined thread
[1.304s] INFO:colcon.colcon_core.shell:Creating prefix script '/home/parth/Desktop/ros2_ws/src/install/local_setup.ps1'
[1.305s] INFO:colcon.colcon_core.shell:Creating prefix util module '/home/parth/Desktop/ros2_ws/src/install/_local_setup_util_ps1.py'
[1.307s] INFO:colcon.colcon_core.shell:Creating prefix chain script '/home/parth/Desktop/ros2_ws/src/install/setup.ps1'
[1.308s] INFO:colcon.colcon_core.shell:Creating prefix script '/home/parth/Desktop/ros2_ws/src/install/local_setup.sh'
[1.309s] INFO:colcon.colcon_core.shell:Creating prefix util module '/home/parth/Desktop/ros2_ws/src/install/_local_setup_util_sh.py'
[1.310s] INFO:colcon.colcon_core.shell:Creating prefix chain script '/home/parth/Desktop/ros2_ws/src/install/setup.sh'
[1.312s] INFO:colcon.colcon_core.shell:Creating prefix script '/home/parth/Desktop/ros2_ws/src/install/local_setup.bash'
[1.312s] INFO:colcon.colcon_core.shell:Creating prefix chain script '/home/parth/Desktop/ros2_ws/src/install/setup.bash'
[1.314s] INFO:colcon.colcon_core.shell:Creating prefix script '/home/parth/Desktop/ros2_ws/src/install/local_setup.zsh'
[1.315s] INFO:colcon.colcon_core.shell:Creating prefix chain script '/home/parth/Desktop/ros2_ws/src/install/setup.zsh'
